500
0 5715 7296 5099 3914 5752 8506 5245 394 7018 8681 3871 2335 2938 1026 4230 6891 5897 1888 1564 823 4307 7914 2640 8514 524 
1 79 4170 2052 2983 7788 5239 6332 5605 5228 9485 3963 8419 8660 3222 5207 1034 7093 3018 9945 9174 4566 7964 4796 
2 321 2128 6360 2327 8600 329 208 3653 6022 2298 945 6330 136 889 6840 8793 6680 4723 3685 8547 4148 6812 6491 
3 2240 6465 5887 2209 2904 7725 279 8552 3048 6615 1535 7216 1271 703 5367 4129 9194 2747 9723 5642 751 1788 2655 5069 4433 
4 2 9197 6178 3584 5038 2856 1248 9259 7604 7521 3946 7754 4178 2828 3479 2692 2647 7197 3415 6631 115 2683 5375 4741 
5 321 2182 8812 3232 9050 3567 6161 9751 7688 7185 5925 4684 5503 1619 8911 2580 7789 2660 6996 7904 6367 32 4629 4005 3134 6391 
6 2962 450 7355 8907 7948 7438 6082 5992 7653 601 4214 9063 8017 8220 9398 1978 6191 5581 2432 7663 802 8106 8278 9101 8924 5125 
7 2240 2643 5099 9731 6771 1572 1167 670 6931 2902 4692 697 1800 836 7807 7631 5356 8384 9761 3122 3580 8582 3775 8548 9256 3256 
8 2240 2904 5097 4341 7688 9633 4670 1354 7932 7647 1036 4720 6122 6001 8523 5796 8970 4175 7406 7452 8898 5009 9124 9428 9621 843 
9 2 8498 8484 4340 2100 1223 7606 9684 2029 1933 3814 3969 3276 174 2203 9431 3088 9015 2064 6652 9953 7993 5916 4110 9159 8630 726 410 683 
10 1668 1774 3004 5341 8908 5003 2444 3319 5166 2929 3821 2201 1535 4299 10 4294 4890 931 5264 6007 5744 5818 285 8460 1910 5288 7579 
11 8994 2422 9043 3827 8174 5777 3837 4402 1436 2275 4047 368 4929 8263 6785 8236 9303 167 8738 1830 1722 4433 
12 9968 447 9659 5359 1195 3453 3241 2958 3958 3005 6421 1757 299 4705 1850 6365 210 2553 9185 1007 5890 8494 9976 
13 5962 3521 8105 5397 2003 5520 5964 8856 6149 2923 8911 7431 2549 9359 7477 5735 3897 5334 7075 6736 6963 6605 8937 6787 
14 3894 2175 7333 2074 847 3835 6070 220 1227 7069 4997 3703 4924 3290 2489 5888 8294 7590 9370 2137 3253 3381 2706 2169 
15 3894 5326 3104 88 9014 1246 3937 1923 9436 8233 1860 513 8516 5192 4423 6496 6145 8736 3417 2532 7858 100 7064 4835 4409 1611 
16 1668 1454 3371 6285 6676 2752 7210 9260 6188 2607 6421 4232 9478 6743 9538 5861 9073 1315 4988 6636 4289 2262 7237 2119 55 
17 79 7759 6687 2264 8043 6731 6296 3801 2100 9548 3044 895 4720 4433 1924 1470 6973 8668 7677 904 4943 6363 2004 3807 727 
18 9007 9404 4400 1125 3363 6748 3935 3723 930 8894 6734 190 9216 4614 4432 7860 7117 7574 3173 3596 5978 1344 210 8408 8987 5097 7410 
19 6613 6967 2005 9032 5141 2856 4591 7912 2735 9159 354 1538 4455 3745 652 2939 5095 964 5068 4993 7155 1617 6724 744 1167 8908 
20 9968 2615 6161 8922 4317 949 1728 5589 6447 730 7933 4586 4346 2707 9681 4733 5023 8828 7746 8843 8573 9874 3002 3635 4766 5526 5921 
21 6613 7219 8883 1150 369 7474 3496 2512 9829 9667 8970 5621 9789 1780 2568 7096 2318 3937 9442 6346 9183 6103 6871 2797 6664 
22 6938 3004 7012 4619 9623 9898 7570 7615 1839 4077 5818 2917 218 9042 4766 5351 8793 5313 8814 8999 9333 54 1491 
23 935 7001 8227 7429 7361 3533 5400 8507 2740 1328 5815 7142 5933 252 3901 8729 4294 9175 9464 451 8417 4310 5345 5098 887 9254 4069 6308 971 
24 427 4199 6161 7481 6790 7454 9608 3672 8028 4939 7780 6802 9607 8205 5872 7955 488 6916 2578 5086 7563 3003 5023 9843 1794 0 
25 5715 238 2790 8883 7013 2001 2485 5292 610 7240 4517 2617 9255 1408 6758 2047 1769 5386 1498 6683 2744 7672 3437 3989 7341 9945 
26 7652 8462 6067 238 9908 3789 5104 246 8729 2569 5413 4457 2339 1364 8460 211 8912 8129 5659 7593 8705 5679 2690 8332 4536 5597 598 
27 3012 7992 6528 6115 9169 8005 3403 8998 1569 5907 4203 8133 1628 8338 8969 1540 5228 8029 4177 8927 3097 3722 997 
28 7949 9669 9230 9733 8068 4517 5387 6765 7116 8844 606 3043 9071 842 6727 6388 4389 3691 5834 5369 7795 4778 7488 3123 2639 
29 935 9461 6060 7902 6698 5054 3684 8269 4783 9025 4974 7657 5738 2476 2855 5467 3661 8529 5793 4143 6367 7896 6302 7495 8604 
30 427 925 5898 3240 753 6030 857 668 5384 3704 4156 3897 616 1296 7851 6184 3066 5623 374 1045 1805 1367 2039 4625 9986 945 3303 
31 7652 6404 4923 4784 7733 6544 310 9803 4951 3174 518 2003 8218 9681 8243 7004 2933 69 3642 4938 5823 9432 738 3409 
32 7153 2962 5386 2192 4760 8030 7845 3463 950 4628 6669 6 7851 1356 5973 2322 3601 1287 4026 8084 7527 4261 6710 4300 8333 7751 
33 79 7902 4786 2650 6324 1761 9376 6891 5434 7788 7233 4780 5875 6937 9971 5893 4893 4733 6257 4051 4467 494 6123 6833 7516 3408 
34 2555 4624 9465 5072 4870 7314 7178 759 513 8142 654 2741 6048 3236 7260 1377 6981 2744 9096 244 7686 684 9560 6495 6861 774 2465 
35 2555 6020 3720 6836 4068 8566 5477 8441 6861 2837 7146 9159 2319 4607 4481 8834 4802 5190 733 5807 9539 7622 6939 6362 3784 
36 935 838 3146 454 5780 9829 5821 738 130 3352 3117 8712 9615 2001 683 3963 9789 7429 9734 6103 5234 1754 2981 5028 8892 1533 8838 2480 
37 7153 7736 4234 8307 5871 1175 6750 3745 663 4636 9523 9271 3199 9618 734 8690 1325 8296 6910 2732 2763 7617 896 4584 
38 9244 9842 6538 5193 6073 332 1137 3784 7290 1839 9758 5509 8319 8651 7177 2179 5009 6507 8701 5651 6061 8568 8871 9960 3341 
39 3074 9299 5677 88 6447 8776 9478 7333 4343 1085 2344 3610 1429 2401 8532 8019 8715 1627 6211 8738 9739 4456 8530 8360 6613 2322 
40 3936 3758 2662 5014 5163 7191 742 2028 9206 3454 5802 5373 1809 787 3690 966 8982 881 7209 5360 5171 8564 988 9924 7851 
41 7762 1524 8512 6672 6458 1554 9979 4055 3362 1987 9487 4709 7007 9430 3880 1048 1218 6884 4905 6896 9511 3988 4179 6122 
42 2288 2892 541 4151 9040 247 2064 1734 7039 9988 4224 3727 639 6800 2137 5839 2844 9886 2907 2173 6391 6795 728 6170 7425 
43 7762 6082 5063 108 951 7434 6698 3047 9548 5768 3864 2543 4210 9392 4801 6918 3807 4087 235 7083 3353 2313 5873 7018 9238 
44 6938 4909 3089 8248 6737 3379 7085 476 4168 7267 8135 6250 7893 2339 8304 4346 4399 4407 5384 4604 973 6964 1893 3398 4319 3496 9019 
45 9533 4824 4071 5095 4941 8580 4367 4356 2856 8176 3259 5277 8726 2403 8124 8090 1512 8928 1348 5269 4170 6332 1747 6767 7694 7498 5096 3193 956 4661 388 
46 8125 374 5645 4967 718 3234 475 7811 6416 8700 5950 9887 8973 8837 4933 7172 9970 9449 1564 4537 5413 7418 8307 6521 9182 
47 3074 5446 6482 4091 5005 6502 8135 8282 5910 5418 8329 8008 5393 874 6476 212 1026 3463 4266 122 2929 1305 2558 8410 8360 7202 
48 2288 2264 8259 3022 9144 9132 6292 8124 560 3817 9273 7670 6190 182 8670 1000 8759 5034 268 3083 6025 9160 7511 
49 5412 6054 951 7968 6487 221 7057 5253 1167 1962 2736 4442 6144 2794 2570 9982 3669 9753 6695 104 2449 3155 1623 249 1914 3134 786 8887 
50 9007 5445 8345 761 7933 6739 1242 1981 2016 4359 402 4628 5088 5178 4572 6413 7391 7170 8882 5929 4100 206 112 1543 8468 
51 935 9374 9354 5572 3491 354 6218 5546 8698 5479 2266 9745 14 5511 8071 6728 4272 150 4662 1397 3490 3380 3113 
52 7762 4958 5752 8233 3507 8507 2583 4252 3195 6523 4057 3268 1873 7978 6768 9804 7977 9668 2926 8795 8481 6952 1314 1686 3950 9579 
53 2 2422 5899 2158 6699 7438 5636 475 3234 4842 6677 3895 3562 5688 1272 2404 1457 9816 2105 6026 4729 4174 2212 837 2884 399 9703 574 
54 7652 8406 4027 4399 1950 9800 6074 8176 7087 731 6669 6587 3165 5505 5560 9176 5068 7263 9495 4999 5529 1826 8053 
55 2986 8830 4558 5783 2668 2263 1242 232 2970 3576 9152 3819 7604 5085 722 5454 1806 5162 6975 2047 2746 3551 7669 1866 
56 2288 5848 84 7852 1058 2349 133 9947 1702 5211 5385 3092 6999 6627 5430 5734 1903 3585 2865 7550 1090 5417 2795 7798 1931 
57 5412 979 3144 7234 647 3509 9822 5702 6413 7521 7834 3101 7720 6875 2698 8967 7331 521 792 1394 6401 2421 7205 8231 8851 271 207 
58 3074 2480 7267 4129 7474 9025 9395 7752 4037 3121 517 873 7728 2855 6173 1381 2599 9624 1425 728 3764 3601 2783 
59 2555 7 5966 7790 8932 6063 6671 7291 7038 4095 2376 2146 2117 7393 2325 3231 3910 8265 7596 788 4667 3083 1579 8104 6454 
60 7153 6296 7234 443 454 300 4591 7180 3172 3174 4612 7435 2165 2191 3568 8365 1522 1492 8349 4386 4596 6570 6498 9444 
61 9533 2643 5219 952 4437 8858 7423 5437 9261 6214 8270 3956 9887 3188 5042 9676 5161 1785 7693 2785 8252 2540 6622 
62 979 6534 4457 7899 3020 910 2192 2589 8912 3683 132 3495 2160 592 4643 3060 6774 4276 6113 7860 8015 9442 137 9266 6070 
63 9968 5156 7795 6347 2346 7553 1293 8087 9521 4798 9005 465 1855 9241 9825 3697 7310 4162 8741 6010 2578 9200 8234 866 
64 3936 3521 6270 2475 6922 4011 3942 4188 991 6390 4123 4537 5082 9327 6295 5339 8889 5206 9356 1481 5157 4108 5215 1787 
65 3982 8644 3395 6550 843 1728 6592 2147 4815 709 4844 18 5459 6825 336 157 1907 8605 7465 2030 152 5041 3573 4783 
66 7699 4909 4824 9349 7198 511 1329 5471 3520 9377 1176 4898 3007 3603 8751 8810 5164 9130 5103 9952 6130 9664 2893 5120 7216 7116 
67 3012 4341 7439 4909 9205 5860 7842 5857 2598 6387 4823 7336 3219 6530 5389 3506 3710 5085 8052 2551 3678 1851 5470 7333 
68 9533 9374 1358 3106 3081 9795 4695 6060 6423 3679 1276 3425 4369 6983 3648 8228 4264 2142 6203 8421 7353 7939 3007 8881 
69 5715 843 2670 5341 7355 9425 5609 7088 9409 1705 3843 2879 9798 1721 1141 3433 4002 114 970 5115 2531 8372 2692 1780 
70 8994 5775 6216 8756 4780 3408 7698 5389 8220 9261 8632 816 77 5690 6472 2604 6750 3129 5572 4807 1363 8054 4991 9212 8419 
71 4199 7285 9219 1110 925 712 1495 7842 7213 3049 8927 8919 2871 138 7086 7199 7093 4468 6627 5749 5856 8065 6902 6321 3159 2060 
72 7438 9483 5359 867 6011 6842 622 960 6102 9652 9593 6303 3154 4741 7829 2150 1049 6147 466 6774 4047 1234 5530 2526 8325 7423 
73 3982 8193 6306 3079 7820 9598 1141 6409 9248 7459 6140 8508 3015 3020 3434 2728 2674 5875 4449 1186 4805 6219 4732 4313 7369 6149 
74 5762 625 3961 3950 3937 1157 4337 2865 7998 6838 2293 7568 3705 8154 7977 3374 7739 1341 9876 6598 2205 2657 8342 8257 
75 8387 7791 374 921 8418 6298 3681 1248 1833 6416 8122 9523 2204 110 8471 4065 1789 6311 3151 1695 24 71 5250 
76 8406 5458 4958 1831 3950 176 8693 2100 8442 8188 8036 3672 7668 2452 8476 9031 6641 7681 2893 2055 5449 9397 1422 1932 8428 6550 
77 1774 5451 6486 8696 7050 3089 9576 3363 1749 3718 1464 1292 4985 3220 182 7980 6195 4084 9451 2055 1702 8456 5909 8174 1499 5110 4864 5269 
78 8125 9461 511 4060 1454 6705 6588 7744 6024 4216 1607 9917 8074 5839 5232 2760 4210 3707 7227 2970 7310 9192 6519 6879 9284 7856 6650 690 
79 79 1289 2304 9008 675 2613 7733 1281 9871 9114 9094 8688 3590 5855 1824 5302 6473 2432 6539 1072 3362 1918 9202 3042 5331 1206 2927 
80 2643 1710 5295 3528 9476 6153 3932 770 3453 756 9637 7116 9025 813 6844 3871 9528 3470 985 9359 8144 3213 4242 2896 7309 8814 
81 6547 1289 673 6554 5899 2867 4230 8131 9933 3969 3987 2404 9405 705 4063 2223 6515 1501 5687 5623 166 2440 8443 5482 712 
82 6101 2340 135 8728 7213 4504 7040 3553 1345 4442 8900 1307 7372 9940 7365 5241 7500 1821 1010 4565 958 5941 1841 
83 4855 7001 2058 949 8931 759 1555 7938 6532 6604 4249 9964 3098 1556 7024 713 8103 1208 7971 7299 6425 9065 
84 6938 6611 5821 7077 9993 842 2741 5523 8947 5026 6808 1367 137 730 9491 7560 5743 4218 2701 6583 1992 1969 
85 6547 1763 4561 6285 7787 4071 7895 30 5457 8579 7033 4241 6512 9080 145 1835 4213 4053 1406 6358 5402 3092 5554 255 1903 6486 
86 2121 7782 5885 5097 6269 3012 6301 7087 9281 1877 151 3319 744 9538 526 2275 9800 362 9788 989 7313 7903 6966 2895 
87 5762 7759 7147 3125 8022 227 3505 5674 2805 5816 372 933 6485 889 4625 5241 9357 5552 5833 2228 4672 6291 4923 
88 7883 8105 5304 4093 477 8106 1216 8918 1081 9655 9582 5793 1997 3497 2144 3036 1041 7831 7073 5108 817 7601 4009 9043 
89 4901 6270 4423 9169 8831 4234 7013 550 4580 4372 467 1745 8239 1784 1797 6240 1080 2628 5557 3105 7066 3186 7331 9238 
90 5880 5643 552 7439 2569 2979 3612 4691 2810 5901 7568 3275 9295 9034 3309 6844 9798 6729 3884 5751 3270 1195 2097 499 5089 4457 7956 
91 3877 4531 221 2175 6889 4418 7459 7984 8049 1557 3015 2871 737 4612 6928 9010 956 5735 5317 4517 1119 1605 3277 9992 8348 
92 1299 843 9461 1934 9464 8157 4007 6744 6130 787 4333 4171 6490 3383 950 1019 1183 7115 5678 8439 8515 516 1977 281 8116 
93 8134 9265 5458 6391 9004 1580 7606 8507 9172 3889 1209 5980 2239 8888 3241 5368 3609 2617 4797 5696 1233 948 2947 8365 4132 2863 
94 5748 8062 7630 518 9436 2895 9273 2595 3080 3745 8776 6261 7802 1786 5438 71 6129 2384 2438 8948 5385 9844 5070 7126 
95 2986 2013 1784 1552 8053 1025 3883 8352 7790 9323 1721 4916 9498 3991 8989 1964 9831 4995 3705 6640 9252 6018 4271 446 8272 
96 7413 753 4647 6712 1981 5155 3547 1336 2613 463 6554 3486 8995 9921 716 1129 4160 3281 7431 5528 6925 2998 7227 8733 
97 9842 1871 5826 524 444 8150 2123 6374 210 8156 4236 281 4699 9826 6594 9659 4544 6237 8805 773 532 5186 5980 
98 7699 569 2480 867 1246 6810 9485 7101 4705 3047 2661 716 253 1306 6126 8765 6240 5296 5879 7921 5687 3087 
99 7413 1784 2480 6360 6369 7068 3841 6762 8702 2634 5240 8021 9414 1380 7173 9657 9056 9906 4089 6393 4821 8690 5459 
100 1299 1042 8512 477 9806 2608 5546 1081 2010 9348 6230 3344 6092 4737 3802 5166 1315 5098 9549 766 7624 3309 6228 
101 6327 5322 5053 638 5277 56 1396 9172 4068 1581 8726 7290 3579 6034 9558 8533 101 8554 5589 6083 7482 8797 5242 6117 9645 
102 3877 1238 6447 1831 1852 5668 8614 872 8723 8911 3312 3557 2254 8569 1444 3578 546 4763 2833 7940 630 5504 
103 9848 6014 6621 6671 7234 4402 6424 6810 1798 8710 501 6666 1528 2234 34 9936 8824 8843 2193 5565 8689 186 7063 
104 7883 476 2583 6903 4021 4354 6815 4037 3147 7302 4710 3670 332 345 5440 8217 6600 9047 3149 1697 9403 3949 610 511 
105 9545 9573 7413 135 9579 7068 2192 6336 6139 4280 5280 8017 1396 4954 4975 1414 770 5461 3084 7050 1959 9462 6801 6895 4285 3397 1868 9649 
106 2340 3584 6608 7861 8498 7606 6588 6771 4888 8925 3814 5391 5400 2591 9208 9921 8309 5688 1282 666 2718 9954 1707 1622 1366 2260 
107 7120 2533 9777 6949 643 6592 7553 5794 3275 8573 355 9026 3535 3506 9869 2036 2890 7160 3371 7141 2361 3009 7177 
108 4855 6611 9940 866 9604 1345 1354 2633 5982 1425 9268 3498 2721 1204 303 2565 3386 6490 1476 9881 4577 8548 5055 1572 951 
109 5880 8495 2346 7481 90 7688 9837 7485 6311 8894 2323 8800 1942 6045 3349 9969 1500 8252 1232 5985 4033 3348 8238 8361 
110 7240 1348 9347 5288 454 4494 9836 6762 6768 9775 9807 7405 9632 8102 1044 5186 1185 65 9217 5984 7943 5283 3434 3936 6188 
111 5869 8193 541 9480 774 4679 6898 3820 6729 8044 501 2771 1040 2731 9060 4641 5293 565 2590 3046 5350 9701 6675 
112 9244 300 3119 2412 438 4752 8935 2465 5185 1876 3553 8949 8859 2160 3210 6990 8477 6888 519 5418 2286 3644 8284 5566 
113 745 4728 8439 3757 2533 6492 9496 3007 1642 6188 7178 4212 8105 9522 571 7789 1064 1363 8659 5054 2802 169 5355 3418 5042 
114 259 9178 2260 7367 5112 9290 7684 6555 2794 9515 4401 7454 1848 8242 4224 4245 6051 9581 2745 4500 3270 6077 9148 1884 
115 6258 7296 7806 3665 3731 8017 726 9898 2897 6225 7136 2483 456 8352 1874 7291 2757 9111 9877 8586 8162 5756 9264 5689 7448 82 
116 6054 4170 5784 4060 1638 1869 5895 9735 5211 4070 3447 5316 6853 5825 441 8998 1373 4257 932 3530 1126 3599 2310 3184 1405 
117 9075 9043 1149 1339 6913 5318 7706 4337 930 7259 3727 4879 5896 8014 5333 6062 1697 3833 2894 1769 4336 1319 9734 9164 3777 3783 
118 5507 8069 4463 2607 6829 2732 5583 670 8168 1330 8179 5271 4793 5536 815 3776 2580 6456 5387 7241 8320 3054 
119 3758 1353 1091 1305 2676 9496 5933 3679 9409 1498 6680 8598 1123 9163 3687 101 602 6241 5630 9950 1162 89 4354 
120 8491 5099 9023 2979 4214 1009 1940 1719 9666 9594 5477 5912 4198 8790 1209 5428 7597 2878 1952 3818 778 3153 
121 6827 4664 2768 7742 3053 8392 2866 5214 9540 9697 5534 872 8852 2764 4614 6133 9593 7720 3965 7041 7192 6010 4892 
122 4314 2943 6945 5193 802 2513 8605 1752 1737 7131 6283 3515 1593 286 4575 9583 7336 4840 6567 5242 2946 8242 970 6670 6073 
123 4035 4967 4988 468 4107 2791 5523 4068 1931 1295 2299 3173 9971 5005 6924 5268 1829 2127 805 9186 4429 7125 8518 
124 745 6014 4367 6071 876 425 9137 2256 4928 2014 9750 9010 1505 925 553 6381 4677 5182 7034 3120 6674 4741 1160 2233 1465 8752 
125 7652 369 5784 3752 9347 7987 2900 9238 6438 8092 7496 7665 1056 8337 4010 6479 9878 3699 1212 5505 5615 3522 2169 1859 
126 4199 5862 1611 9120 6460 2662 4450 2265 2526 110 2554 3210 1884 9292 4223 9668 3119 6962 8968 882 8803 6289 7207 4178 1554 
127 7296 9731 177 7481 4941 8566 7151 1157 7888 3186 5335 9544 2954 654 3157 2209 7858 2031 5 137 5150 6966 7159 7537 244 8267 6672 8167 
128 3830 5099 8439 6528 4079 675 784 9435 5605 2578 3882 6880 2305 22 5775 3016 2315 3176 4220 5330 5636 5374 2376 1398 3326 2113 
129 2121 1934 9565 325 8146 6938 2002 220 9309 3088 2070 1402 7316 3789 6952 5040 3824 8991 2638 3269 1061 725 4269 
130 8005 2013 4558 1647 7053 4093 8183 8142 5980 1762 3102 6860 5462 2499 1580 6516 4211 6941 2468 2093 4192 8247 5103 1917 4294 9162 
131 1534 8470 9731 8910 2136 246 2146 3128 6953 4695 4912 1227 8031 1465 6560 3853 202 6405 9247 4095 3122 1153 9823 9604 6461 512 3047 
132 5748 9244 8140 557 376 6650 8027 6321 4546 8451 5005 4937 3539 6214 6696 9883 56 5703 1985 1782 7639 1877 9474 5930 6507 8375 
133 4352 2264 477 3236 3146 6084 3305 4212 3164 6053 4462 9141 993 4997 9840 9063 260 7632 7344 5180 4808 5787 6798 
134 7732 3158 5437 3232 5580 4069 4442 3528 4313 752 8994 9091 8985 3153 1174 5840 3254 1807 4966 7930 684 6494 5071 9811 7000 4084 
135 2962 205 7280 6630 4624 718 5385 8414 5948 413 285 5201 863 9336 9583 8748 9740 1139 3291 8056 359 7272 3386 5587 9764 5329 
136 8491 6170 9600 550 1904 5607 6853 670 2203 2343 6311 1223 6198 8684 3263 915 6250 987 8234 6364 7650 8595 1957 7971 
137 1299 1557 6281 267 8881 1657 9192 5609 7350 5126 1332 9820 8114 1905 2194 2446 3393 7173 5119 3956 1586 5436 4219 
138 4326 5248 155 7077 7216 6955 898 1140 3976 9313 517 5060 117 2476 3581 1746 4837 7436 8646 1174 7715 380 367 
139 3836 2439 5964 6226 7361 8649 7039 6144 4159 4444 7023 1260 379 5355 2358 8268 6809 6116 1191 1071 29 2235 8049 9380 
140 1774 4107 7474 7579 863 6374 8883 2038 3326 2474 2877 678 5913 7351 3831 1470 812 2783 7362 3538 514 1044 6843 8012 8487 
141 6327 9931 1476 6687 9551 9645 1686 691 4414 9957 3278 3355 4382 5770 9821 4281 7284 6686 5471 7478 2624 4368 6765 4626 1858 
142 5880 3964 8332 7379 7167 1085 860 6960 5534 4470 4364 330 7075 3696 3156 8357 446 4707 927 5370 163 
143 8134 2264 2615 7950 4230 9467 7610 8078 865 5178 834 1329 3314 7698 4984 7975 5912 616 8632 7707 8054 1401 211 3087 9271 8362 37 3840 6611 
144 5340 2128 6982 6785 5553 7822 4359 9735 6978 133 6251 3657 7868 2697 8803 4040 3265 689 2066 8162 9338 9493 9517 7889 7101 
145 5869 4180 9955 5895 9260 7243 5726 3783 1273 5867 5896 1710 2413 487 2474 2278 3991 5569 8685 7564 6248 7093 8487 4184 2951 4851 2142 356 
146 569 105 6458 6482 3537 2652 6610 7369 3875 4431 8589 2972 8798 4739 6653 190 4147 9383 5855 3304 1120 3997 7560 2236 8532 4280 
147 4020 5507 5752 6797 177 2603 1770 9293 2475 1912 7260 6986 4222 4645 2639 8706 3925 5161 6724 1360 3204 6266 3355 2968 4574 
148 1668 780 1117 3261 4928 9467 3331 5607 2601 6748 2437 8528 9211 1566 2746 3762 1183 4697 4989 3284 875 9098 8183 83 5233 6287 1234 4071 420 8722 
149 1774 9023 6280 496 6028 9083 9605 4203 2681 3806 276 1220 6701 1916 3428 9021 4597 6741 3469 7880 2453 6205 4359 
150 5962 3023 5097 3728 1391 4526 2150 4913 4834 2608 8221 5785 3863 5390 4045 4327 1588 2071 721 1264 4063 1400 8505 2173 3042 5849 7517 
151 4326 8293 3376 8396 6061 4639 1305 8300 3697 9815 6851 4669 2894 3612 5552 7599 9149 388 8310 4919 4596 23 2274 2384 3488 
152 9545 3981 5445 1670 8145 1479 5884 7036 4616 1935 400 6623 8392 3048 545 9869 8252 6370 8699 2767 7235 7222 9146 4958 8068 3104 9191 
153 9129 1496 523 7787 5645 560 110 1505 1439 8067 5793 324 6551 7350 1356 9903 1690 3832 5752 1536 9245 3148 6213 2873 
154 6692 6608 3869 8445 8880 8363 7200 9238 639 6963 8508 8335 7706 9589 8084 1039 8753 2774 9904 9990 560 3244 8549 9036 1195 4883 1869 7163 
155 7709 732 8920 3842 8832 2274 5997 4528 6099 9026 5172 7975 1295 9671 8170 1521 2712 9371 822 6789 5859 3755 4459 783 
156 3830 1496 2847 1552 397 6390 5857 1153 1389 7185 673 7364 2633 4983 7675 9602 1775 4556 8346 9239 3250 7126 3662 7026 
157 3836 5053 5504 9129 8386 3073 2125 5295 6727 5433 6670 8986 2177 7508 3909 2938 2454 2893 916 5244 8144 6647 927 9720 
158 321 9199 6187 5677 1117 4912 843 4501 9273 133 1579 6696 5406 4333 4803 5584 3642 4944 7831 2761 297 7161 65 2645 665 2867 
159 9848 7669 5339 8121 5019 5122 6829 912 863 9742 5826 1106 9722 4057 5716 8119 1037 8518 7006 5664 9355 9423 8171 
160 8387 1956 6095 6347 3567 6509 139 6961 5085 1077 4308 9635 861 3020 6941 9364 118 7808 6148 1103 2750 8997 7552 1169 
161 1979 6141 2413 188 8428 6216 1050 6786 5797 7048 8574 4110 8748 4258 793 3474 7564 4141 366 9115 3623 4237 9839 8040 
162 7949 2666 4045 4828 4069 5710 3225 551 279 6320 1402 8891 2449 6897 8585 1675 2884 739 5208 833 3165 700 9712 
163 7880 5902 5887 246 955 6415 372 3555 1661 1277 7634 9829 4803 5670 5800 6603 7489 6166 5444 1627 7451 4419 
164 9842 9573 5821 5572 3160 1560 1628 9162 5659 111 7485 1940 4799 7238 7489 214 3847 5287 9370 704 7886 5095 2589 
165 5412 8470 1091 340 5772 3229 5866 2057 4106 5501 9080 8456 7432 9173 5334 1624 214 6018 6793 1577 9524 9052 7053 
166 1105 3964 4752 8893 4302 6261 5519 200 792 640 1613 7056 9918 6705 5067 9367 5430 4898 7363 1130 639 8312 2827 8448 1360 5207 
167 7120 2128 921 8609 1139 4804 3172 7513 2533 3032 8854 4300 4054 5730 3465 6476 5258 6479 5670 6741 4253 6238 6034 8425 7082 2932 
168 7429 8462 3395 8484 7077 1081 7542 3114 307 336 6921 4468 5494 5604 5062 8809 8257 499 4820 8676 8849 2661 3028 7514 108 
169 1984 2858 7012 6675 1898 2554 8109 1538 4971 4973 729 4569 8055 7356 7353 4766 9794 2391 8440 3411 5596 873 
170 3023 6067 574 4843 7147 3383 7419 3989 9703 8455 4284 6812 6123 7057 7448 6743 9302 2377 777 4213 9845 2545 2099 9764 
171 2155 3944 8896 8344 1665 1036 1043 5655 3453 3664 2002 6175 8377 9970 3634 1154 9135 605 5827 7006 2907 1634 2998 5129 
172 6030 1343 4222 8104 1430 4567 1479 3612 4156 2730 2266 7677 3345 7082 1264 7302 3779 6302 3358 3857 5581 5544 5397 
173 8431 3077 876 8185 108 6044 4783 8593 1515 6625 4945 952 4610 946 3345 551 6155 441 347 2445 2428 2799 6614 3942 2834 2797 
174 5219 7806 5090 4893 6187 7864 3703 858 9109 755 6495 3538 4871 3802 603 6975 2062 1317 4606 4024 4777 6598 9873 6602 
175 6327 7179 7629 1739 7782 828 4385 9709 4884 9205 2538 58 467 9192 2954 2879 8881 7728 9911 6748 7422 5444 5689 6991 9460 234 7582 8887 6075 663 
176 3783 1117 3432 4870 9219 7280 6909 3190 4245 8455 6695 349 8400 6417 6747 425 9581 2882 4929 5106 7261 5223 4084 4206 7361 
177 6538 2685 7053 443 1164 6063 6326 872 9540 2598 2101 4844 883 9569 3391 7653 7796 835 9087 580 8766 4888 8624 7092 
178 412 1601 2349 8150 2932 5801 1860 8106 9174 7936 3699 6381 4977 5525 5767 3804 5417 6869 5904 1034 2273 2529 3976 1876 3495 
179 2155 8235 1601 8343 9669 376 3706 5702 1358 8294 8223 8570 1831 120 3726 1522 7389 7108 4589 1608 3635 6272 6558 8807 8841 
180 4664 2414 7519 2537 4507 8217 3958 4709 7320 1332 2265 2318 7037 1442 8442 5045 3547 2018 9735 9745 7616 8667 7567 5435 3249 1950 
181 6021 395 3363 865 6677 3726 9453 6798 1352 3882 4784 9296 3541 6960 6954 9795 862 5388 3451 8981 8302 6160 465 2325 8146 
182 6030 7968 6744 3343 6739 3203 8990 4002 3797 4755 804 6365 8885 2764 1305 9097 4534 1966 5108 7548 1985 142 6511 3243 
183 979 9990 1252 395 1871 4749 5639 3841 9885 2407 286 9581 4896 4562 3176 758 4866 7004 765 6380 4581 8815 5268 9518 
184 4326 8069 457 8887 7740 3241 227 6867 8562 551 6295 8331 6961 1335 9152 3597 6565 5308 5836 5027 8097 8964 1960 4091 7252 
185 9075 6141 9003 7026 8863 5740 1665 3308 1734 7034 2343 1969 5804 8026 9721 253 5514 1093 7179 343 3786 5208 2873 7790 9349 
186 8130 4786 5063 4345 6359 6676 6445 4636 1365 7960 8195 3515 7556 9932 5908 1311 2424 3948 8534 9438 9698 1387 762 
187 7709 9138 4664 6360 9211 6875 3751 9713 9086 6324 1593 9961 4888 6743 2269 1987 4610 8708 3549 874 555 6088 4010 9806 5721 7981 4397 
188 4909 4660 1066 7586 475 9703 8344 6201 7536 3629 559 2499 8198 3986 8840 3208 1122 4431 5415 2248 1032 3944 6962 
189 7296 4340 9107 7266 2192 7756 896 6070 9829 5700 3545 6376 7541 674 8129 7409 2788 9912 2179 9130 6892 4413 4481 5481 9040 
190 7736 4526 3728 9758 1498 2002 7056 5443 9218 1449 8612 8622 2411 7253 1570 3989 8301 1813 2144 6406 5101 3956 9835 3652 
191 3830 4129 6216 523 991 5198 8345 8268 709 4252 4805 5409 4193 8358 2326 9786 8320 6188 271 4882 8658 1988 3916 1354 9400 1345 
192 8005 1571 4526 640 3926 552 5163 8634 3432 3811 1658 1212 2737 4486 8816 343 145 1446 4487 6105 2246 2627 1428 9675 8556 
193 7438 2685 3113 8958 7123 4423 2139 3491 2847 5045 8425 6808 5362 72 3802 8061 7643 6440 1065 6003 2149 3107 3322 9605 
194 3543 1216 1058 8528 4760 9191 4282 1833 4310 793 3456 7549 1834 9264 8888 5538 7841 6338 9543 3689 7692 2387 4881 
195 3376 8396 7087 3964 2774 7105 4093 6778 4699 3839 9865 7193 3669 5771 5389 771 1869 5301 6893 3330 7545 128 6389 5766 9315 3671 6771 
196 5340 6014 8794 9518 7742 4527 8726 9003 1583 9871 1058 7373 3149 6915 9921 7356 9977 7633 4823 8295 5384 4480 3366 6373 4093 2171 
197 1625 6889 2422 5239 8423 9132 3238 3704 2774 5389 6484 5922 2911 8019 3540 5795 6865 7329 662 5192 2915 2429 4284 9215 
198 2327 5917 8848 9709 7486 6554 6351 2598 3602 5188 2454 6423 3870 3153 1761 4015 3799 8004 5418 567 1503 6818 7164 9640 3914 2171 
199 1343 1121 2175 5401 2100 3320 7138 9646 3537 6409 7509 3308 9689 4491 9395 6937 5355 8579 5368 8203 8236 3275 3410 7605 5145 
200 2986 6920 1731 3914 2058 1562 6029 5138 3666 2223 3061 7069 5164 6130 5912 4567 9989 5873 5449 1646 9674 7065 8637 3100 2263 
201 6258 4151 4787 1391 6970 2176 7706 7598 2696 8931 8978 1330 7796 7059 6099 268 502 2926 2191 7504 861 3474 671 1473 
202 3543 8920 6187 3061 7167 1948 1260 2538 8753 3547 9433 6525 9580 642 9400 6083 4202 5865 2168 6661 507 992 9227 857 
203 5064 2407 8431 5767 8687 2136 6465 5849 4433 1265 9187 1118 8056 3742 2863 4505 8296 3152 2019 3299 5169 8159 8782 
204 1534 5643 3905 200 7751 2651 5896 1150 5660 6701 3561 9255 5998 5746 4571 3099 4921 1858 7753 9616 8743 9862 6817 7769 7611 2071 8934 
205 3103 7845 8092 6292 726 1150 145 1535 6883 5474 2799 4845 590 6865 212 4403 4112 2017 203 6759 944 2109 7874 5742 
206 7997 2322 7044 3932 9822 1780 7289 8136 9521 4727 9582 463 9997 3831 3706 136 9173 6050 8220 5153 720 540 9587 
207 3521 3006 9933 3064 2486 8756 5294 2161 4925 5502 4684 2753 9735 6001 9716 6732 3035 1631 8294 724 8747 1652 1301 
208 5437 7709 847 3377 7698 8333 2537 5979 783 2698 7036 2965 2342 1900 9942 8355 1855 6401 474 9628 5906 9254 3024 3003 9893 
209 7120 8832 9688 8344 1401 9259 7044 6046 3963 9347 8980 4102 4402 9252 4933 9182 8526 633 9056 3109 5558 8996 6038 
210 6534 6044 7285 1900 8776 3125 5448 2383 9510 3307 755 5408 3637 272 7525 1241 6992 8870 3414 4053 8598 4159 776 4213 1788 2860 8174 
211 8491 6161 2537 4890 8856 8503 3575 7347 8522 8131 6941 7821 6521 4055 1124 6618 4521 5088 6924 1262 6756 6519 5553 7018 
212 6584 7193 937 90 5401 3408 8058 6815 5143 2668 4036 4397 141 4253 1130 1574 1661 6019 6883 6543 7467 4990 1020 5280 1441 
213 3163 2773 3720 8423 56 4959 7123 7392 1195 6544 9398 9740 4320 4962 9780 8716 2490 6893 7719 3545 8789 4746 2770 7903 8445 
214 7732 8830 9607 7029 1670 2979 6537 912 1542 1641 8377 1004 5639 3190 4680 4857 4558 1306 2635 3397 343 8465 6843 2988 8759 9838 2282 6188 
215 447 719 8269 3961 4948 6762 1641 1195 1935 5817 110 6795 2543 8842 8614 278 5816 1368 9440 7983 8483 8078 9406 3036 
216 352 6404 8580 8982 8008 5509 2232 7630 1348 5777 485 7426 8204 3416 9711 8834 2218 4324 6150 6523 1353 497 1705 7256 287 6057 
217 8644 1571 1042 5141 8431 1505 8195 8685 7457 1581 3704 3222 1491 564 5843 4905 4239 9884 6212 4903 8914 1447 2892 3004 9374 4129 
218 9930 9013 5251 7771 917 1736 2745 1917 234 3226 9045 700 5098 4051 2999 4707 2909 701 3399 2141 7393 4450 
219 2340 7575 9677 1611 8601 6615 7694 2846 2292 5141 8927 6834 4241 5728 4819 7038 3984 3810 408 4074 824 6923 9211 
220 7413 9129 7456 3111 9979 9230 8812 1153 9354 2600 8628 8958 2123 3364 6651 8245 7117 4697 8862 8610 1330 978 9021 6565 4459 6449 3403 
221 9453 8618 7193 8539 1981 8167 9697 4548 6767 5660 7072 5875 123 5704 9041 3535 4579 8061 6468 1215 9168 3547 2966 5758 
222 352 7759 2595 2028 4045 5899 1449 1711 2095 9940 3362 1156 4439 3476 8966 301 3297 284 9678 2889 2497 495 8508 
223 4199 8716 650 9465 9600 8531 6802 8220 8386 5060 4342 1939 3330 9312 1086 9428 4622 1222 3267 3049 309 1395 1679 1565 1449 1962 9032 
224 5307 5386 1287 7922 4104 977 6075 3230 8268 2982 3631 6412 7481 8928 7621 2398 1080 5556 9612 9969 5465 7032 837 9036 7569 
225 4176 6778 9669 5339 7786 9027 2668 6362 9407 1095 1051 4785 7572 2302 4745 4743 7170 5904 6539 6065 6661 3529 3967 
226 4985 2858 2679 5163 5483 6292 9518 6622 1569 9332 2403 5117 8461 14 3425 8155 2539 8666 8529 1645 5956 9539 
227 9224 9852 1934 6528 4941 4385 7485 7683 9892 4493 1924 1059 3708 2543 7318 2187 4173 8198 5564 3762 658 5113 9015 398 
228 5848 7669 3073 1164 4348 3937 7013 5474 1367 7442 8677 2113 4209 78 6865 5905 1271 3610 9357 5020 2387 2266 1260 
229 7429 200 6549 7641 4558 2412 1570 13 7664 5365 9943 2036 485 9094 1247 5286 2424 9751 3140 3641 7591 7836 9781 1133 2662 
230 1984 8487 4134 726 3468 7396 6855 6254 4602 1204 8279 1624 4429 8719 9549 9844 4475 4132 7684 713 362 2495 5408 
231 9270 5122 6737 3750 3561 4692 3051 6469 2972 944 4698 765 4544 2431 9433 4651 9359 1587 8864 6923 291 3814 3491 554 
232 3894 3077 3533 7481 2458 860 6734 8770 9621 6398 9050 8337 2423 564 1749 7155 3872 850 9368 140 5267 9763 8515 4972 
233 9139 1375 6014 5175 5654 6903 6817 6511 6305 9337 5798 4431 9563 3386 4574 933 7243 8275 5074 2833 7136 4857 3370 893 6984 
234 3783 9444 1145 3835 3827 4348 7979 6189 9720 4150 7055 6692 7057 9253 9317 2057 5217 4762 404 2889 9819 2431 5347 2199 6695 
235 9199 6170 2611 4626 2735 6672 3752 2349 7670 7364 1040 4086 9268 4970 8870 900 5408 5631 6119 8858 4574 8196 8029 6735 9613 
236 1134 3753 6920 4269 5981 2810 9137 1939 164 5668 6673 9957 5724 8964 7939 176 8074 3086 7754 2237 566 1142 7288 8522 8185 
237 8293 1647 2345 7992 2857 9933 5979 4780 8723 9493 7392 3364 225 1757 7095 6359 8077 1422 7781 2757 7550 1423 4837 7770 4110 
238 8431 5788 9349 782 1555 7078 2212 9957 7634 9528 5145 1049 4610 2423 4689 5110 6176 2141 2682 8744 2881 
239 3144 8343 5401 5149 1050 5129 8060 1265 3965 9004 5294 7459 1917 8287 159 6840 1865 7500 5522 1361 6848 3243 1963 2066 
240 148 2699 6331 8958 5768 1323 455 3072 8087 742 7598 5478 722 8652 243 9187 6627 2956 9655 9923 7090 5714 
241 8134 9086 8284 949 3673 6149 9955 7101 7048 1341 9787 7607 9292 646 7395 8662 7203 2729 9878 511 1665 9646 5040 1472 4327 8139 7435 
242 8711 5899 3243 2475 5726 2783 4367 365 7351 4066 5396 1439 2559 2578 5002 8965 6174 2225 1992 308 1954 6961 5483 
243 4985 3106 707 3093 3049 9478 796 4520 6062 6148 9233 1581 5224 4546 3792 908 9275 8286 8572 6898 3033 6742 326 
244 8994 7088 647 3251 1799 9654 1387 551 7099 7708 6437 9912 7251 4404 5794 6787 1955 3652 250 5004 6795 428 8758 
245 8431 776 8423 3240 3243 6454 6423 3077 4823 1850 9692 8486 7536 8340 3837 178 1452 7499 1415 8258 7951 3260 9798 9712 5863 5224 332 
246 412 2790 155 5898 2060 5502 4356 4081 946 7239 6662 3684 2730 8938 9109 5358 5961 9816 4444 6940 2939 9388 2008 1132 9091 
247 9930 8183 300 1607 6771 9892 399 4658 3374 8686 3552 2994 6418 8878 239 8712 5492 9907 3025 8587 2965 4482 1993 8141 606 3507 
248 3602 6306 2600 3781 676 247 8874 989 1562 1192 3634 8535 2607 9943 1253 6105 3821 4297 8331 9578 7841 5490 850 1741 
249 6134 2175 2768 2019 2577 3935 1085 5112 2001 6752 6354 7008 4959 8754 3813 3215 7615 2562 2366 456 63 3242 3525 4210 3135 4252 7254 
250 4377 205 7987 1822 7367 5492 7026 7912 9775 1366 9055 871 255 1393 7960 9172 9803 6290 5264 5539 4490 6388 3741 3207 1071 
251 6635 3541 9008 5810 3343 9290 6863 4378 2692 3909 8524 5813 6129 7000 5861 4649 4730 9179 3267 4441 5272 6677 
252 7575 183 8841 7899 2074 2383 5996 583 8859 9233 2275 5566 5732 3967 752 3147 6417 8148 8933 5601 2982 9337 4234 919 7364 7142 
253 9301 6545 3827 9453 8713 4203 4878 3454 1219 2190 7434 1666 9202 5434 956 8061 3334 7449 1428 8724 6377 4666 774 6758 
254 7429 8069 2589 7755 8146 4056 425 3 9901 2416 207 1961 7984 172 2097 5321 6124 8346 891 1095 2220 9451 
255 6672 1476 2902 8343 4350 2028 2617 6343 8493 3013 5526 7678 8465 264 8331 744 9791 1985 5746 2483 4300 7134 9279 8411 613 
256 6327 4539 3703 2346 9709 6770 5333 3916 8782 8922 6326 945 9885 8111 2885 8231 8803 4397 2365 7447 5951 5533 2427 8556 
257 8711 5072 6492 7486 9027 58 952 7072 7169 7952 965 5925 7708 9592 2872 8891 1469 1084 1315 1231 5237 2135 829 2943 
258 4340 838 2491 3792 6137 4401 949 3226 8029 9256 1133 2466 2120 5343 8163 6907 6850 441 644 4835 9271 6485 7673 6946 7234 
259 3830 1256 2345 660 7749 6532 5942 3049 1248 987 455 4468 8572 4238 1067 9416 1164 4513 2118 3918 2226 7486 6112 4528 
260 3586 2773 9713 7206 208 7454 6643 9463 7064 1464 3603 9167 8373 8748 8842 5061 6295 9986 1852 5582 2712 3879 5521 7304 1931 7950 
261 3936 352 6029 1375 4104 3207 8055 2752 6453 2966 8770 1953 6581 5052 3689 10 1301 5301 9838 7819 8851 791 8044 8995 3643 
262 745 2052 5451 6802 6652 1916 9048 6324 3603 126 81 1124 5358 7974 9764 234 8876 6810 8569 431 8314 1698 5867 8939 782 5090 
263 9834 6537 7367 3905 2958 1465 796 8342 8686 6623 5069 3702 2764 7881 5260 3470 2134 1944 4951 3913 7489 1366 8350 4907 
264 5458 208 6855 828 9281 523 5150 5247 8361 2305 699 4066 5649 1596 7617 6139 6730 406 9494 3812 8405 8850 
265 5848 9265 9138 4004 4378 2817 828 8918 2634 7777 9911 5189 5593 1255 3134 1678 51 5780 8701 7854 8147 4903 4450 
266 4035 4180 7820 5492 7023 3229 6437 5365 9697 9377 4306 8452 264 6773 9633 2782 9190 9507 5155 2807 3127 4832 4099 
267 8671 4765 8307 1025 9970 3894 6621 2792 1050 3981 9846 2633 7154 3238 2302 6925 5744 3710 6963 1067 5597 2050 9177 1879 8030 
268 5307 3914 712 4402 9623 8925 6797 7737 1780 4036 2877 1301 8095 3352 5440 4379 2925 8709 490 533 1407 8027 2426 
269 2327 6196 4884 254 2898 6962 7771 7570 437 6412 8535 178 767 4327 3533 7747 8282 8538 1724 7590 6088 1808 8860 
270 3032 9669 3757 5029 6652 3932 7929 3101 3312 9443 8807 4047 3747 4946 5800 2286 2554 7487 5920 6819 2418 9153 7071 8870 5349 
271 3371 8663 719 7710 1405 7200 6301 9632 2676 9991 8973 1436 4717 1377 8473 5693 5928 3360 6598 9369 4915 504 1845 6069 3666 6631 
272 4314 2685 4728 7456 6687 6046 6549 2183 3513 5026 9677 5531 6186 9324 7775 4358 5300 7703 9241 4744 3266 5779 7682 3363 7191 
273 1238 311 76 7569 7820 2444 5742 6786 1686 9805 1387 1932 2822 4583 3214 9370 3375 3858 5773 5317 7639 7383 2239 2876 
274 183 7751 518 5583 5500 9586 9014 6280 1292 792 5525 6195 8586 6415 7622 8371 3798 4633 4507 134 44 7365 2456 542 1034 5307 6323 9933 
275 9903 7710 7756 8844 3675 8176 5771 7811 9065 1696 1912 5942 25 4548 7336 7040 548 1344 9802 2292 4530 8416 3904 
276 8716 3316 2569 1256 425 4661 4660 8756 9704 1997 4264 829 9593 5884 8429 9770 1809 9515 8555 4693 1148 6300 7397 8309 3190 
277 5869 9443 2673 8922 9637 2342 985 5111 141 3125 9904 5465 5309 5329 9089 575 456 1847 4705 2433 1964 5517 3886 2392 4788 5188 843 105 
278 3376 5111 3380 8934 5966 4719 9815 6320 2396 102 4365 1731 112 3441 4946 8591 3157 2136 1489 7632 9750 7854 6580 3855 4567 
279 6778 7204 6376 2150 2171 7037 2307 131 7549 8658 9755 1667 5103 6189 9188 393 928 2333 9286 1805 9273 5801 
280 5219 6545 4317 8775 1737 5794 1686 2781 1963 2817 1495 5433 8236 5048 244 1781 6436 67 3805 6973 5126 9344 
281 8722 5248 4108 4988 1348 2910 9031 9330 1310 8748 5348 3007 4214 120 3312 4757 3530 4191 9511 4078 3202 8336 4336 5654 
282 4176 7206 7049 5993 8081 9764 2810 1452 3998 6662 8855 1901 5721 2516 7679 3880 5893 5074 5247 6512 9340 4453 2733 
283 9615 8227 30 3630 6001 8651 6374 8453 1097 7820 7036 7987 3220 7888 5651 1781 7477 9312 3889 7807 9186 5310 3149 1060 3262 3408 
284 6584 8528 3513 6428 4011 2030 2577 9522 6853 8287 3072 5258 22 4667 9732 6977 6849 2202 5407 4484 1465 7110 5200 5451 
285 199 6020 5038 5504 2735 9723 2203 9993 7210 6197 2653 279 9742 9085 9425 3147 3225 8519 1826 969 3754 4906 6633 5200 8838 5413 
286 6021 2898 9654 3079 3195 5175 3393 9604 8405 6438 239 5239 8743 6491 8308 6935 3428 7278 4418 4583 8464 9300 887 4953 
287 3584 9040 4801 3354 2085 4974 8593 4060 2737 2546 6617 182 8780 4133 4393 4636 929 2215 5673 9818 3745 1546 4015 
288 3885 3043 4350 8531 7204 5547 9666 9719 1528 3149 1395 7009 55 4100 5615 3876 8967 9345 4564 714 6462 
289 4020 2704 6281 4855 8893 8210 8506 753 6226 1741 7410 9463 2652 7855 2423 4238 4873 4104 8706 4945 6398 9353 2355 1445 3384 2365 4033 5212 
290 9301 583 3586 3304 90 8049 8880 7960 3707 8358 2424 7739 5228 8673 9604 2271 5109 5512 8300 8954 7143 8597 5253 7773 4431 5966 
291 1979 7992 2857 3823 934 8512 2156 3331 7856 3811 478 9499 9804 9838 9746 7740 7659 667 884 5035 915 7894 9791 8908 
292 8722 9467 5014 8332 1174 176 1705 3798 2857 3314 4972 2764 7673 686 6603 2549 8259 5870 353 1680 6221 7921 2807 8157 4541 
293 148 6470 4886 5270 8930 2938 3863 7038 3790 676 6567 8959 2308 7815 2809 8784 7397 3623 6575 111 3123 3049 4884 9260 
294 8043 4787 3865 3723 9443 8015 5656 6460 9216 666 76 9723 3797 9418 9030 5872 1208 8543 1340 2936 2749 9576 7457 
295 6467 7852 4886 84 2414 6063 7216 7233 6321 3064 5894 2116 5695 131 5303 5131 3629 5954 5035 4334 6192 748 5096 
296 6044 8832 4948 1986 3285 5193 2818 9837 5112 8692 8499 1241 8270 8719 5679 6549 2787 8571 7577 2201 1867 591 713 9195 7183 
297 4311 6899 4362 955 3795 188 6453 4497 6445 6718 4727 2256 1477 553 4836 5065 1798 7859 676 8732 9506 8694 7407 9116 
298 3012 1121 3158 640 2978 6681 1770 1531 1227 1077 82 5286 8179 5288 4916 1436 270 3718 9984 1650 3532 8103 3297 671 8465 
299 3111 311 1079 5548 9757 6075 6060 1680 6810 9398 4401 3661 8361 883 1110 5266 9584 3818 1247 3375 7792 8433 3499 646 
300 4765 4286 7545 1260 2927 2876 385 2698 1846 8090 4602 6639 9384 5948 330 8968 9039 7624 9379 2033 462 3956 5471 
301 6258 4400 3751 7586 6980 6772 9930 6630 4070 2972 9607 6767 4021 1132 6919 8139 435 2736 6196 175 9606 4182 8425 7740 7121 8981 7044 8169 
302 6049 1750 367 1956 7379 3837 6750 4847 8628 8973 7500 2407 6143 2321 39 4880 6541 5658 8549 8699 8014 2285 6329 6836 2150 
303 9842 1145 7252 367 254 4356 686 7476 9089 5693 8949 7410 554 1381 8827 4389 2621 5443 8788 6694 8611 9841 4959 
304 2288 3427 2005 8174 6196 2951 3664 6029 8579 8780 8209 1439 7956 1164 6163 7813 4127 8580 8085 2648 7665 8853 3977 1086 3045 
305 205 7919 4343 6625 4091 218 3262 718 7325 9789 6184 5408 820 1623 2795 2576 826 2863 5911 9396 45 
306 8812 2533 1328 7786 6509 2870 7099 9048 1583 5719 6260 3497 1319 3278 2946 1540 5083 2554 3072 8976 3308 4894 9512 
307 9270 2155 8145 2139 250 8649 1680 3961 1479 3081 4232 2278 130 5922 9746 8900 914 489 358 9886 7090 1858 6998 6502 8049 102 1782 8286 2627 
308 979 139 7179 2760 3331 4679 2176 2458 8157 6970 4774 7987 5555 5704 1465 9362 7369 4178 7826 8672 7275 6212 5127 8230 1812 1290 
309 1429 7713 2019 9931 1542 3135 8533 8185 8306 9666 5557 6057 4606 4271 2982 5934 6408 9861 3188 5796 3160 6753 2177 1826 1586 2028 
310 3316 5448 4129 3703 1139 4907 3714 6403 1031 5230 2168 8336 1315 502 9449 1272 1263 4532 9379 893 7377 1934 
311 1117 1328 9615 4345 8418 9621 695 1859 6262 2542 7769 7442 7597 8888 5785 7078 2529 8467 6648 1930 8207 5969 8375 
312 7575 6270 9014 6250 3047 9480 7321 3510 2446 3025 6262 6226 2293 9874 767 8980 603 7027 6722 9101 9684 4949 225 2403 4561 
313 1105 6428 7085 3750 1538 8487 7896 8078 8583 1150 7618 4873 9254 2008 7045 731 175 7998 6500 7737 8813 1953 8549 406 5866 5826 
314 925 5902 8375 2404 2412 2392 3656 6869 7920 878 7293 206 9164 6860 8439 287 2532 1911 5915 5276 5375 5594 
315 6672 1710 5194 3926 4843 4314 7568 7142 6842 8081 7165 8122 3157 2597 3156 3381 8589 432 3145 5481 2837 535 3508 1971 5467 
316 7055 3261 5997 6351 6467 7048 6699 1929 5212 7952 8109 7426 7233 5335 3677 3588 1413 2373 5456 1892 4320 1694 29 
317 9197 3509 5386 1252 7950 3203 2873 6254 7452 7885 3022 9646 9938 4714 9295 7753 8041 3044 7773 1864 3990 7244 1613 
318 2892 8618 6772 3251 397 3207 952 6244 8601 5992 5477 1878 6427 8939 8854 7276 5180 3109 4836 8840 2111 1685 2550 4726 9091 
319 1125 761 5821 1611 6829 4970 7038 9029 2729 6083 5834 7504 8480 1412 6393 2206 2186 9411 4871 8277 851 
320 6635 1546 5304 1140 8251 7895 8169 3575 5548 3666 3700 2335 6257 6478 9368 6772 2353 835 4677 4244 3725 4757 9622 
321 4728 84 782 4717 9555 7199 7513 6980 1282 1020 4880 1380 2326 6408 7484 3606 9303 9563 2237 4755 1263 7187 5206 6625 
322 2666 6153 3304 9979 8121 469 7289 8533 2806 4108 8600 6477 7541 8862 6174 6616 675 485 5232 5151 7183 9676 310 4564 8515 3275 7432 6554 
323 6584 1750 761 6454 2113 5964 8816 5301 7321 4365 4866 5696 5468 5352 9325 4416 7769 9478 4047 8181 63 2189 4197 4212 850 5359 
324 3012 9075 3285 5885 5898 2897 5019 5846 2433 3164 6744 5251 6459 1941 4025 69 5154 6062 482 6667 6112 7399 1743 9071 
325 7713 2518 250 7213 2771 1101 9414 4007 1130 4106 1471 6570 4776 5780 9994 5704 4710 3066 6619 7691 7605 8620 2183 
326 450 7204 1904 7180 4561 7641 4108 61 1948 2690 871 9936 5080 7781 3494 1941 9470 6445 2244 1484 6759 152 8196 8142 1572 
327 8043 4362 4180 8008 5849 5234 5407 8040 7165 7447 3255 1615 2915 6539 1147 5833 6993 3365 9582 8266 4678 
328 447 3377 5921 5656 8189 5838 6880 8109 3540 9843 3110 794 1562 2244 917 9276 1966 2194 1738 7626 2103 6716 8786 5721 
329 2904 7105 3061 6269 1923 9637 7029 4420 3386 6683 798 8815 9543 3141 8319 5615 9793 9327 7969 19 7374 1607 
330 5677 5175 6895 9178 1504 4494 7304 8313 8092 2895 606 8089 5795 2010 7657 4260 9412 1306 7967 3489 566 4668 2323 5031 9493 
331 6054 780 6281 4134 7599 9555 307 5979 6551 8234 4596 8658 2842 8592 1156 8831 9335 2496 5417 5567 1829 8899 4648 5253 8987 4660 1026 
332 1134 5860 3073 1510 9632 4780 3981 5889 8014 151 7183 1205 1574 3740 4354 2062 1455 8928 6189 5558 9330 1865 4517 4462 6264 5445 
333 259 876 2538 8600 3870 207 4804 4324 1789 9364 1471 2302 8539 1197 7221 2116 3178 9428 2994 6218 2168 7728 1878 5311 5490 8794 
334 2643 5446 5448 9036 9337 2184 4060 7162 2496 4966 8733 4439 3080 4464 6693 7154 4579 4409 9691 9306 3993 9446 6833 
335 6021 2630 8599 7333 7629 4957 8908 1912 5503 2342 7848 3842 3268 5638 1441 7501 2540 9285 1481 953 6222 7621 2601 703 5785 3128 
336 1534 650 7254 4367 7486 2146 4628 4691 8306 9315 6859 8810 7613 122 4126 3657 1381 2211 9044 7538 4590 
337 1625 6360 7088 925 1123 5254 1850 663 5636 9313 4924 8594 4123 9716 8296 4065 6512 3593 2803 7463 2978 8159 528 3550 
338 5445 8121 523 1799 2198 9800 6817 2239 3434 7425 7710 6798 7163 1610 1794 3233 6369 5383 4173 9943 6991 6543 9149 1817 2104 9825 3795 9083 
339 6467 991 3119 1206 7085 8345 5698 5132 8493 2543 3935 7063 2988 5206 529 1250 6484 6859 296 9534 8594 3941 9794 9281 
340 9453 2983 3507 1638 8900 5150 478 5193 2604 6070 4633 600 3766 5647 5989 215 4774 8160 7616 323 6484 8461 9380 6492 
341 5248 3377 6675 2486 2696 7904 8054 8829 8151 1297 1098 2463 8200 2649 4926 7991 4342 6501 8795 7293 
342 1383 5783 5212 2739 2321 930 8581 8552 6499 714 6526 2407 385 6702 687 7137 2690 3680 4172 7342 3422 8652 567 7929 2752 
343 6101 3379 7630 7252 1761 3781 1791 9283 3670 2797 3853 1931 4984 4216 8350 8267 613 7767 1 5140 8786 602 2752 
344 4765 6889 7474 813 993 5400 5270 6262 4541 9609 9116 1297 6186 5497 3230 4242 9896 823 9372 830 4965 7023 6219 8609 
345 7736 3513 457 6464 5457 3801 7683 9341 1835 6650 1327 2294 7480 5402 6952 6918 7702 3388 5007 9901 286 
346 7880 3541 6134 9374 545 9283 8930 1175 1613 7092 2951 8754 1550 8936 8336 3656 7079 3669 4671 6344 6586 8676 6655 7146 
347 7285 4801 6550 2858 7349 4907 3545 5138 4698 9689 6717 3331 5052 4081 9144 9005 1370 3884 757 9476 9141 6715 8945 7008 7790 881 1079 
348 6134 8209 7806 1942 5349 896 2074 6352 5437 8899 3195 648 8531 1697 6320 4963 411 5695 5259 7228 2244 4277 1722 5934 
349 2327 4027 7519 4168 6332 9989 5104 5855 2000 8027 871 5379 1638 7409 738 1852 252 1473 3013 5108 8708 4506 2529 7857 508 3101 
350 1383 9107 6306 2929 5662 8982 6731 8524 1740 4077 7259 5896 1411 2211 1123 4677 2707 3687 8260 4358 3178 8529 7018 9284 8743 
351 7883 3379 5860 116 8183 3432 6949 4260 3254 5429 6696 22 7041 4777 3963 7472 9177 1940 9749 2803 123 2883 789 1741 5164 
352 7880 3758 5862 5767 8907 2114 971 2030 8686 2611 9805 6198 3567 9323 5592 1341 8936 5351 2260 2464 170 4707 7577 9030 9231 4494 3141 2589 1601 
353 4341 3050 3885 6385 7289 2910 7314 7054 3159 2750 6086 2895 2741 6061 3742 8856 5383 1489 7187 2222 2343 1402 8981 2301 9332 
354 1763 1524 7049 7 6946 3504 5239 9311 4260 5416 8722 5520 3681 8556 5278 6839 5323 714 2341 5956 2583 4150 6918 6631 100 6915 8400 8125 220 
355 6404 6986 7806 7026 901 3172 372 4822 5433 6844 9208 168 4529 7489 4811 2202 6400 1832 1772 2586 6489 1972 476 
356 7517 9160 2518 5006 5030 3303 3022 1950 2088 1504 6222 7643 9826 8290 5708 9065 9124 6113 7243 7919 5671 822 5389 9319 3341 260 
357 4527 3905 9836 4056 9451 691 1259 1566 7123 3841 989 863 760 5078 1218 2945 2185 128 6356 648 530 8098 
358 183 9008 4501 6178 3006 6053 9836 9995 7202 5896 3269 898 5913 2887 7389 4240 1052 3694 3035 8879 3309 6313 6945 
359 4901 4786 1383 8896 8893 3102 7146 756 650 6354 8136 1793 5054 6274 8095 5713 1943 2787 6983 6685 2361 441 5426 5901 1137 
360 420 3753 2732 7210 6833 269 9085 7570 8290 7400 1457 3021 5438 8214 5695 7586 2319 8239 665 4983 7137 4145 1841 4569 6343 
361 6537 552 652 3750 496 1858 1112 227 3186 310 5989 609 8031 3524 574 7239 8388 8197 6448 7989 3225 1521 3410 6417 
362 838 9301 4463 8257 5604 7180 4658 7405 6406 1619 2206 4343 4537 4702 729 6979 5031 8403 3252 4557 658 8859 742 
363 7852 6967 3304 75 1396 1963 1841 4627 6487 3520 5746 6914 8113 3755 716 8366 6449 8762 9603 7154 251 660 3249 
364 6692 450 5788 5339 7050 1736 7602 1711 3493 7254 6071 883 8787 7473 3066 8655 613 8461 7758 7479 7524 8205 7561 1051 
365 1238 221 2209 8696 6734 813 2927 575 3336 5755 8708 4148 2198 1445 8484 3638 4989 3001 2313 3199 6773 3269 5372 8465 6049 2192 
366 5677 2349 7193 7320 1083 5656 9551 5494 8634 5323 8352 687 7513 355 8874 4372 1310 4712 5194 2906 9208 1644 9069 6715 7360 4362 9137 3395 9749 951 5768 
367 6827 2630 9713 4606 3835 5234 6216 7888 2072 8340 3319 9293 130 2462 8978 6849 4670 9500 8111 7447 3362 7979 3165 6676 8148 1954 9501 
368 3316 8907 6765 557 7733 5645 7318 1031 2990 7786 9047 2112 7162 9721 1429 9096 7097 6991 8002 4031 5152 6530 6622 1043 
369 8125 1125 7267 5758 5030 2239 4308 3539 6762 6997 2320 7720 3552 33 5827 2195 2987 7324 2687 8897 6403 
370 8284 719 5003 8848 5547 5088 9704 960 8060 2544 1044 7138 283 4378 3167 9765 7203 5798 7755 3609 3604 4701 2290 6369 
371 1343 2322 9219 2867 1642 9376 2109 3748 5063 1845 1075 3456 6460 819 9770 3820 34 5978 6 5541 8661 5167 4636 9688 1574 7615 8580 
372 8293 4107 9510 5462 8418 5996 5802 272 8582 1997 9357 7143 4264 6364 8170 6389 3352 6615 7526 4779 6223 3661 1413 
373 8812 2611 7105 6487 901 1091 7434 690 5995 9414 7261 4641 3178 4054 8338 7951 4243 4478 5839 2265 8299 993 6092 
374 259 4362 4531 7240 5156 2485 2491 1510 687 7037 3352 3889 7549 9592 2143 6429 6244 1369 7092 2976 1355 9866 2079 9918 7151 
375 4624 8104 8248 188 7968 3104 8223 3093 5866 252 6881 820 126 3256 758 6847 9314 9223 2283 2188 6616 389 1179 2633 6115 3720 
376 8193 2422 1986 3251 545 952 2513 9807 3675 7221 2107 3715 1177 8528 668 7860 5623 7563 4816 6011 170 5329 7672 9393 5698 6643 
377 1238 4527 2003 9806 4957 1625 8218 9364 3708 733 2298 5151 6767 5728 5218 438 1156 8056 2798 3479 6766 6341 4735 4798 
378 8387 3032 574 1260 6236 3961 247 7007 2165 9181 1478 4586 4241 616 2107 6924 9481 1159 4100 7777 880 4908 5503 5026 8145 
379 6778 2426 5838 4647 8267 2003 6770 6391 9055 5232 8990 9476 410 7463 3109 8612 431 3986 1937 3763 9611 1679 9541 4691 8925 
380 7864 8671 4004 7133 663 6770 6305 9380 5773 3005 5762 966 5583 8478 4629 798 322 4307 3458 4443 7123 1426 4220 7542 1779 
381 3144 8841 3249 8445 3052 1579 7920 9965 2792 4878 8571 5593 7694 4831 5666 9707 3606 3508 2229 486 3328 2000 5072 9425 7806 9908 
382 238 3106 9688 8987 583 7419 8124 901 1336 9586 5307 4102 9712 5567 6619 5923 3856 9198 2416 3110 390 8852 6303 2668 9972 
383 9265 46 9955 5543 2650 802 75 5155 8780 6790 9918 9780 6871 836 7048 7765 2559 9706 8402 9212 6283 4077 5041 5124 1569 3607 
384 9013 2158 5483 5639 7948 2857 8986 8532 8938 6469 9995 8702 2924 6608 1585 8388 3122 8663 4875 9993 1959 9340 5685 5292 4917 2792 
385 979 1670 7162 5457 4616 4507 5704 7135 1920 4739 257 6914 1697 851 1937 4309 3008 9627 4934 5172 4690 784 2001 
386 7864 7456 8728 6550 683 6499 1364 5143 8784 6201 3481 2389 2616 28 3799 4361 9253 9385 4790 3526 3427 9113 9395 
387 5064 1042 3513 2183 1800 5925 1366 8089 5198 1971 4106 7141 8373 3505 8583 674 6151 1916 3806 3245 3566 2722 4421 6503 
388 6986 4962 135 652 4886 660 7078 7304 8566 3909 7151 5871 1533 1079 4285 6214 9499 4478 3429 8139 7846 2088 4192 3620 8532 1086 
389 6482 8920 1942 1546 1071 9965 164 8787 6387 272 1220 4635 2811 5163 7961 4540 6035 319 3082 2522 448 
390 2340 1149 7933 4108 2064 6413 4824 4236 6604 4159 5294 6434 4514 8710 5461 535 3114 9992 1770 5891 6642 9438 4687 
391 2666 9852 1216 3752 5710 7072 7696 4418 2189 7525 8217 8499 9565 8451 4686 227 1711 2811 233 4511 8390 9348 7814 7335 6230 4514 
392 420 7 4959 5772 2114 5038 7938 3163 8713 5467 9619 9609 5278 4505 5111 5342 9712 9982 1849 1905 4188 5953 633 6032 7833 3156 
393 8910 1657 4928 730 8414 6377 4787 1918 1430 8775 4647 5566 1491 2744 9135 1019 5632 6330 7373 7572 9661 1111 7553 417 6956 
394 8130 9075 3784 7744 3958 8934 5433 3493 5189 678 267 2017 9164 3510 8690 8816 4651 2673 9989 3950 8107 950 2925 8969 9839 3872 4102 4619 
395 6049 450 6044 4619 3326 7198 1542 5095 7631 1150 8172 2060 8698 1953 2066 6464 2401 3431 685 3718 7205 5838 9262 4842 4375 9167 6143 3961 6528 
396 8910 5003 4965 1962 1552 5993 8978 1937 2699 7454 8290 7030 6367 2923 1608 4249 7715 9623 2902 152 3621 6421 6786 20 2709 912 
397 6986 5029 9114 5033 1889 4913 8030 3244 4429 7447 6370 2077 7955 9090 3550 7998 2324 7849 1463 8298 8887 
398 5437 3163 8685 1066 3304 5548 5909 9576 4680 1293 8912 2147 5033 4497 2782 7476 8578 2417 6738 1451 1219 5790 7407 3151 6853 6285 5580 8728 
399 2013 2875 199 9991 1091 7664 7007 2232 9521 3493 1920 9815 3895 5434 597 7769 7323 9468 6805 1721 5596 1144 648 9635 
400 7240 8209 6875 5846 1137 7602 7537 3326 8090 3566 3154 1267 1933 140 6851 2640 8852 943 626 7716 8568 8709 7167 
401 2437 6369 860 7088 538 5429 2475 9831 1762 3679 3231 4080 6104 7207 2713 5421 4274 685 5258 2277 9175 3675 5030 
402 1058 7732 2409 9404 647 8539 8145 456 1932 9325 5737 6473 6015 3700 1145 6594 7862 1508 6636 8905 5050 5260 3018 1615 6105 3229 8313 
403 1752 8140 9758 5964 5132 8269 5090 5797 7180 9741 1181 3582 2275 3313 4411 9483 868 1314 1311 2029 900 9330 5637 2080 1101 
404 745 399 3207 6251 9050 9822 1780 5871 5171 1685 478 2433 9608 7425 4192 1644 6701 4281 7716 9046 7530 3318 8042 8570 
405 732 6095 5043 8078 7126 6790 8609 9137 9114 8060 9816 1796 880 8279 9841 6154 3675 4281 6711 2102 4070 7663 1411 9505 
406 9301 2058 6060 4011 4528 3102 8696 232 4797 4043 9431 3576 2612 4742 9710 6662 8672 8119 7108 5580 5693 2420 4089 1761 
407 8470 1657 5251 5553 1986 4069 1106 7861 2917 469 5969 9316 4778 3975 5343 3656 8762 3099 9777 5703 6729 7800 3431 6630 
408 9990 4639 3561 2978 9988 9435 9757 2797 489 2164 3320 7306 6507 4117 5567 7008 2653 2864 5501 6721 8514 4793 4950 
409 5341 527 3731 3053 2414 9083 3707 5531 3036 9480 5044 9858 9920 6274 5730 7433 2868 9928 7609 6582 5564 
410 6470 5006 3926 4081 527 4890 3095 7834 5895 2574 5515 5188 1775 3447 1262 4925 8037 8388 2920 278 9939 139 4765 3757 
411 3753 5788 5656 133 6351 9633 6669 5747 7526 4254 5494 5166 2341 5700 8114 44 8854 1982 1370 9069 6778 1610 9156 5509 
412 6134 9979 7932 7659 3064 949 2396 1425 5482 9381 2542 5185 1651 6842 6812 8612 8177 5259 8167 6524 8260 6437 4938 8601 7744 
413 8462 1149 4079 2818 9032 7392 1071 219 5638 1807 8894 6477 304 3813 5803 4813 5813 6363 362 2231 6333 1385 6487 
414 4311 4286 7200 9947 557 6451 9594 2875 4034 5198 7742 4567 2096 8668 2143 8714 6356 7079 8042 3267 9039 4228 4169 7904 
415 3111 4399 3781 8649 7684 7618 8583 494 6839 3008 9463 7090 3897 2915 3259 4029 1589 3260 2973 6953 5574 2016 
416 625 7219 267 220 6922 7335 2489 5989 4939 9352 8614 4453 2597 8752 5831 637 5649 4352 7965 4556 5319 6807 4043 3135 9230 
417 7713 4501 7519 5997 3883 9351 8503 6511 5661 6949 1273 72 4627 6343 6576 6530 6905 1335 5818 3155 7370 5977 8091 6178 
418 2704 8663 4377 5386 9197 4399 6074 7163 2491 6909 1633 3597 6334 4951 8168 9961 6921 9750 4393 94 5894 301 698 7161 1009 2201 323 1112 6545 
419 4679 6744 325 960 8251 2345 3268 4584 6139 9120 8639 708 4361 4858 804 9862 9830 8110 6936 5824 9636 7679 5997 
420 745 8235 2630 7929 755 5898 574 5802 9073 2932 7971 9087 6234 1472 4092 1810 7399 3926 2269 96 8582 2868 2369 6962 2432 
421 1299 7012 7511 8043 7653 9640 5660 9487 5907 7692 5815 5738 4960 5109 699 4039 577 3560 6576 3686 6709 5901 828 4437 
422 5862 1871 6331 3958 437 4282 1154 794 6198 7056 3970 3268 5520 8766 3195 7138 7786 7547 4092 2818 2527 7691 8530 8023 6716 2344 
423 6482 4134 3393 2212 7725 5247 4414 4086 656 7212 6059 7989 2721 3581 5877 2697 6267 8057 5632 7970 
424 1134 7545 3320 6903 1791 1328 937 7183 2189 2866 1231 8210 9671 4799 6880 1888 8052 3015 2283 6230 8554 9700 2297 3102 8628 560 
425 7949 76 4760 9720 8651 6503 1570 7337 8304 981 417 3235 1443 7008 9692 9342 410 5622 3323 4559 18 104 9381 
426 1731 3184 5921 5177 1728 3704 3354 6323 1948 9505 6193 6945 9481 3864 5423 6375 19 3994 7483 5331 9207 8585 
427 7968 4801 8428 2158 866 4520 6095 5117 2679 678 3843 4847 4925 503 4106 656 5019 5209 2539 8468 8212 7499 3338 3340 1260 
428 3836 6153 4034 513 6836 3241 6355 3651 1702 7147 6282 6074 7997 956 9071 7772 4511 8367 7671 7059 700 7262 219 3583 4504 4302 
429 1763 3146 4442 3081 4912 4684 7720 6984 6829 9362 7146 6427 1192 9275 7086 2368 1960 3717 5594 2463 5790 1838 7049 
430 139 2136 4222 3190 3597 8218 6705 6334 9248 1204 5995 9498 1154 7473 3460 5654 9249 276 9873 5367 6543 1007 7173 2464 
431 1752 2595 3795 9703 8167 4844 9638 6717 8636 2676 5541 3393 2600 5245 8966 1007 3046 8747 5666 4258 3557 1482 5122 
432 5322 3700 5254 2929 541 9197 7410 8306 1752 7060 5525 9091 7970 3582 9501 2808 5833 1609 5536 1351 3325 1182 6213 638 3513 
433 8212 3146 1580 1512 2617 4232 9293 4034 8189 3213 9619 6168 873 2808 1092 1478 5629 4439 6462 4268 8097 1930 4843 
434 1625 9224 9347 2898 8687 6011 1176 5630 2320 8581 7071 8180 761 2318 9481 5090 2294 4522 5654 3739 4809 1249 5807 8503 
435 6458 4385 6424 8325 2817 8450 834 5716 8224 6260 4977 7082 8538 5223 2837 9325 2375 9580 6604 702 2129 5271 2549 
436 4035 8794 1739 6424 8690 2900 6460 5052 8522 9302 3637 8652 5662 172 2299 4226 7386 6150 3772 1708 341 5981 8470 
437 2615 5097 3380 3597 937 8259 3079 5948 4749 9181 8441 8154 4972 6851 8295 3313 8486 5868 8488 6103 7169 2973 9628 6451 
438 8293 8140 2735 295 557 3869 5737 5247 2032 8371 5526 1461 9031 5442 6942 6089 1930 9795 5939 1880 3840 7490 6899 2074 
439 5326 9931 7874 2651 5810 3812 1593 6100 1339 30 8935 3120 6087 6587 7379 6555 4450 9387 6915 3292 75 7188 3743 9535 9239 5348 
440 5643 3113 4269 9733 9640 9133 7278 131 1246 6048 4731 3702 1206 3497 7467 1567 7696 8570 3237 9944 4931 3664 9638 8558 9917 2943 
441 6082 673 8609 2383 6922 5740 6491 3798 5950 8142 2037 9440 2798 5660 904 4013 8117 7696 5179 4935 5169 
442 3584 5014 3051 7521 7007 3101 528 9444 3923 7323 3227 7811 7127 1682 2974 7962 7409 8520 3456 7985 2838 
443 3032 3006 7087 8428 6895 9191 9380 8855 5676 66 1598 3820 8403 934 264 5277 2211 8421 5957 6939 7557 6947 8581 3545 7653 2304 
444 8495 8130 3468 2085 9654 9031 6566 9391 6024 9132 8604 1606 1368 284 9953 9056 3098 8033 9393 421 7078 3432 7929 
445 6538 2870 5543 1121 1572 3504 8887 1779 9139 5477 5831 5885 5909 964 6166 4414 2393 8639 5863 4454 1327 2481 752 2811 3227 6408 9806 5379 
446 9834 1560 850 2565 3463 6359 2740 4645 857 6539 3290 5466 6698 379 7549 8946 2844 7042 5366 5751 9153 397 295 
447 8116 8512 3537 340 3723 8858 7602 2711 8058 7244 8977 2693 6356 559 3772 9850 6077 6497 5628 2644 3994 1550 
448 3885 3050 1822 6236 6331 2679 1762 1276 5674 1678 1683 8429 643 6463 1323 1116 3987 6233 5555 1162 6934 4117 5318 
449 3232 7790 776 367 7634 712 8386 2613 4771 8456 5801 5713 6656 4179 5913 9187 6862 2680 847 1730 809 7154 9656 9180 468 8081 
450 9299 9374 7044 7610 2565 6464 3160 1083 6269 9185 2736 6163 7637 9527 2674 4416 858 521 6162 437 2964 4666 5560 1310 
451 9834 9461 9444 3303 7791 2970 5946 8939 295 3714 6175 1060 7759 2846 837 4416 793 1980 2117 1317 1391 2101 9516 9844 8519 5756 6752 7206 2666 1401 
452 8212 6428 6465 4437 8284 8188 7956 7607 6616 2673 9206 6137 2670 2884 2545 1032 3490 4312 6992 2702 3966 983 7135 4123 
453 5099 8116 638 6073 8836 3092 9551 5067 6836 7740 8814 3683 790 5124 6226 4354 3736 3120 8766 3853 4736 592 9460 1480 4350 4847 
454 4531 4539 6547 2439 3184 6391 7426 5885 643 2847 6385 8838 9837 7889 2906 1966 4349 6526 2505 7294 7177 3337 1000 9889 6667 271 9010 
455 2615 1256 4350 1498 5756 5224 5105 8681 4834 7064 9370 8855 9936 4047 7747 9867 505 5868 976 6579 5103 8687 
456 8644 7874 1607 9580 405 1336 585 7347 6184 8822 131 9426 3549 6229 969 6968 8362 9868 1648 8906 7629 3262 
457 2630 1401 7289 9669 9908 6451 934 1734 7852 7752 3231 9351 6809 4033 9041 2519 3998 6999 3633 6015 5732 113 8653 8967 
458 1353 8068 2263 6610 3089 9425 9428 8612 4661 8896 1414 6618 3219 5257 7681 8961 4692 9235 4917 7434 5454 6770 2777 6451 3052 7 
459 2790 3630 2184 5948 2538 8693 601 7948 7221 7965 6662 3699 9830 8360 7027 1178 2804 6970 4793 2431 8475 1445 901 
460 7285 6608 3004 374 7126 6502 910 5502 3819 3356 5214 8598 7779 3371 6414 960 5787 4243 3876 4025 4532 2898 4189 4541 9080 5887 
461 5775 5053 4957 5547 5316 1365 6244 3537 7961 5565 5362 4299 3441 639 3547 3554 1628 2105 6603 529 4296 390 6115 
462 6712 2109 9215 1504 1740 4822 2247 3596 7458 1839 2968 3840 666 4055 4259 8700 223 4486 6693 7636 3519 8109 3784 
463 1496 5783 2182 5149 6913 3093 2784 5416 4079 654 6040 1113 5904 6799 3729 9786 8401 8793 7755 6094 1992 1363 8836 2263 
464 4176 7919 8832 1560 7055 9436 5043 4294 2057 8989 9741 6681 4771 8254 4415 287 7657 3024 4036 232 7565 1003 7224 2652 2659 8423 
465 9903 8663 6281 2304 2518 6099 8022 5141 2393 707 4029 6421 4811 7082 9591 1281 2452 6578 3433 8986 7971 3678 2992 2078 6873 1779 
466 2114 6712 468 7694 7569 7467 5054 9671 8111 4959 6496 8894 1142 1959 4203 1169 6305 3721 273 366 2723 338 7668 
467 7219 3240 9260 3869 4311 1658 8256 7426 3081 4529 7634 1247 3117 2390 2125 3345 9717 6993 7692 4325 3329 2115 4573 4672 
468 2892 8599 7922 4622 9398 1562 9515 3653 6261 3368 7321 9602 8502 8798 9066 3732 5338 4013 8891 5044 9584 4923 5638 
469 1353 9215 4437 8055 2274 4343 5062 9982 4337 9295 1579 6862 9369 1806 1296 3263 4674 2717 5889 4469 520 7099 3875 
470 1956 4870 1831 7029 6737 3505 3651 951 8362 804 9174 4045 1773 3416 3808 5836 6015 7585 5876 51 5152 41 149 405 
471 7266 2699 6611 6534 9032 8157 358 3052 6671 6928 1969 5704 786 2295 6313 8905 729 6921 2961 6200 1204 9537 1457 3093 4962 1799 
472 6020 1868 8169 3607 6102 2608 2806 8989 8789 1142 8313 1169 8773 6578 7930 2389 8055 9279 6869 396 52 7349 7474 
473 3023 9404 4107 5383 8140 6469 8756 2828 4549 1077 3804 7290 9279 77 834 8453 6232 1039 6337 6809 773 2700 
474 7133 4626 8728 6621 9010 2016 3665 3465 2873 159 4995 9523 3756 2552 8410 6192 8662 6726 1192 9145 1065 8585 3870 8987 
475 9139 9199 6967 3751 2085 6387 1647 7210 7200 9688 9144 9645 9659 5897 6495 6223 4607 9755 6048 9892 9109 3677 330 7664 6248 8067 6000 2570 6738 
476 9299 2413 116 9114 4828 8880 1430 3276 5065 5690 7972 5543 640 5061 7833 3743 5655 9311 2544 936 4807 455 8071 5936 2329 4348 5088 
477 4624 4923 6100 5758 7365 6833 2156 1734 9004 3056 7253 7045 7991 9602 7487 3429 777 4762 4080 4988 485 3086 9501 5286 6251 
478 7997 4501 3958 4784 4313 3409 8816 2842 2382 7822 7040 6691 6155 9656 1674 6730 6163 7164 4193 7354 5131 1606 2307 9688 
479 447 8711 4377 9659 9713 3498 5349 1020 6354 3408 7423 8245 9449 4788 8077 5815 3845 6954 9558 8630 3394 3118 8829 3319 6254 
480 1429 4107 2699 1167 1515 4437 3923 5661 1523 1846 798 524 1719 356 4087 3997 1213 8302 6838 771 1815 5770 8352 5216 
481 183 3792 8105 4104 2693 6790 2171 4730 2711 7135 4491 3811 5391 2149 5658 1957 5313 514 9559 1776 5199 5755 6748 7568 
482 6296 8248 560 7569 3405 4340 6338 2464 5441 7110 1833 4021 2247 1016 6518 7868 6933 5224 1063 1674 7014 9125 6538 8256 
483 6141 6899 2064 325 8910 9689 7622 3748 9377 8815 6032 8907 2647 5840 5288 6143 5323 8230 5730 6668 9771 8749 4714 3158 
484 3728 4071 3043 6631 5043 3883 3103 177 1904 329 5726 670 2965 6423 7457 2505 1051 1571 8790 7247 8702 9218 3485 2961 1339 1055 381 9751 5193 
485 5445 3468 1043 2668 6326 6400 8912 438 9852 467 7829 9997 9569 2444 3549 6666 1303 2867 7770 8864 3145 6789 4144 6022 
486 1125 6978 1375 6503 1711 5390 269 3823 4057 6924 3999 6131 2318 3485 6336 8298 2486 2618 9057 5799 2410 117 
487 9160 7179 3427 1552 2095 7856 496 5961 132 7304 2191 3581 4065 2603 4788 7721 7491 525 8297 2106 5050 1064 8800 
488 5917 9139 8797 1736 4302 9470 5910 7922 3005 730 2624 1290 5406 1585 324 708 2911 3853 1859 1796 5889 9736 8149 2007 
489 7266 7049 2707 6817 3673 3383 1633 9315 1181 2463 6831 1979 3476 715 9601 2677 5797 4121 3058 6077 4629 
490 199 1083 6486 3061 9385 2518 2464 2781 9236 1651 7859 3305 7807 928 4859 2856 1539 2603 2657 163 1717 6526 4898 2958 6046 
491 8193 444 7845 2943 5413 8733 1898 4310 3476 2014 8480 9878 2307 1548 4517 7452 3233 8564 610 5027 4028 273 3215 5995 
492 847 9615 8618 7751 9649 5286 4063 5253 8309 554 2286 5288 5501 9124 8554 7622 4798 5126 2358 1613 5125 7993 4428 7328 8797 
493 5917 9178 6980 1252 2001 6139 2842 1319 3005 977 8683 2783 2753 1004 1041 1213 4572 6186 790 6541 2252 7268 3726 6584 3513 
494 7545 1790 2670 7320 6355 8863 7829 7998 4277 5257 3772 1297 5106 2232 6653 1181 2990 1122 3214 2540 8270 9926 5662 
495 6827 116 4884 5194 132 7355 7210 8904 7811 7276 6727 3100 2227 737 285 5206 9683 439 8871 7061 3696 5830 637 
496 8406 650 8212 8450 4971 8256 8221 7984 7314 4879 5735 3054 3486 7008 8912 8403 2612 2204 1905 4633 9728 5973 6348 1943 4878 
497 1121 9244 707 7795 9178 4442 5698 2739 5216 7050 5383 5228 8167 6555 8427 7725 4358 4439 4347 6843 8234 2992 6341 6484 8853 7893 5585 
498 1454 2875 5053 6028 7833 9598 1741 3474 4249 7542 6863 8770 8601 1452 1337 7004 3494 5113 9770 2903 7686 3166 193 
499 1557 952 1079 7615 8814 5500 405 9652 8947 5961 9755 7018 9115 6042 624 6438 7361 1261 2673 9872 6130 8710 9237 3516 6982 2439 523 
