500
0 5384 7802 3553 5406 9901 7513 2265 3259 9073 8210 3364 7868 4337 6853 9045 6230 8894 1538 9645 4216 9871 9409 4591 5232 7537 3820 4470 5407 5171 5053 
1 1556 9249 2133 6346 7691 2093 9200 2468 7721 9730 5120 4284 
2 703 4669 3054 5798 5348 7807 7045 716 5713 4873 622 9324 3545 4799 2143 6413 1661 5054 5676 9152 1101 1472 1129 1248 
3 8756 1981 8696 3926 8893 7641 5112 7361 865 4717 550 1139 9023 5607 7874 2001 1140 977 8907 9451 2613 5981 6060 8814 3498 5553 8157 1572 4528 5005 6178 6955 5662 1734 3053 8600 4418 7163 4068 9290 2876 3491 3234 4913 6137 1137 7289 6387 7948 8690 3408 7755 1329 5636 8908 4317 199 
4 765 2744 8662 6651 2660 3270 4416 4757 7205 1461 933 5565 8964 3832 1377 1793 1040 
5 137 3437 8266 9239 6302 637 7006 7207 7042 7758 8515 9034 9986 
6 7951 7563 7370 646 8464 9601 9889 548 9090 2680 8709 1567 2165 
7 8160 7626 9306 5481 6916 3633 3342 5388 1955 5244 609 4693 8114 
8 9977 8401 4133 760 1674 4309 5985 6807 3884 9527 9442 2798 8037 4342 
9 8370 7155 9942 7149 8867 4242 43 8762 7691 8052 8759 8632 
10 3326 1846 2810 8054 5465 7740 4529 5433 2745 7036 8562 3679 2038 8990 3386 9206 686 264 7643 8698 2189 1354 6810 1026 2578 4972 7367 6130 2465 2232 6829 9548 
11 5117 5172 8748 4249 6867 1850 5716 190 3254 8029 3048 7314 3080 8060 1798 9048 2125 9712 7936 5884 1310 726 7038 4047 8581 8362 9414 372 5583 5251 
12 8834 9593 8172 6188 6184 6838 7975 9187 2729 6523 2764 7392 355 6406 2454 6984 8361 462 5459 4324 6891 3307 6343 6484 
13 4777 1492 9558 44 4211 7831 8790 3429 1775 1470 7681 4123 6753 1147 4802 3020 
14 526 7556 4481 4689 5393 1067 9874 9918 3634 9719 4306 9335 7137 6560 2946 7807 8854 
15 3563 2926 8417 6996 1765 5206 8203 734 94 7170 8864 6211 6767 
16 9892 5492 2565 4628 6387 5553 4252 1898 5245 7423 5471 2900 1852 3937 4847 6305 110 4692 4282 6853 4719 5462 145 5668 2028 2650 8987 3842 3053 3597 7733 7007 7725 1942 971 2760 4783 5726 3789 5871 6369 1846 8332 8930 437 1877 1962 6269 5979 7055 
17 7956 1877 8855 7486 9807 774 6244 802 1948 2608 6331 1227 1396 6214 7126 971 8816 7007 2307 4834 8814 6437 3651 358 2392 1633 9048 687 7696 7018 7834 4730 9029 8634 9621 9476 4507 6347 552 
18 2549 5362 417 5916 8358 7665 1113 1133 1112 1855 8348 8591 5569 1395 1608 4468 3108 7754 3680 9777 
19 489 9826 4572 1192 6184 8465 8815 2990 1075 8863 9873 6623 950 3999 4571 3717 7975 3355 5082 9887 
20 6560 3360 7331 3609 4614 5461 4796 1930 9279 7086 4300 7096 8969 6653 5888 7964 
21 3691 5815 8701 6910 5984 4432 8670 6540 3202 8646 4522 7802 6313 
22 3154 4047 8122 3425 5785 4695 3727 1574 8362 7895 4359 9741 3120 5547 7972 6376 3708 3319 9124 965 9918 2597 3237 8156 4414 1329 
23 9886 1016 3110 9969 4361 276 1381 4544 7041 6680 9825 9681 8151 4349 3470 5459 6234 7826 3704 
24 3426 6787 7686 8790 7422 4274 4536 3417 5690 5375 983 2324 3352 
25 6937 8586 4997 3562 1941 7039 1579 1241 2232 9901 8809 7244 6373 1271 6344 9716 3832 2476 4569 2554 
26 9032 1799 2650 3061 6404 9908 8185 6949 652 5772 5149 7486 6631 1736 457 1401 3093 3932 6028 7553 9219 638 8375 1358 7933 3285 2513 7180 6305 709 7586 3865 3326 8690 6486 4400 2929 2146 9191 475 8092 5783 4801 742 8893 2978 663 9230 238 1950 5504 5349 5141 660 730 1611 1869 3064 1405 8008 7333 2150 1510 3020 7786 6842 5993 7688 8841 468 133 3232 
27 4915 927 5629 7550 667 6310 5804 5649 4013 4283 1075 4530 4669 
28 4218 5369 2275 7766 7753 4272 9736 4744 6641 7393 8828 1457 6102 
29 4173 4375 1065 1905 4209 8526 5558 10 7004 9241 5334 8296 6051 2580 4024 
30 2240 7153 5507 76 7902 4884 6020 5885 9518 8150 8580 2538 3869 2569 4561 1831 105 250 4886 6621 5862 2407 5543 2058 673 75 3958 1145 4988 3104 5053 3079 9565 2898 5163 5295 7367 4317 3541 4269 5572 2475 1822 7629 2019 518 3751 1246 8841 5887 7361 9940 6785 7771 8092 761 8344 5149 5838 1986 5072 6765 4442 4222 7077 4011 9758 1739 3243 5239 712 3752 4948 8539 2650 1580 1066 707 7933 5359 7653 267 9014 2139 5254 7569 6391 4928 7026 2074 1784 
31 9858 6320 7425 6130 1183 3072 1425 2871 3174 9803 5817 3748 126 4210 6496 3585 7116 6860 7276 3470 933 8090 5798 9089 
32 3129 1521 8117 9920 172 71 9030 5355 8133 3736 1446 1522 1412 7170 
33 2050 7042 5596 4487 5983 1722 4931 1119 1037 4723 8736 4522 3020 
34 5536 3729 4054 1754 9840 939 2505 7173 8236 7565 404 4398 1806 2887 
35 956 674 1290 9133 1953 5232 9172 1809 7169 8684 8991 8556 1580 2368 5534 4214 8425 3629 4641 5379 4946 4313 4069 6423 
36 2341 8870 1080 3425 3560 2516 9943 7093 6191 8177 8905 6274 2640 7881 5352 1961 8712 365 
37 1812 1370 2433 1773 8087 722 2204 2808 3021 8706 5831 5468 5825 77 3634 4117 5904 2958 8887 
38 1452 9646 5138 4997 7737 5434 3463 8313 6931 2600 8304 917 770 1176 5193 4081 1036 354 5387 126 7138 3814 1366 695 5509 4828 5230 4007 6149 6815 4077 6727 9330 6354 670 
39 7386 4793 5615 7316 2883 3476 1786 8095 1769 5300 7411 2527 6393 4926 1807 
40 4193 1966 8478 2269 2390 151 7141 345 8270 7435 666 6057 3675 7885 873 7972 118 8254 9938 3699 
41 9442 1059 5368 3284 5167 4511 4776 597 9241 9411 1095 5569 8790 6937 2909 
42 8176 6669 2526 5948 6615 2895 5660 4077 1950 7829 8124 7365 5702 8533 2538 8195 8015 468 2339 9807 898 2745 3750 5286 2741 9293 5609 6354 8089 7467 7072 1686 5746 7290 6962 3128 188 
43 7131 6193 5309 8990 3042 5178 4211 3683 6747 8556 1060 2432 6478 4285 5704 9865 3121 7399 3562 900 
44 4766 8026 4733 1775 4572 7040 8360 6155 8067 8810 6370 4946 2335 5334 9042 4762 7616 8450 
45 9159 7212 3433 9499 4966 6683 4571 1959 5632 5389 5379 8139 9971 3797 4037 1615 9433 9370 6301 3269 3141 1939 456 
46 2728 5863 136 2545 6421 5362 4562 8959 4813 1327 3087 5813 6051 7549 4774 178 798 61 1287 
47 7932 2857 9354 2670 523 8145 5966 5885 4367 5979 7795 4350 4957 3303 9580 5043 1223 4004 4787 4437 937 6538 6922 9991 949 6100 3801 3781 5295 712 2209 4021 6216 7085 3537 8116 9955 3081 6099 5645 4494 208 9014 1246 9347 7771 8259 2600 9036 2652 3251 30 4069 7629 6376 1580 468 3750 6671 3160 8049 9444 8345 1831 7077 8844 3752 7845 5239 6833 6549 5383 7615 4828 3731 7434 2818 2732 
48 7939 2438 900 182 8805 7767 3736 5352 2799 2915 609 5180 5113 2254 2326 3651 3234 
49 2077 6914 4271 8455 5954 5101 535 3227 6405 3814 4238 2545 8766 4921 9944 7173 4731 9600 
50 3275 729 5913 1413 6819 8927 2591 2278 9218 211 3582 6062 6222 9236 5129 9619 8912 945 6083 286 8723 7310 1515 
51 2674 5630 255 7819 8295 2465 2757 6496 5466 7616 2071 7173 5813 2179 8780 7221 8899 1834 9433 
52 5894 7780 5831 3555 5260 7970 7848 7302 7185 3120 9369 8224 9236 4755 9757 1920 3425 4241 3880 6861 7276 8061 
53 3755 9711 8966 689 435 868 642 2795 8114 5466 3028 4087 5009 2206 4481 2951 
54 1495 1535 8220 5607 3241 5846 9623 1641 6244 5942 3195 1036 9025 5294 3173 6214 3092 5063 3539 2740 8027 1962 7509 9027 6844 4037 310 4636 7099 8723 9248 2752 3916 1918 7347 5247 7044 
55 2368 6189 4815 3254 6477 8912 668 7970 989 5795 792 5696 2010 7458 871 6786 1332 857 7142 1874 5241 6968 875 8743 3700 
56 8408 1864 1503 9239 2894 466 762 540 2143 2495 6905 6516 6042 
57 9444 3106 6424 4886 9518 9008 4760 9040 6797 511 7929 5656 9480 1607 7280 2670 9464 867 3320 6621 8150 155 4660 9347 7333 4004 782 3533 9349 1401 3251 2732 5997 3751 2109 3961 1611 1986 5758 7105 3700 2192 7049 5090 557 850 4923 9993 3720 8174 780 9114 7179 3079 5212 7379 2735 9720 3869 5339 2704 527 88 457 2673 4350 1552 6486 6630 9836 9940 2304 5826 2209 7252 8922 3395 6772 3243 8934 7087 6487 475 108 3827 2589 3665 2074 188 7439 
58 2828 7952 9807 9638 2344 5659 8014 9137 5704 5961 2458 6144 7457 5519 8693 6305 7291 7802 7244 6324 670 7920 8294 5085 1917 6495 5443 9216 7749 
59 324 6330 1917 8480 10 4150 4324 8639 3808 8712 3178 2305 4333 3157 6338 4832 8959 5277 6759 3690 5385 6899 
60 9528 2104 1667 5724 3314 6798 9370 8991 1796 880 2737 8754 345 3687 4429 159 8361 524 5509 5688 1478 2966 
61 751 1747 8312 577 6478 3105 5368 502 966 2271 8965 388 9592 3256 3345 4491 729 
62 2730 6191 499 2544 5503 1472 2794 9528 6137 2690 5278 1971 4397 1192 9667 7585 3276 3336 3157 308 8044 6673 
63 4160 5444 8815 6954 273 6983 1220 6154 304 1769 4065 1781 8410 5827 1439 
64 8146 6588 7048 8863 1195 1665 2817 6631 5993 6095 2668 8386 6770 7162 7542 1562 9010 8081 2171 4378 3052 1721 6011 7486 8925 9604 405 5088 1365 7833 5019 755 1287 4060 7304 9645 2608 4203 5942 1570 8300 8649 7622 9652 3726 8022 8947 2304 
65 3982 7699 5762 2962 5219 6534 8431 3543 4035 7240 3032 9930 6584 5458 148 2666 1731 732 139 2128 8716 8663 374 1557 6712 6465 8193 5445 399 1956 9465 7545 7669 5902 6428 4399 1601 8235 2264 6744 3914 5326 4855 8599 1546 5097 8183 2413 5063 4786 2518 4626 7630 9467 4385 6270 4108 647 7852 1560 5898 7790 9669 8068 2426 4423 9483 2407 4884 4222 4134 6855 8848 9852 2058 1091 5483 367 8439 1739 2052 2109 2537 4442 1252 5003 2136 3528 5251 574 511 9008 8307 1552 6895 1868 4760 583 7029 6982 3630 847 7206 7987 5921 2943 443 8227 5543 5304 3513 4870 2760 7200 4045 8269 5767 7044 5006 1066 9347 7 2175 541 9947 6281 523 5645 7806 5401 8343 8325 921 4463 4647 
66 8036 7239 5793 7777 6695 9116 8524 1281 8582 5834 8729 4614 9313 5418 3553 6999 7373 1562 8574 5240 8342 9097 2924 2983 
67 3072 5950 257 7310 4241 4995 9181 3718 190 7851 4546 4264 4095 6670 2750 4691 5223 1414 6716 8700 6963 1227 
68 8004 7362 2545 7796 9959 5034 2859 2644 1679 8110 6998 7565 4811 
69 8320 6691 2142 1985 9254 4389 8021 2879 3715 2846 6702 9538 120 4778 5362 9276 8706 
70 836 9957 3623 2424 3811 4697 2466 714 1937 3970 4343 2750 1164 5555 804 6616 8980 2147 7239 9208 1169 6743 1336 1798 7304 6790 
71 6481 2456 7547 117 9698 6043 4127 9761 4559 2965 5721 203 1631 
72 2308 5738 8312 8117 603 2612 9041 2519 4905 577 3366 2804 3554 1186 
73 4202 5050 8319 3648 3766 4677 1177 4403 8243 4793 5596 5411 6809 6695 9583 
74 5390 8142 2512 6354 4951 7178 1780 455 478 9391 9515 8700 7749 7752 6526 1931 6913 2990 9248 5060 9594 756 4658 9351 5065 4308 5546 1531 8581 4106 3453 3950 
75 6674 8448 5978 1250 1344 2519 5208 6497 7849 8411 5415 5078 
76 2262 4607 6800 1776 3889 7389 6924 2744 4805 3832 6408 3497 6479 1666 6865 4334 
77 5734 4096 7272 1162 2599 7027 6103 9994 3941 6240 9657 8471 283 
78 5638 8455 5228 4106 6496 7425 7169 3405 1581 6928 1835 1425 8973 1661 6045 2319 2286 8040 3290 7135 1366 6356 6581 8453 1043 
79 727 5664 1191 3002 7693 2133 2844 9371 9877 3705 3721 7008 
80 5258 1085 3653 9323 4002 3262 1031 5661 5520 1077 219 8499 3967 1841 1241 2578 6752 1176 3681 5996 9238 9764 564 1686 3393 6683 5228 783 3468 1868 
81 4147 2717 5708 9324 4944 3284 6283 5912 9912 5207 8961 5621 1888 4015 1699 1393 
82 9745 5843 4686 1205 7117 1848 1980 7556 8337 8862 7251 1772 7977 4798 2711 8928 9275 2927 
83 4444 6567 5867 9523 4610 4698 6087 5897 5421 8180 5923 3433 5501 6311 2275 9182 5509 3309 714 5716 731 9255 
84 4506 9793 6323 8477 2946 3429 9661 6966 455 4766 6232 6089 8698 8843 404 2016 
85 528 9144 3119 4450 5138 2842 1157 4636 5889 6285 3393 6566 8300 7243 2910 1923 678 2029 5589 9085 4730 4815 3697 5989 1860 3362 3230 1570 8838 2161 4188 3117 5349 6292 2972 164 
86 9238 1791 554 354 2817 207 5662 9132 3681 2263 3352 3320 6453 425 3119 5216 5365 585 3699 9206 1528 2320 1987 4709 7631 1479 9605 1839 8692 1296 4878 5995 7834 4967 
87 4420 4819 4179 7172 6603 721 8071 2134 6915 684 5913 6341 3391 6952 2387 5742 
88 1570 3383 1157 2736 8524 8748 930 9133 6201 9311 6024 9309 1940 5113 2072 9026 7657 6218 8939 7419 7513 2634 1345 1987 8605 131 9162 3493 2513 3043 
89 9316 6427 6743 5567 4857 8236 5440 5211 7639 1335 5356 9430 8460 4919 8306 9635 1363 7336 6281 
90 9294 123 2944 6819 3568 3360 1314 8889 812 7765 4300 5565 3147 2223 2809 299 8583 
91 5666 3740 3437 4184 1455 5423 7770 6154 5343 9355 134 8308 973 1092 
92 330 8365 8040 6166 6999 771 7500 1533 2120 851 7775 3550 5044 3060 3428 2101 4745 
93 9786 9044 5355 2204 3276 3219 9254 3810 1944 5428 3451 2925 715 8543 8441 
94 4230 3942 3013 5333 5104 8188 2970 9261 9259 3241 332 8651 2404 2791 1510 3795 4055 5710 6502 5654 4878 2010 7304 9132 3812 4658 7221 6024 9621 3597 7618 2603 9137 796 7542 622 2617 8109 934 7023 
95 5525 9094 5730 5098 1332 9309 8279 9109 1345 1397 1425 9357 521 3804 4054 1295 8870 2403 5724 8309 5247 
96 4870 1430 7013 340 6351 7198 4893 6652 2409 2698 1555 7050 4286 8506 8157 1510 2577 3064 3597 8017 1164 5895 955 6376 8934 8932 6464 3093 7733 2304 5063 2198 2263 9555 8189 774 2001 4348 1505 6650 4402 5742 3932 1728 9637 7744 1140 6074 866 3673 8022 7333 9719 9436 5005 843 3261 
97 3772 502 2423 4054 7632 6730 122 7004 5901 5105 3110 130 5824 303 1183 2988 5839 69 
98 2240 321 9968 1668 5962 2555 4199 6613 3074 7949 5412 3877 2986 3012 5880 7883 7762 7699 9842 5715 2121 6101 8134 7153 6938 7413 8406 3836 3032 8387 2288 3830 5869 6258 9848 4326 7240 5507 6584 6054 8130 7880 352 427 7120 412 3103 6327 1979 6030 7517 1134 7736 5307 4340 9930 9903 9834 4314 7709 6672 7429 3144 3316 9301 2013 1121 8671 2666 3584 4527 6044 2904 1299 7296 5340 3111 5458 6778 6467 1625 9199 3783 2615 8193 4909 6692 2685 8716 3885 5248 6082 8832 8470 7285 9404 1058 9265 2437 8062 2790 925 7266 1496 1353 1383 745 6049 7968 9669 3377 5445 569 843 4170 84 625 6296 838 9573 9374 4728 7179 3792 7864 1343 8069 420 7012 7992 7133 7759 3163 5326 2480 6020 2414 7669 4129 2052 3113 6635 4027 8212 6470 2533 6889 9178 3158 5783 8512 3006 8495 6428 135 4801 2662 5748 8235 3964 647 8848 1956 5788 8209 780 116 8484 6608 9461 4286 2322 9023 719 2114 9443 4180 9107 1790 732 9659 5386 2875 4647 9008 991 6611 1476 6029 6404 200 7919 8140 7193 1348 8841 5072 7511 3914 7845 2005 7710 7053 2349 1710 5097 221 6978 876 7206 1358 3944 2773 7320 4234 552 3285 4558 9852 3240 3043 1375 8883 9219 1328 395 4962 3089 8183 6306 5899 3509 7267 527 1657 5003 6178 1670 9607 4660 9075 
99 5283 823 7390 2709 4227 9778 1724 6907 6726 6203 3337 5237 
100 4580 8891 5384 9740 5901 2237 3319 5933 8456 4989 9259 5531 4537 7165 2690 4517 9083 4439 2190 4774 1535 3853 2037 1651 3956 7243 776 
101 8780 703 3552 8807 1142 9391 1581 7233 895 880 1930 9152 700 4409 4939 2191 4633 3762 7858 8522 7549 8593 
102 9176 1609 6219 9559 1373 1249 2306 3292 3381 6519 5790 1880 9494 
103 2333 4491 3535 6166 3035 5207 6849 8499 6051 7151 25 1406 1627 2532 3116 3642 
104 1406 6636 6716 5514 2449 8655 9616 3991 5367 9944 616 5713 882 4737 4745 5696 
105 9070 4677 5635 4368 4597 9765 5799 1243 5181 5538 2616 24 
106 2240 321 79 2 2962 6613 7652 7153 2288 427 1668 3894 935 3012 6938 8994 7762 3936 2986 2555 7949 9533 5412 9244 3877 7699 9842 7438 2643 8491 979 6101 6827 4855 8406 6547 8387 5748 7296 1299 3032 1534 8125 5507 2340 4314 9545 6258 6692 8134 9848 9075 3758 1984 5848 6327 4035 7709 8005 4765 4901 745 4199 9129 5340 5437 6054 7732 2013 569 5219 5064 2327 4326 3543 5869 6538 7120 8431 6534 7429 3023 4664 4985 2155 1774 1979 8711 447 1625 3521 1238 7997 4176 4352 183 3783 5677 9199 6672 5458 6049 4377 9224 8043 1134 6134 8812 3316 9301 3728 1105 1125 148 3163 9299 8722 1429 3144 1343 7575 9453 9270 2615 9615 7736 925 8293 9139 8470 6467 5643 6986 2892 259 8716 7266 8284 5445 8193 6635 4341 2704 450 3753 7285 3077 8495 1763 2790 8910 9013 9197 8830 5099 420 3885 2630 3371 9990 7902 4679 4531 5341 6030 5326 8212 7133 4728 1496 7968 6778 6537 9374 625 1121 1752 4958 1383 1731 6296 8794 7219 1956 2422 205 8462 311 139 9834 5862 9461 9669 3006 4180 7759 4311 5156 1871 1289 1784 7791 6470 1216 5446 238 6465 8069 9573 7992 6161 4824 2407 399 6712 7179 116 7001 6458 647 3584 4539 9903 1750 9138 4400 2414 1145 7782 7088 8396 780 7055 7 4027 6920 4107 369 9731 6153 7852 1557 2533 2264 7751 4340 2182 4967 1256 9086 650 3158 2858 8105 6967 199 2773 1149 6360 200 7456 4151 7545 4170 5821 9043 2662 5322 6170 5053 3106 8116 5248 8512 6141 9607 4385 6196 5752 7806 2685 2943 847 6306 6020 1670 3395 374 1117 1647 8343 3232 6187 6608 7874 9465 300 8183 6067 1571 951 8121 6611 3981 3240 8663 8227 8235 9979 3427 4624 
107 4573 6799 3414 6831 2579 6290 6991 8534 8967 2411 6188 3539 83 5430 3840 7038 
108 2344 7337 219 5704 1265 6863 7938 6377 8131 6616 9261 9364 6544 4739 3819 9540 8377 7335 1020 8195 4497 2088 2223 5942 7347 9395 8713 4077 6070 3160 7457 5502 7200 
109 4906 9146 7306 1361 8558 5663 3151 708 7875 9893 2147 3046 1436 
110 5218 6656 5396 8425 5861 4785 8514 5098 2179 5078 2811 2499 8709 8668 1609 343 2295 1552 
111 6367 9332 1471 790 3897 9904 4087 2992 752 5313 7137 758 7284 5189 9917 8862 8296 2618 
112 6715 4281 2445 603 8308 502 394 2234 5558 9524 2186 2682 9106 9835 2227 
113 7349 1737 842 2895 934 7198 1157 8855 3364 3238 2771 960 3007 7706 8702 1175 9684 4232 6390 5054 2900 6423 3853 9666 9463 9829 1505 5387 9137 1613 2156 8935 4970 9689 1043 227 8947 2189 8218 8462 
114 439 8854 9005 9786 2377 3121 9740 2070 4040 1540 4246 9113 9770 4802 1213 9312 
115 4261 7775 9015 9657 9920 2204 9584 3506 630 4840 6463 3021 398 5489 4260 
116 1797 9426 3797 1041 8684 9820 44 7829 6365 2106 4333 1044 7657 3222 5280 271 2731 6495 8265 4108 
117 3513 7751 476 7987 951 4948 921 9709 8344 9822 1391 7899 3665 8450 2100 4011 638 5580 5583 4965 8609 6073 3561 155 1339 2209 6347 7653 9004 6100 3051 8092 9758 6492 3950 8428 9260 6687 2707 6875 3932 8386 7742 8233 557 866 2412 1942 3703 949 254 518 4959 7210 3731 3249 8685 6836 9970 2652 3752 4056 3285 8539 8210 3700 9580 8844 9579 8185 1512 3835 4828 3981 1625 
118 2071 4299 7431 4432 5511 8891 8710 7938 1049 8239 3008 5358 1231 5040 6716 2833 9387 5668 
119 3601 5393 3743 5468 3188 2144 6809 9416 6042 9275 4219 1649 9336 6516 308 8593 
120 7293 463 5785 9798 4847 1056 8313 5719 5052 3552 9010 1352 6576 4021 3095 6924 4803 8111 489 3222 3005 3269 5690 2164 8934 
121 8659 3772 1745 9722 7141 5872 336 3637 5719 7409 6623 9164 5206 2062 5180 7779 6434 4757 4843 
122 9432 7747 9739 309 9400 5787 8042 72 362 243 8488 5868 5744 
123 4087 411 2563 1605 7558 5867 4123 3208 8673 4894 8301 5522 9305 
124 8978 3312 372 3364 2029 6323 5292 131 7290 5329 3007 1336 1020 2256 2842 1613 7183 9485 8304 5062 6643 2057 5230 4252 8688 1593 2318 164 6028 2147 6283 329 2260 
125 674 2096 308 8753 7071 5143 6768 5755 1307 861 6046 4372 7740 4669 7473 3557 931 4943 6898 6834 1848 3013 
126 319 1907 8500 5311 1849 6440 7407 165 7160 150 9869 2999 
127 3742 9253 6230 6123 1873 5126 4707 1097 3479 6695 9804 1598 5280 2552 1579 3706 7673 2256 102 6222 6512 8172 2870 
128 6711 2355 3282 6104 9841 5329 5622 5 9069 2031 8551 2384 1564 
129 467 8931 1248 5088 9337 4313 8900 6650 2603 2810 6913 513 1479 7180 7641 4749 1009 9898 1665 5756 7146 397 3229 4348 6698 3795 2966 2927 6739 8887 3172 8078 687 7392 8217 4504 6677 7216 3841 9735 1791 7423 2088 2113 2856 1557 
130 725 4449 507 4742 6448 6664 2882 8162 3084 8747 6440 4334 
131 5429 6617 2730 4397 2227 4709 5912 4612 2423 4159 2692 5566 6113 1845 656 3020 5565 1705 6727 9198 6941 2305 
132 9887 5514 6973 9323 5108 6223 33 4905 931 9592 1773 5358 3669 4984 3743 9247 6921 4230 7756 
133 5911 6358 9047 2674 3763 7508 243 4575 8554 762 5870 851 8773 3535 5923 
134 8797 937 2146 2752 3343 2673 3303 7085 6631 220 5492 3331 6817 2184 3795 4093 1246 4988 8713 5898 7013 5288 6115 7744 8651 6250 960 755 2983 774 901 2060 9548 2349 2668 1176 726 7929 5604 2095 5838 6676 4784 742 4913 269 8858 7519 6351 5543 7410 8053 7289 7634 2113 5768 325 4104 730 949 6671 2322 625 3077 
135 871 7952 3186 1841 5818 5082 9135 283 3802 6143 9256 503 3631 3397 7855 257 2070 8579 4343 3576 3925 6859 
136 8922 1009 7896 6473 1491 6387 3837 7138 2897 9703 5710 4232 2176 2951 8352 1293 6502 8414 4043 374 485 2016 9829 5198 2318 1495 2740 4948 8081 4695 5639 8503 3664 9132 5234 8507 6588 8686 8986 6139 3703 311 
137 44 7668 2185 2211 6924 7501 6257 4635 7060 3485 368 9878 3696 6373 3481 6960 5151 6499 
138 3808 8056 8231 159 1931 4178 5834 8904 7860 6975 873 7177 1606 2965 3656 3497 6173 609 3153 5655 6802 
139 2591 794 3416 4444 3309 4643 1933 8995 889 2746 239 5797 2265 5479 1665 8572 5247 7637 3135 5557 1797 7163 3498 
140 438 7938 2060 759 1106 3882 6225 6696 6409 1112 670 9478 6403 8702 4804 7056 675 3225 1020 6891 1227 9982 5810 7318 7537 3901 6869 8881 7202 8221 5477 4280 9493 6842 7782 
141 7829 9091 467 9837 7485 3839 4159 2846 7570 5323 4699 4068 4070 3114 1277 3117 8309 1273 8928 3969 6403 9185 6555 4414 3666 7780 3656 5503 9609 2972 
142 6129 2302 9868 7703 9584 1067 767 7491 7637 3109 8534 9418 4054 3254 4737 3813 
143 2160 646 4799 9065 6914 9316 4714 3581 9803 8239 6661 9190 1263 4198 4148 8570 1608 
144 5164 2994 8031 4249 6370 2179 9746 6174 6269 5679 2660 1118 5738 4866 7477 3520 138 9055 9216 8154 
145 2036 8973 9005 2799 77 981 7821 3742 3672 3016 6862 3066 1697 1048 1370 7306 4393 3230 8580 
146 9988 1628 2900 3226 9273 842 2002 5981 6326 4970 1916 4784 6610 1583 4286 5155 9703 75 7956 6451 2183 1800 7888 6615 7007 5105 207 7396 538 3520 6292 517 2554 8831 6503 7347 2543 4294 1572 4354 7618 6187 
147 2540 777 9400 6726 1793 5794 4513 8587 4574 5904 4277 7065 6512 815 4977 5434 
148 9682 3489 1162 6177 5152 3856 8948 122 8793 7921 3508 5564 9816 
149 3453 9995 7396 8702 4645 1009 6137 6681 9435 438 6631 8601 7056 9989 2927 691 1680 5992 3303 585 3864 9608 8217 394 3007 3195 3241 5038 1101 7570 3798 1141 4844 9735 9751 8268 4658 6509 5909 2139 6153 
150 1795 9512 7059 287 6131 8981 795 9000 2087 3994 4223 9223 
151 3510 1969 1276 2856 2544 1912 1051 8604 4797 4324 2107 9414 9187 6795 5178 82 3015 8571 1835 6639 4464 8031 3088 
152 9701 7108 716 1682 2649 8824 2618 1851 1162 3986 6741 6151 9397 6188 9261 4616 
153 1080 6113 1295 7779 1678 1809 4404 9315 4095 1683 1026 6773 590 553 9255 3215 1441 8061 834 
154 7856 2496 1550 247 5989 7786 9192 2783 1860 3901 6909 2396 7202 5593 8859 9083 1491 6748 3863 2483 3052 4337 1436 1762 3963 5638 2954 3937 3095 3653 4705 7142 3073 
155 2621 2456 9683 380 1996 8610 8085 969 7065 4026 7862 9039 
156 887 9618 1623 656 2187 1757 3013 7095 4549 7203 8535 5515 737 5166 6344 6594 5973 4804 9655 
157 7216 3704 5946 3926 340 3434 2698 6428 8221 3673 9428 7987 7126 6261 6829 730 3561 8982 9385 1858 3207 9640 4916 4783 1761 7998 695 8589 5896 8267 2966 8919 6244 2696 3545 6750 8060 6198 218 3173 7183 
158 778 5161 7702 3148 9953 7238 8736 3858 771 5435 7524 9728 7110 
159 3047 1195 1479 4692 6748 6460 7833 8375 6503 7861 8900 583 7410 7856 4356 3226 4203 538 4520 2910 6261 4507 8030 5768 6696 5771 8814 2274 6734 6251 9723 8912 7101 6254 329 5896 5500 8958 930 1916 5005 6298 8484 8267 9806 5767 8722 
160 5028 9862 4513 2141 5824 2761 9183 3488 9186 6993 1776 9195 9787 
161 2540 2833 1267 6518 6176 3155 6859 7585 8502 6148 9869 9145 9359 1847 8586 8816 
162 7599 1939 4628 3937 3491 9014 9025 6698 7822 3249 3875 2866 1761 1512 9083 6610 307 3186 5339 896 2176 8055 2565 9463 6829 1293 6469 444 4517 8507 6280 5662 6413 7335 3135 3405 3195 1779 3049 5104 5333 770 6423 4230 7454 4624 
163 2389 9173 7974 4100 5536 1867 244 3588 1253 2295 2787 330 5150 5343 7480 686 467 
164 8388 8851 8589 4487 3715 4285 6738 7467 9885 6507 8701 1037 8653 748 624 7821 
165 8719 2711 1749 3238 7259 858 8598 3479 3262 1132 8582 8681 441 9376 6048 5946 4925 5676 7737 1315 4580 8493 9332 3199 6750 2533 
166 6676 8651 1728 9496 6453 1898 4402 2274 4245 7392 3229 9775 7419 247 3789 5849 5726 1515 4011 1430 3408 5253 9205 9637 7895 8157 4091 4941 718 6772 6765 675 9822 5413 7087 8601 6566 6298 7199 1736 108 4463 7320 1542 4517 8733 9083 8713 5547 8008 7068 2212 7519 
167 8371 1619 1587 2299 7716 6204 5040 4110 5345 4610 8683 8448 5861 9772 5773 1807 
168 624 504 3755 943 2782 5592 7639 8938 5934 8714 2992 5302 5689 8335 7033 6001 9565 
169 8310 5628 7449 4375 2429 486 6087 9944 6543 6346 2705 2195 
170 9997 1757 5002 8268 5813 4755 22 9384 4954 2315 817 5180 3344 6963 7930 6381 2002 8594 4045 
171 8410 8298 1034 5647 6162 4949 677 6633 6088 3554 505 1116 
172 5876 3476 9368 9357 6685 1306 1685 8636 1077 6 4697 9295 4707 2206 648 9369 8151 4349 1315 1638 9600 
173 7805 9710 4940 1122 1061 497 7596 4289 6735 8433 8320 7188 
174 2972 4844 4414 5594 239 6057 705 9582 9911 234 1749 4455 9871 1319 1332 4811 7657 4888 9027 39 2794 5526 8506 9218 7123 1610 
175 2341 4741 8592 9984 521 3319 3100 4692 6925 1402 9789 9749 8961 5721 5566 1129 8205 4707 5558 
176 9506 1385 2911 613 137 474 9716 4667 117 5396 4925 400 8809 2879 3486 9997 7930 8333 
177 2070 6018 260 284 2639 8798 8319 2988 9202 9602 2025 7071 7765 1118 8660 5815 5798 1272 5185 
178 5687 7156 512 3469 7605 6162 7472 2893 393 5908 9066 9015 1282 
179 993 7213 7369 247 1658 6903 7101 4402 5462 7123 1554 2409 1195 4783 6075 7842 3883 6324 7606 5239 4941 828 1800 2212 2693 1137 2902 3190 9027 863 6464 8022 718 4628 9025 7146 7569 2150 3835 6739 5639 8836 469 7314 56 456 3125 6001 1934 
180 2353 565 6940 915 9037 9535 3984 4932 9066 4126 8086 6897 
181 5009 508 7483 3880 6960 7789 3270 4033 1255 7781 9476 6603 944 299 9115 2377 202 3723 
182 9090 2939 6126 525 2677 2717 1381 2246 5044 1666 6576 6051 6653 1050 5303 5546 
183 1614 9611 5321 9942 6389 954 3365 4487 67 2865 7479 8366 3336 
184 4739 9755 2292 2298 3976 4971 5503 3748 9255 9167 8698 3465 6798 5609 9073 6839 1889 7694 9485 6768 7049 3707 6899 9522 9109 2965 102 1569 6551 5698 8580 
185 1707 4309 3297 66 7045 2659 1428 1156 1465 8350 9506 1267 7310 1798 4534 1019 174 
186 281 5408 9869 488 5407 5411 8652 3360 1330 6168 5567 2014 5647 6961 9618 9838 6377 278 5772 
187 9039 3907 9335 3807 7197 5703 7596 6753 3188 1797 4089 5338 989 
188 7350 9816 2244 3 9740 9253 731 7391 4798 1598 1845 8752 985 7351 1937 1140 6752 5178 828 4086 8493 878 7033 9476 9086 
189 2539 699 2697 1317 6032 6603 1667 1569 3015 6530 5269 7500 1183 1004 4921 431 9846 6398 991 
190 8969 6923 2218 2640 7489 8473 8670 9316 6600 8871 2127 9656 5690 9218 1020 7336 
191 9598 4450 3547 9608 8531 8533 6053 4093 1491 5910 4070 9970 1495 6592 6982 3092 2125 8908 3926 5141 9689 8392 2873 857 1963 8256 4752 5400 3117 9478 4591 6070 7210 6502 1139 8919 4695 6226 2954 5909 8217 2892 
192 4983 6618 4541 6871 9311 4462 5730 3072 9440 7030 8862 7075 4832 1789 8236 6491 8936 8254 5192 9465 
193 8795 7435 206 3776 5396 2339 6667 8107 284 9521 8060 2505 2193 9202 6662 1941 9751 5797 1424 
194 3345 4216 7071 8935 2002 3275 4898 3986 9293 4574 5497 6473 8770 3747 6485 7426 1941 6677 5185 7739 6174 2191 
195 3629 1457 3157 4086 7154 9431 8508 5695 1345 4493 2624 7452 820 9523 210 8205 3987 7253 8578 1051 3433 
196 3923 3319 1538 8787 1364 7321 6188 2897 2203 2123 6880 5143 5696 9380 5737 6484 8363 3870 5630 3963 4214 8195 3576 8223 9031 3812 6321 2396 7598 9407 5292 5224 
197 9992 210 835 9707 789 3297 8529 555 637 6942 3375 8672 7489 5060 5400 
198 9497 6150 4597 9524 1540 5161 3580 6892 9474 9811 5635 8301 
199 553 8097 5795 6225 6356 5728 1646 9770 1641 102 2730 646 8800 5724 8604 6104 2066 1132 2797 269 
200 8170 9342 8148 6515 9111 7187 140 7000 6587 2373 1588 9666 9569 3596 1929 6953 
201 546 8966 6057 8308 4556 8405 8852 3486 1746 8204 8763 2562 3641 1368 3208 3814 
202 3474 5933 207 4584 7185 8358 9256 8533 872 5129 8282 9943 8726 8290 2496 6867 3146 7788 6144 3454 2165 9313 1719 820 3476 6717 5793 3555 2403 7669 8062 
203 8254 2910 6001 7769 8628 8167 1095 3566 3664 455 5045 8535 4970 8486 4771 9750 3386 4546 8451 1962 2107 7216 7123 4709 9362 4066 6332 443 
204 7499 6993 1813 7338 4218 2246 6964 9867 3766 5687 8314 8518 
205 8113 6935 5584 3227 7765 6122 2438 8582 8967 6718 8252 9336 6223 822 8977 4123 1859 9480 
206 8414 1542 2607 3331 7948 5198 8726 7788 1405 6554 88 4317 250 912 4661 2897 3125 6817 8049 3950 6324 8257 6424 4269 5019 4971 4616 496 5286 513 9205 1164 9720 7126 9436 865 1950 4907 3607 4941 9290 5838 2486 4056 802 1858 6970 5033 7755 454 6359 3408 2095 5030 2923 5887 9299 
207 366 4635 2389 4859 9383 8564 3775 5468 9559 6219 6992 1394 5269 
208 9194 3325 9070 4316 5865 1179 4589 4579 9683 8676 5417 2599 
209 4626 8528 6945 8145 2064 6549 1900 1391 4021 2978 3561 3842 7486 4988 7254 4437 1139 9720 2109 5254 761 4843 6534 3125 6652 8150 3207 5810 5163 5997 5772 560 7922 2085 3468 3528 3363 8209 660 5885 511 7077 3865 8687 9806 2651 6141 8414 7845 2979 3630 4561 7864 7698 7744 8423 8022 8140 2412 468 9594 8609 3022 90 3184 3958 8775 5270 8325 7786 2485 6251 652 3320 
210 9228 3872 2532 9845 9223 1039 1840 3235 1866 9770 6996 5151 2579 
211 410 7075 1185 3454 3497 5301 1786 8478 7199 5735 1264 5379 463 234 1204 5126 6939 7671 9253 6576 6683 4752 
212 1177 8965 5162 301 8151 3606 5658 7831 7261 6990 9285 2717 2398 6234 6405 
213 8257 834 6615 5385 9806 9640 9645 1898 9055 6898 5054 917 3125 8251 7426 9114 9775 2972 8058 2902 2652 1206 9395 9398 5150 759 1292 6269 8352 2393 1085 1452 9470 9496 8947 8167 910 7183 3706 8566 2060 3905 
214 4051 6873 3847 2933 6780 6711 5631 9130 4398 1481 488 5977 6477 
215 487 4939 8090 8570 6320 6496 3683 8970 255 137 1290 767 5836 3210 703 4468 3596 3578 1619 7549 1510 7280 
216 2713 7551 7719 2803 270 5004 5035 7626 4257 1010 9783 7507 
217 7984 4691 9805 2474 1523 3689 6201 8465 3631 8220 1004 1319 4866 5982 1833 883 8279 8816 4514 2546 1948 9192 4733 8927 5172 719 
218 6651 8131 2203 1969 2292 5773 3683 2237 3495 8939 3352 1807 494 9499 7131 3403 3456 862 3054 6758 8089 5061 8014 7998 1552 
219 7369 836 9499 7323 4055 8361 2074 9831 2764 6867 9563 9233 9505 3036 1124 8090 6406 2552 272 8574 4804 4514 1859 2161 2865 9443 
220 6753 5360 3488 605 1126 4458 5533 5293 2947 7721 7633 8826 
221 8136 1876 5503 9865 9409 2542 3843 2266 9505 5301 3141 9185 8044 5482 3165 3374 901 7068 8221 9989 6604 6567 2970 494 8985 5150 7728 5247 
222 8102 225 6254 1939 6269 5719 8456 7673 5088 3408 738 6652 130 517 6280 1241 5589 8612 4002 9256 1452 8998 1095 3603 4684 4057 643 5713 8358 1247 3965 1319 
223 5862 8498 1289 9733 719 9008 5860 3961 8841 8539 5304 6765 177 6550 7289 8428 6528 5838 7568 9580 8375 2569 9908 7742 6802 4959 5194 8600 8696 2768 8883 5288 9205 139 8958 4760 5898 1058 405 949 6675 7861 1904 8169 2651 7206 3395 560 3380 7026 8386 1123 6771 9036 7553 2589 2927 1206 9806 782 6028 9649 9551 9230 7630 325 4606 6447 2752 5758 7012 4647 2668 2818 6949 2263 912 813 1167 6980 2327 9139 
224 5584 3098 3235 7230 3225 4327 1806 4213 8842 6123 9994 1644 6418 6155 2294 2499 7813 7101 
225 5948 437 3707 1850 6544 2938 6198 2239 9337 6362 5434 4260 9605 3839 5150 910 3875 9666 4348 8918 1737 4529 227 9515 9162 858 5494 3186 5067 5189 1281 2837 2095 4021 
226 5841 9183 1543 5388 624 6094 5983 3729 7720 8843 7590 1233 6991 
227 4604 4816 5695 8660 4379 1263 2445 6840 3313 571 1911 5181 5512 7944 4820 
228 6476 8734 78 2325 553 5356 7131 9865 9045 2763 3675 6559 2431 5905 9406 1917 
229 8970 9711 9883 9295 9569 592 8400 7372 6729 4203 5278 6173 2234 4975 6567 5815 2968 5355 8053 
230 1032 6092 3669 5818 3818 1674 9141 6212 6981 8729 5390 5459 3963 2047 1955 8367 8807 2577 
231 3723 6355 7542 8418 8256 176 4034 2693 4011 133 1642 4354 8856 8687 5095 3675 7314 7740 5925 1396 9283 4988 7365 2970 7922 5777 7151 6053 6699 4749 5254 3343 5500 7725 1465 1737 3453 783 2274 5826 2444 6301 4063 3052 9684 2676 
232 79 9968 7652 7413 8406 6030 2340 7732 2155 9848 7880 4855 9139 7949 5848 1625 7266 7852 2666 5099 1752 3032 3728 5643 8462 5869 3783 2904 205 5445 9138 7429 2858 4728 9465 1117 9444 1348 7919 3753 8528 776 9467 6067 7053 9443 5902 9659 6545 2349 991 761 1375 3113 2158 5783 7511 3304 5677 4962 574 1042 4362 6178 7481 1083 476 6899 937 5448 6216 9461 84 8618 4501 9979 1560 867 7630 2699 3146 4457 477 6687 2426 4045 9230 4886 6369 523 8104 8685 9677 4923 1252 4423 6737 1552 3363 7105 7049 3468 7179 208 673 7355 4151 3507 2537 9040 7820 1868 7204 46 2847 8439 3432 6486 583 7579 3104 5122 9003 238 188 7756 3586 9688 6550 3089 444 76 9086 5029 8922 7320 2005 2260 3207 952 5898 2768 9215 1110 4660 1429 
233 4070 7740 9174 3007 1293 1642 110 4567 1354 7771 3704 7733 5502 9829 1123 9688 8142 8106 7659 5609 8628 9764 3053 1889 5726 3052 4670 9815 5104 9704 1365 3727 2842 1464 5365 5546 5494 4844 
234 3991 8488 5658 1335 8789 1259 1997 548 819 303 1666 2283 8949 1855 8803 5124 4224 3236 
235 2239 6729 8027 3612 1112 5889 6566 2307 75 4974 145 7684 6611 58 7180 7602 3305 3537 4437 3403 1877 7811 9764 7167 252 4893 4494 5245 6677 9621 3356 1850 1354 9775 7092 4822 9917 6898 279 813 6280 
236 9431 1794 2247 8486 7099 989 1920 1624 7526 5793 3047 6330 7788 3540 6197 6262 1566 1860 7683 1085 3505 7467 1332 912 5171 9073 9091 9961 937 
237 2890 1873 8961 8826 822 1415 304 7572 123 9944 55 3005 1569 7889 9416 4607 6734 2198 
238 554 5531 1352 7720 9943 8142 6666 4945 8891 875 7216 6729 3679 8729 18 9965 9273 6236 7110 7868 1550 1685 4439 6701 3656 950 2286 2917 6028 
239 6696 9865 9259 985 5702 6332 5609 687 6676 2156 9885 9822 3533 8168 9398 7057 310 3493 6338 4210 9395 9377 1839 9646 7525 145 6666 13 132 6099 3230 5166 6262 9510 6699 
240 8379 6940 1148 9030 1586 1843 9841 2802 1307 5529 4415 1627 7663 
241 3910 5096 516 2464 3590 8708 4807 8652 5825 1249 3677 6151 2657 6018 8837 551 
242 8078 8881 971 7737 6063 7178 6962 8930 7744 5572 469 7706 496 8912 9376 1081 5277 4302 2810 8507 6139 3935 4780 4079 9463 477 4093 4680 6829 4245 4626 541 7790 5921 2030 5520 2489 9211 132 9586 9995 910 5155 9640 8167 9337 5019 8062 
243 8362 5247 9045 9409 3916 4973 3386 6398 6084 3474 4602 3 7553 9348 2781 5492 9498 8927 3255 5700 2342 2877 8342 7278 9712 2433 3356 3377 
244 380 3046 6736 4336 786 5110 3524 1019 3297 5827 8211 6918 2616 9041 
245 9097 9132 9026 2446 5674 5981 5593 9065 3653 1181 8168 2299 7769 1585 7177 4043 2774 9563 3476 4888 5607 1273 7400 485 4698 1948 3811 6528 6376 
246 1889 8135 7960 6073 8985 6437 5501 5433 6675 690 8776 9395 8688 6153 4070 8686 3673 7670 4252 678 3505 5294 6011 5477 218 6022 1719 6102 5288 7476 756 6815 7291 2393 9684 1963 8690 4056 
247 8803 3154 6530 6683 7127 1469 3176 6507 2946 6738 9952 3997 3530 887 2562 2358 
248 33 9753 3948 6155 9589 3349 3549 1940 3677 6112 5950 948 1499 5679 3845 7331 
249 5302 2549 1690 617 5259 3876 1034 6732 526 5098 2960 9589 8296 8837 4622 
250 7795 545 9800 2856 9211 5548 5212 9169 246 7198 2074 5810 5349 8185 6324 5654 6748 683 5030 7606 4345 2613 863 7787 4313 1780 3047 9757 8418 6046 6731 4385 6359 6326 6550 405 2458 5993 6139 8445 2085 4156 2652 6698 828 5177 7369 7486 8078 7861 9795 7586 857 8251 5038 6049 
251 9826 5954 3956 1059 716 4361 343 9292 5440 904 4939 7955 2767 9367 748 5904 5234 
252 5023 5250 4100 9603 1408 2417 4029 4162 1943 715 212 4220 8476 4803 787 
253 7960 6175 9089 6752 9904 3447 1169 7064 4308 6352 6685 1292 4188 871 2526 6705 4372 8377 2168 8842 4409 3233 8632 3495 
254 1543 6619 1222 7695 941 1226 4141 4191 235 7079 5985 9867 3048 
255 2 9533 7153 8293 8130 352 6584 7997 1117 3103 3586 8495 2013 3521 2615 5643 3111 5869 1524 6458 7285 3885 6054 9573 2155 7219 3981 5788 4824 1934 3905 4728 374 3541 8484 5248 443 5775 7012 2175 7 1348 8920 3792 2875 221 7519 3043 3050 2870 8794 6014 2699 6216 7280 4786 8685 5397 5095 4787 6281 3784 3700 135 6447 4108 7193 5193 5386 9003 1083 4079 5156 3146 7806 6978 4463 6454 2679 2158 5111 9933 3630 6797 4558 3184 3533 3240 6095 8439 2518 5448 8896 5483 7456 5006 2595 9349 6369 2929 1904 4071 7200 5543 3158 5304 4134 9040 7474 6980 7367 2128 2260 9955 1025 2583 9032 7710 4367 5457 7669 8005 3528 5997 9836 9013 6899 9677 6067 3079 640 921 5887 6060 8145 3914 
256 6897 9295 4983 2885 9846 4880 9964 4193 9749 2647 5581 7395 790 9341 7117 4572 465 6303 2595 
257 3515 3582 271 8294 1075 7034 3349 2544 7821 3581 8340 7321 9362 9791 3016 1606 7096 3808 2358 
258 81 151 5867 8723 2994 1242 6140 1878 8562 5164 9583 4178 8677 4254 3265 2164 5421 9544 7057 1051 2066 9370 9443 
259 8026 4033 1809 9549 5592 5690 2516 6578 7815 3779 9314 3447 7647 1905 2906 8986 3117 1032 2676 
260 2375 5813 1826 5050 2254 5444 8701 1142 9825 546 3670 6789 83 1957 1500 4348 
261 3495 6953 3790 2454 7048 413 8268 4431 1876 1531 1077 8658 6592 141 8465 5085 1445 9961 7477 283 7239 5045 5474 8684 5767 
262 7985 5374 175 8882 809 5897 2844 8824 1972 5764 1215 9832 3220 
263 9628 8530 8408 3322 2529 3267 3776 3099 7894 8391 451 5481 8710 
264 7772 6808 4805 3425 2465 6839 8371 9858 1330 6861 804 4698 2452 8135 3864 802 8770 8829 1933 3835 1935 6999 1277 6197 8405 5492 9086 
265 3724 51 4454 2225 9844 44 3990 8811 6850 7566 7487 2627 7373 
266 5080 713 6408 14 8876 8514 5086 5621 1060 3188 1356 182 7212 3153 4393 1397 1315 
267 6459 5278 5907 9789 7405 5441 7970 3797 3147 9581 3314 2097 3213 336 965 7036 3664 872 157 3219 2871 6408 
268 6228 439 9071 3916 7024 9041 9348 751 1806 8139 1586 9327 3967 6131 9543 9481 8728 
269 5714 8523 6979 777 5242 8162 5250 5863 4415 6825 3291 2648 3530 6401 
270 413 133 7165 2797 8306 2783 8628 1464 5772 2633 2653 7688 3052 4780 1296 9026 3088 7526 7092 5065 3352 6400 2634 6863 5982 6334 5659 2444 8911 793 
271 7124 8518 3799 6333 9969 9145 1602 3529 2553 9685 6756 1522 8452 
272 1849 134 3818 1832 9115 5623 4416 5961 6851 4612 7708 3510 4778 2576 6105 5201 4984 
273 7206 1223 8445 1391 6285 5251 3064 1638 6115 2183 3354 2085 8756 6351 8728 6895 545 2001 557 3504 340 7694 295 2679 9677 9215 6492 3781 726 3752 6671 3827 1305 5964 2739 8600 9970 4156 7456 8235 1510 8189 3236 6369 4401 9892 813 9464 2768 4907 6836 2489 9837 1498 2651 8887 2383 145 7922 1150 5871 6292 6226 496 8832 6161 3103 
274 4629 9844 3661 6670 24 2355 55 9412 169 8113 9087 4486 2933 7115 9449 4356 
275 7536 6509 945 5836 2319 6148 8605 5910 8290 3585 4359 987 3308 4420 8598 9911 5639 1276 8708 4102 4890 7754 5358 4571 
276 2269 4993 2185 128 5244 390 6992 6834 956 9802 8258 1484 5891 310 
277 1311 8480 1041 5804 956 3562 7859 379 616 8234 4226 1810 9569 5331 4603 7030 
278 1092 4264 3696 9787 7472 1360 2180 7860 278 3256 7024 8388 4797 8181 4358 5466 
279 2591 981 6184 4415 6490 4284 1924 964 6812 8753 7681 4727 9964 2072 900 9843 7647 8538 8815 7960 1465 
280 5109 474 2540 4486 3115 3397 6843 2293 4238 9734 3557 349 5857 7350 3230 8931 3080 9722 8027 7039 
281 7767 8170 4743 633 6204 526 1521 3114 2432 7617 1548 6925 3606 3140 8195 
282 1787 4791 9976 7292 6241 5879 4243 4865 4202 5119 1880 6260 
283 9511 8736 2635 3457 3044 4478 8433 7004 4882 5612 4950 8052 3635 
284 2206 8427 2568 1381 1428 3263 9279 4689 9173 2315 8677 8968 1901 9861 3549 3588 69 1869 
285 8516 5257 4574 281 4080 3098 1757 136 7692 8331 889 8019 8403 944 2275 6809 2390 2647 5333 
286 8709 8355 744 4774 6232 5421 7432 7692 9491 2633 7422 7000 411 7980 758 4403 2877 
287 6636 7397 5347 9520 1444 9507 8610 406 9839 815 2400 5867 
288 2127 8670 9177 9188 7160 6685 5470 3457 2599 8003 322 4532 
289 2185 9440 8429 253 7293 9317 7683 9141 3552 6512 6952 2027 4259 6479 3167 9839 1305 
290 7978 6201 9149 4420 151 6086 733 4029 9080 8486 729 7136 1471 9635 1259 4092 3355 6555 5062 933 6416 9795 7708 5149 
291 1381 5232 2811 9268 7613 8223 4857 4347 4306 4065 8243 356 9794 765 759 3157 8681 3416 5863 
292 9501 6604 2884 6374 2392 9638 2994 6555 1789 2730 2741 2465 4627 4497 8712 4224 8294 8340 7904 9091 1574 1212 2194 5849 
293 3989 6739 8256 3547 2404 4282 9697 8058 8893 9735 3190 9704 9751 8855 4636 7064 61 8685 3539 2125 5211 8028 3841 6909 6400 9025 1106 3049 5043 5214 6343 1579 1932 6409 2792 5520 2633 2038 
294 4258 4604 5461 4033 174 1924 223 3214 9942 8286 466 5597 2907 6461 6640 7936 
295 7536 1807 9521 9918 6421 8770 2877 8340 39 4710 1523 5045 3839 4586 5143 2951 5998 1276 4695 9837 3547 6810 3684 1624 7064 7541 2792 5253 1670 
296 120 5267 7363 2096 25 5511 1541 6122 1682 837 7137 435 1782 8230 7504 7833 
297 8405 8949 6262 4586 4327 6126 8573 3008 3969 2305 6417 4596 5732 81 1855 1301 4481 6412 9042 5980 9040 
298 1947 81 6237 8564 4744 9627 4687 6150 3292 175 3494 1084 8270 
299 8822 9302 4871 3109 9159 9047 1953 6702 8852 4276 9252 2909 4010 5002 3590 4389 9583 
300 5578 6291 4173 9606 7983 5237 326 9448 4312 2103 701 9867 
301 1223 1702 475 9733 3102 1071 7048 3567 7599 6460 3020 477 6833 7026 5316 9777 2856 6836 5777 6336 9892 397 1167 5996 9259 9470 6453 5383 5925 7842 8146 3827 9281 8218 2198 2444 3383 7459 7664 4359 279 6630 7749 784 3135 8693 2486 7126 5163 
302 6840 5973 8636 7463 9264 8275 6145 6521 4223 1596 3677 2559 5268 9342 4842 
303 3215 343 1373 2580 66 5969 5103 3368 4857 5816 6523 3386 6570 3987 5335 9451 2292 8452 276 8885 1658 
304 7314 793 336 7692 4799 7971 1129 487 8604 4214 6409 8519 2156 7351 2325 1472 7442 8748 9548 6897 3714 1220 6921 6163 7932 
305 2945 644 2047 4010 8197 5440 2115 6541 9986 5186 4243 9877 2733 6354 5171 
306 2433 5474 2546 2884 5178 8899 9352 8710 654 6338 6767 4548 6491 2542 3231 9172 56 6961 9325 8418 4401 4822 5501 8122 3821 9780 2583 6250 6071 
307 5620 4566 9217 2202 7722 9239 667 2218 4511 6656 3621 3122 
308 6348 215 1746 4039 2647 1064 7946 5110 3680 5366 1843 8765 32 
309 1742 2558 4145 1434 3691 7154 6274 9717 1539 9056 2004 7862 1810 3845 2339 
310 1772 6914 6381 2294 4557 4796 4320 3550 1041 8071 3099 9723 2808 8790 7141 4364 1826 8248 
311 613 5660 1439 4320 260 9071 2320 6680 4453 1940 7082 9414 2639 1924 9175 8585 6476 7110 4697 8257 8499 1581 
312 2962 8387 3032 9930 1657 1328 7474 9955 4091 3961 8068 5921 7333 454 4870 5194 7929 9178 7615 518 5966 4107 9197 9107 3380 9822 8333 6945 7085 6982 1025 476 8908 177 8920 7732 6073 6737 7950 4367 8332 8428 8797 9777 9483 6391 4752 5451 2583 8345 638 2491 3731 8649 6487 4437 9654 9933 4343 1647 6978 4269 9191 3073 7254 7162 6054 5239 367 9510 2538 1150 9349 7791 4928 2735 4561 6216 860 5752 6060 6771 5580 5251 2902 2064 6061 2707 6625 468 5149 4104 7579 
313 4835 5131 760 2911 9932 8181 4505 301 7312 7079 2456 3633 6233 4739 8612 
314 1556 353 1369 3884 4562 71 3009 2371 8853 1501 1197 756 6377 8179 
315 321 79 5715 2 2962 935 2555 6613 7652 3012 6938 8994 3894 9968 9007 9533 427 7153 4199 3074 5412 1668 7762 7949 3936 3877 8125 9244 979 7699 9842 2288 5748 2121 8491 2643 3982 1774 7883 7296 4855 5880 9545 7413 5962 7120 6547 1299 5507 6101 8387 2340 745 5340 6258 4314 7240 8005 9848 1984 6827 1534 3830 8134 5869 6692 259 6030 4901 4020 2327 6327 569 4326 6054 6021 447 5064 7732 8644 5437 7709 4352 8293 8431 3371 412 5219 352 7880 1238 9199 1105 7997 3103 3023 7438 1343 183 2155 6537 3783 3144 1625 4340 8812 8130 3163 9930 3521 5307 7517 4909 8716 9270 4985 3836 1429 6672 3376 238 3602 148 9903 9129 4311 4377 8406 925 7575 6635 7736 4176 3885 9224 9453 6778 1125 9301 8043 6134 1117 3586 3584 6044 6538 9197 7864 2892 3316 420 8284 8193 7055 8910 2904 8830 2666 3111 9013 199 6584 4531 5643 2704 6404 5445 9615 450 7219 7713 205 8212 1524 4341 6467 1134 1383 8470 4728 1763 2630 5341 4035 7001 9990 5322 1058 3543 4624 9160 4679 4958 1752 7285 4664 6082 7133 6141 838 3232 2437 3077 5326 5775 1496 9299 625 9265 2422 1731 2182 5862 8462 1557 6458 1956 2114 2790 4527 5446 3728 6161 8498 6712 9404 6296 6465 8116 1353 6470 4824 1289 9374 732 5156 1149 311 7759 8722 1042 8663 7782 84 6020 1784 843 2264 2128 2480 2052 9461 105 3004 9178 7791 76 647 6482 4180 8069 9852 9573 4967 6967 1934 847 8105 1216 3753 7545 780 1454 8671 2175 753 6170 1670 8711 3427 5917 9607 369 9731 6534 3261 7012 6611 5821 399 9669 5386 9483 300 6920 5451 4129 8487 4107 6153 2858 7669 8832 1750 1256 8920 7806 7968 5053 1710 6014 7 2662 5175 4362 9931 200 3395 3379 9023 6360 6196 2685 650 3964 4786 6187 4539 2439 9043 6270 2898 3981 4526 
316 3882 9141 2392 6799 9716 5068 7435 286 7885 1533 4834 626 5724 699 8014 585 9868 9753 3364 3491 
317 2985 2534 6389 9939 2747 6694 1501 7500 1785 5368 5083 4283 3210 
318 7203 9971 4845 6040 7431 4973 2423 6525 8911 1067 6 501 3831 4504 6075 4944 4583 7409 5857 4651 1339 5993 
319 400 501 6418 9332 9589 5525 5065 3909 6525 1414 6048 4493 1457 2001 7068 8340 8371 3629 666 4086 1971 1352 3434 
320 2365 8477 7867 1056 3003 4040 3286 8144 2796 791 7969 7561 
321 5042 4602 190 2032 5185 4972 9846 7363 3025 3656 9804 4150 1248 3044 4798 8780 7496 7260 1606 7452 1619 3681 4537 5604 
322 6100 5194 8049 1091 1950 866 9004 5645 376 1728 7787 8174 1638 425 7586 6487 332 8183 4168 8068 8386 8531 9993 8934 4962 8651 7012 5386 1504 5457 6790 9940 4385 6332 9800 8423 550 1981 4378 1498 2867 7410 7742 6731 2857 246 2670 8418 7454 7026 4282 1542 1554 3172 2760 4717 2698 1780 2774 454 5801 4302 663 7610 6537 
323 7541 1878 5467 7233 7971 3268 7400 2382 7405 1389 7123 3425 1310 2711 2464 5373 3916 4797 8441 898 2676 3989 1912 6570 2165 3275 8532 813 
324 1904 250 1150 5304 2760 7379 30 1123 2198 4004 8687 8883 9795 6790 8601 8209 4079 7252 2979 5849 560 8227 3081 1942 3061 2005 2136 9551 1858 2192 5112 6251 712 4890 4168 1137 2109 6797 6236 652 6608 295 3393 4784 6771 9014 5383 3427 9120 1305 1869 860 3750 7569 4345 3236 2867 2932 3354 1607 683 4843 88 6631 7254 7105 3801 4069 8880 2003 7210 
325 6375 9021 6414 6619 4369 2787 111 7238 9212 2539 5843 7556 2463 5217 1368 
326 89 2116 1678 6282 5430 1297 3840 4937 4407 2335 861 616 8373 8065 5331 6578 6129 7209 5457 
327 5342 5109 152 1805 4307 2149 202 6619 3524 4053 2137 9861 2159 1960 7485 
328 4966 1500 8508 6359 3909 7893 7956 131 8019 1365 5177 8918 2462 3220 3231 6084 5214 3465 3515 3278 2806 642 5441 5228 3230 9407 
329 6953 7036 126 2737 7425 2661 575 3409 8614 7336 4159 2603 663 7040 6334 354 9323 1779 4342 3708 2604 1367 7706 3164 7078 5961 2982 6961 8519 9428 6549 
330 9273 7202 8930 5884 5740 2784 5661 2617 3159 3545 9351 3714 3101 3823 3827 7434 1206 1387 9485 8775 3607 2342 6377 8503 8612 575 7960 310 9576 8176 8363 6298 5523 365 676 7459 6281 
331 9844 3447 8460 4919 8074 8574 5086 6807 9938 4979 8715 6498 3028 5185 8824 
332 7054 4596 5794 4771 372 5773 1031 3314 564 2906 4402 1876 4822 2842 4249 1209 8532 1859 6717 2150 1389 934 9805 8015 6415 5875 6401 8259 
333 2096 7169 1259 3265 1449 8683 8827 8516 567 8622 2764 945 5910 4960 4369 8798 7082 2499 3021 2837 3249 
334 8427 2552 8594 234 286 708 1086 4299 6040 8632 8522 7432 5572 8516 7457 8336 9820 2809 964 1745 8081 135 
335 9435 4616 6770 5234 6336 6084 5801 6374 6469 1702 5138 8176 3102 5492 2491 668 9031 2856 8634 7607 8506 7912 3707 9283 6149 2873 738 8894 8566 4077 232 3664 4260 5889 6669 4959 7367 4752 7078 5775 
336 9788 1423 9564 2807 1225 1964 3460 6125 3686 1856 1540 6019 4842 
337 1365 1942 1642 1770 6734 7050 9632 1242 1083 5129 8881 3226 2608 1761 1339 7146 5896 6063 6385 5132 7087 1916 5471 1265 1705 9031 5365 2000 834 9385 4081 4526 7221 5661 5740 9478 9829 9380 3241 4804 385 1583 
338 2612 7526 7233 1106 6438 7618 5531 8784 1181 9181 4803 2736 1219 264 9522 6071 8918 3926 3665 7604 7278 1686 8780 610 232 5520 8081 3 5636 
339 5915 8672 8954 5755 4295 322 3018 4514 3437 5620 7967 4785 2097 6320 
340 4029 3446 9678 512 3245 19 9922 9411 3678 3001 1035 9056 
341 6069 9433 1993 7205 9613 9440 7775 6479 4084 6787 9884 2180 7390 3965 7613 9290 
342 2660 3167 1477 1098 2018 2226 3155 882 5106 9706 1781 4505 6831 1829 742 
343 2240 5715 321 1668 7153 935 5762 1774 6327 4901 4035 4020 2643 3758 9842 3830 1979 9075 5064 8711 3543 3521 183 8491 412 1105 3371 4314 8125 3584 7709 238 925 7736 9224 8644 7652 1429 6482 5248 6778 7713 6538 8212 5307 6458 450 6986 1134 9244 9299 3877 9404 3316 4176 5437 4765 8812 8105 9374 8663 1752 6014 8396 9930 8498 105 4527 8193 7791 1383 7751 84 6082 9461 476 9138 4170 1042 2533 2414 776 4909 9086 8235 1763 1731 4958 2790 5788 3106 8920 9443 1216 1454 4501 2898 3541 4786 9659 221 4457 395 7710 116 8345 9979 7204 1601 2422 300 2870 9107 5029 5111 8907 8599 2904 1476 4531 5097 552 2136 5752 5072 2058 2858 9219 7511 2304 4626 8227 6153 640 6369 46 8618 7481 952 6280 8068 9731 5053 541 1496 1328 6978 1710 2768 5122 2439 2699 3261 951 1287 9600 5899 4234 7439 6687 2611 7234 5014 2569 4787 8484 6545 6447 4639 3513 8487 4071 6528 8209 8248 9688 7413 3304 8332 8922 8104 6424 7088 2847 3073 4423 5784 9713 4034 4526 2340 
344 9481 5840 4192 2141 7707 101 5190 2683 5402 4162 8198 7353 7930 9285 
345 1208 1964 3428 9501 3579 123 3705 2017 9292 9821 1675 8589 1874 2143 1317 1255 8586 2902 
346 4993 7593 7463 9460 5048 5240 3745 1699 8350 1690 3532 8978 4257 8732 1049 
347 6587 9912 4117 7679 6915 4583 973 5505 7293 8888 3110 4946 6578 9080 6758 4364 8538 2894 8028 
348 8124 9380 4356 5846 4752 7072 5553 5604 783 7678 1800 2696 3750 3049 6415 1157 6074 8220 6046 528 1336 2617 6544 9697 1912 1555 9364 3882 6786 1387 5771 8087 5857 8932 872 4658 8053 5026 2019 1149 
349 7989 5124 1130 225 6398 1277 1721 2608 7564 7372 6843 3134 2144 7590 7433 1103 3897 8388 5738 
350 5794 9555 5523 6815 1933 4815 6226 6011 1566 9496 5224 9580 1665 8939 8221 787 4212 5171 6727 2247 1929 8700 485 3969 7509 6321 5989 8579 1367 8838 7476 2171 7979 
351 5833 1623 356 9780 9216 8265 3804 2634 9087 2863 8743 8636 3609 3515 2828 6662 2149 4629 2302 3965 4965 
352 9384 6290 2305 4209 9190 1098 7796 9135 4306 5454 7354 7979 4707 7934 9097 874 
353 4462 465 2293 2764 9063 178 2032 2097 790 5216 3657 8031 4300 3575 7253 7090 1411 8236 72 4354 
354 5233 4309 4213 5751 1631 1 6240 7342 5984 9367 6865 826 1535 
355 5726 4834 437 4645 7673 5605 8054 1491 9957 6608 7142 829 5033 7101 9341 7136 1685 7364 7165 4333 7007 3863 2474 5526 6604 9609 3871 2982 2692 4159 6748 
356 3024 997 6667 7939 5678 7354 9627 2717 8661 6393 5218 4566 1044 
357 232 1826 8335 6718 6429 3732 914 1461 7154 4271 1528 950 8180 6570 5389 8751 9560 7433 9428 4222 
358 79 9007 8498 2349 761 7790 8345 8307 6454 4350 4558 5917 2569 8896 6178 2345 4923 7162 1375 9215 7820 5359 4343 6281 3784 1079 1260 8068 9947 850 5397 2857 7234 4004 6737 3207 7933 7193 5401 7049 5038 2192 2003 3104 1831 5758 1601 6744 921 1871 3316 5921 9933 4222 8121 3251 4060 2673 8259 7147 2491 2414 9940 267 5090 7919 6945 9480 2589 6390 3757 4619 7085 7630 2409 3703 2019 7950 1799 9993 8450 1611 9354 8907 2600 2475 3781 6549 9733 5095 6855 4442 5339 3320 9260 9032 4912 
359 4717 8531 8307 7068 1498 9800 8428 267 4884 865 960 3537 5043 6332 6061 2485 9281 4378 7895 6499 2183 5780 3160 9654 8982 9211 6554 7641 5826 1852 3723 2518 4400 9555 8188 376 1242 7790 4507 5254 5846 2752 1140 6625 5964 955 1538 3883 4418 7349 7013 1900 6631 9757 1504 3102 9089 
360 816 3699 8668 6412 5632 8067 6808 648 4464 9619 2624 1878 9621 13 6015 4171 6767 4310 2681 6639 6403 3821 
361 8030 6588 1833 1050 3675 7056 2818 1555 5277 2876 2739 2171 5349 1153 4622 9050 246 6810 4214 6424 6610 896 3268 56 5710 4912 6196 9010 2951 7622 6385 5992 2239 6095 6413 6511 3789 8210 8836 8251 2601 1066 7459 7392 8109 8055 9144 3537 
362 7974 9668 6600 4633 2302 3948 1395 8701 1696 2361 5023 3431 3375 5865 5873 
363 7604 7069 9087 3255 3670 5201 3386 5818 9798 3510 1204 4641 5700 1741 8167 4916 2164 1363 1445 7034 3946 5519 4468 2101 
364 1181 6186 7572 4705 9268 3121 4372 7815 6485 8980 8807 7060 6087 6919 4455 3278 2191 1649 4300 6627 2147 2537 
365 7061 1290 6429 7247 9668 943 9359 4930 3535 8659 8928 9569 8571 1060 8106 9182 3098 6853 7167 2932 
366 6939 9887 5785 7888 9159 6701 3233 7448 643 6592 6770 771 5217 9593 2193 6173 9414 686 1113 8936 9380 8894 
367 9689 9487 8029 358 7038 2729 6469 6491 2867 7040 796 1721 2266 3958 3219 7037 1841 759 7060 1273 1154 7752 7710 6230 8331 3612 5815 8570 3672 9540 7602 
368 9646 252 5060 1740 6705 6729 4680 2307 755 5925 5270 1593 5980 8307 4567 7314 1465 7606 1798 4684 1364 4236 6374 9689 6075 8859 6750 7811 8904 738 5234 5605 3225 513 1139 5062 2662 8487 
369 2146 3842 1396 5802 1658 1734 5318 901 5132 675 4893 993 6922 437 9633 4958 952 5909 6643 5636 1583 176 6681 2900 2057 2274 9470 2910 6509 8756 1741 8015 9836 5710 3706 5316 6261 3434 4517 7602 3203 7135 3505 5033 5155 8008 8269 
370 6808 9192 2244 601 3308 4420 4924 138 7889 32 7082 8754 804 4277 3149 6946 836 8245 8133 9755 1282 4171 9904 5504 6920 
371 6931 4974 4957 6102 7513 252 3383 2383 1174 6477 2595 7321 1081 3164 7938 8102 5500 5443 8686 4951 551 6400 8131 654 8363 1204 7683 1711 7078 1323 4823 9377 2783 4007 5175 
372 5787 2747 8646 8621 1178 7137 2915 2225 4729 9338 671 1340 
373 3454 6197 1436 3465 8800 4771 8854 5713 7525 2741 2416 4627 272 4699 1259 2917 7904 5192 5746 3125 1918 8532 3610 3174 7050 220 875 
374 8309 5301 5566 2990 9185 3025 601 4365 5389 8218 3545 6226 6539 4661 513 5416 9576 5384 2014 8784 8414 5547 5026 1293 4749 2542 3566 8989 2817 6551 
375 5418 7302 6669 9807 6362 8863 8787 7728 8782 5105 8753 6883 2323 6143 4549 2598 7364 5409 3165 3745 1292 4299 8270 402 731 3050 
376 4409 99 8805 1045 6 881 8198 7993 4369 4015 2111 6933 9928 519 
377 6544 5933 1932 5113 4699 7607 610 3 9238 2543 5193 5228 9172 3164 3718 3053 254 7786 18 2396 3044 9436 5413 7521 1395 2298 6374 1276 670 8036 7337 
378 7980 5728 8214 9721 7059 4281 4411 817 3863 8759 6893 6393 3042 7041 4147 9692 
379 3379 4801 5029 2773 9354 3304 707 9933 7049 4060 2192 6331 8396 9191 4619 7820 9114 7267 4234 4346 6744 3869 9510 7147 3432 1900 1260 9050 5966 6630 7200 3163 8728 2426 8423 6073 1043 5295 108 4884 9518 850 2707 2679 1790 7053 7355 6875 325 8053 8776 557 8696 9565 7379 5572 4912 7932 9688 5964 7629 8690 3119 9623 5038 9991 4957 3079 5504 8908 5090 6675 4134 2413 6029 250 2538 6391 8958 5043 5401 9709 5656 8609 6785 7950 2929 
380 9787 6883 9692 3582 2452 4429 792 5897 286 9302 2343 7419 4491 6445 1040 2673 6881 7975 9989 4549 9315 8040 8807 9364 3865 
381 7548 6375 7393 4430 1567 8476 9387 4336 3156 591 212 7079 697 5182 
382 8179 8493 4365 4584 2791 1680 6032 4212 639 4670 9807 3278 6526 8605 9003 8287 4788 950 6163 1366 501 1181 1608 6129 7142 8256 
383 7881 9418 3374 6417 4569 6313 9046 765 9538 7207 7978 1793 2187 4544 3153 3652 9838 3533 
384 1742 6070 9046 152 9338 4226 4649 4175 7447 5388 689 4240 5470 223 3064 
385 2474 1892 3762 28 854 4859 233 5803 798 3557 5673 1303 8554 9357 
386 9135 1380 2728 4845 5651 5145 5872 4327 1247 5950 6059 5067 6578 3557 9787 9296 2598 1124 3330 9965 
387 2 9007 935 7762 4199 9533 2555 7699 979 3836 6547 6101 8387 569 1984 7438 6827 447 745 3830 9075 9244 6021 4765 2643 7880 6054 6030 3012 8994 412 1117 4901 8722 5677 3376 9270 8284 1125 1534 6258 1454 6044 199 9265 7219 5322 7713 9160 4340 3936 7285 2630 2264 3004 5917 843 4728 5099 3023 5775 4377 1763 9374 1289 9224 5446 8487 1934 9013 5862 7266 352 3113 4129 5386 7669 9607 2480 1750 6014 4027 3792 2943 1145 443 1571 2005 6986 2983 1871 8512 208 4400 6978 6470 3379 1710 2322 4286 6545 5783 753 5784 4362 6889 1256 8140 7874 7795 2875 3240 8528 3944 552 5899 3377 9043 3111 4639 1657 2413 6672 1358 5014 3050 9931 8599 8663 8794 1560 2175 4071 6187 707 4501 1375 7088 3261 9713 3146 8618 7845 9600 7511 2260 6360 1401 1042 1739 3468 7481 5448 6270 8345 6029 3089 4317 4539 2439 719 2847 2158 8883 5860 2346 4346 5072 5821 1476 3432 2136 8248 4341 46 876 6687 2518 3509 2611 5397 1079 4399 541 3757 574 6744 6285 511 7439 650 
388 2652 9908 560 7367 2345 8169 90 2485 8539 1981 6699 2611 6071 726 7694 3395 755 3950 5866 5583 3935 1137 1736 3537 847 7023 9903 6946 2404 5270 4104 6385 8987 5141 3190 7474 7521 2003 6833 3823 6817 2774 6492 5112 4606 8445 8982 7167 1611 3507 7029 5966 177 3926 8907 4168 9594 5288 7454 3870 2028 6676 3022 8218 3885 9197 
389 8724 5338 2431 2590 9906 1007 9227 8366 7715 6019 4039 9491 
390 6116 4094 4502 6801 1847 9832 8988 6147 65 884 757 6485 
391 4036 6401 5373 9723 1295 5065 9206 5747 6438 3820 3244 8287 6768 3128 3276 6189 6343 8342 2382 1141 7904 1651 5188 5389 7247 7165 9750 
392 4399 8880 7057 2150 2607 3079 5895 2698 9050 8925 7044 7474 3331 3883 8618 7361 523 730 6650 3172 2321 8775 5553 3496 4941 6903 8932 7521 6074 7698 9965 1025 5547 1079 5548 524 9510 6355 7426 9649 3673 3567 9425 56 8566 133 7087 6499 3958 456 425 2856 5400 2383 2923 3823 7899 
393 7554 5417 2788 2366 7227 9761 6260 9186 6789 8569 5489 1477 1426 6047 
394 7647 820 3806 7971 796 4057 4924 7008 7956 8874 8267 5065 3937 5659 168 7213 6464 4727 5042 4571 3268 9582 714 1086 6931 2112 4884 
395 3876 908 2712 4933 9096 2939 9163 7480 6651 1402 4534 3766 6257 2476 1835 
396 9961 6283 8089 1295 2805 4310 111 9988 3154 249 1209 3256 1478 3897 794 8453 3998 4643 5688 5623 5054 793 7013 5323 3496 5122 
397 5271 7418 1508 9368 5438 5182 3642 6843 3122 8554 6975 7596 5217 8699 7819 9487 
398 7253 1623 6229 8003 9732 3428 5031 1722 7372 5215 8391 2889 8813 
399 3363 6063 6075 2554 5698 5702 6909 3539 4528 5660 2771 4063 1449 5385 9640 9885 7151 2978 9083 3942 9991 7485 3837 2784 8027 8614 1265 2064 6336 1154 3463 1050 2810 3159 1495 3651 2513 8352 9376 8142 3077 
400 3391 3384 2387 7773 630 8878 3003 3775 9511 9912 4482 6380 9428 
401 789 2863 1272 489 7626 4459 1290 9586 1363 2925 7207 1265 9182 9701 3756 9098 5998 5026 
402 699 5555 5840 2746 5566 5069 5348 7739 4712 7069 7728 9655 646 5172 1408 5264 206 8461 456 2139 340 
403 6124 8964 5154 8400 1138 3975 5215 9269 748 9241 1832 6925 9286 
404 4541 9377 5373 6666 8455 5258 5211 5348 606 269 9409 6376 4717 3102 6962 4966 3817 3481 5188 227 7243 6662 7772 3220 8681 4123 285 6226 7806 
405 9489 6541 101 9262 4559 7875 169 7819 2864 8228 3984 3924 4697 
406 535 2639 2753 1903 9164 9921 8743 285 82 1678 278 7961 4084 4774 3568 6523 2037 9527 4401 
407 3445 8876 2205 5796 1841 6140 1935 5300 9861 1821 3529 1116 3176 8558 4960 
408 5552 9591 5861 9656 3072 9412 1411 8419 8871 2168 1297 3149 349 8337 7508 6190 8622 6086 2393 
409 3250 114 1400 1240 600 5078 28 717 9721 4239 8171 5199 9624 
410 1159 2834 4467 540 529 9262 7187 7808 5153 408 8828 5474 8106 
411 2104 8526 5077 8089 3178 4924 7984 5408 9881 347 7989 6860 5334 1564 8054 1992 1969 5413 
412 6849 2353 6774 3790 3145 6388 6923 104 7572 6479 3381 402 4966 8630 1588 9704 9425 
413 6166 4702 6163 2080 8630 7484 6918 9338 7846 9932 3762 140 3267 432 
414 451 4720 7703 5302 1874 5421 3336 5108 5430 4175 1048 3578 3702 744 7090 8683 1566 
415 9149 7325 9302 3538 9581 1130 3684 4720 6512 8573 6490 5335 7585 4984 9433 1356 989 8478 168 1341 5541 5318 719 
416 9609 8441 2030 6786 1495 3708 132 5465 2578 3923 6532 6844 4890 7912 691 6622 9907 2123 9109 1613 2753 5292 310 6526 9493 695 6254 5501 6445 5704 467 7321 8105 
417 1253 5928 3683 9271 5621 6893 6190 3590 5180 3975 1489 4937 837 355 6507 2278 6418 5589 
418 2227 5432 2828 5505 3601 4963 1364 4198 1446 7777 9405 5351 8052 8421 671 8217 
419 6530 4025 3015 1581 7143 4929 4036 2721 2677 4880 9994 5666 2062 4963 7597 6143 394 
420 3312 5894 8973 5166 7598 895 2865 6427 1040 3610 2781 2452 7536 8522 5482 272 2837 8927 3623 2855 8782 2176 1393 8985 2554 
421 4672 3414 2985 2105 3943 5695 5956 2718 6777 2677 2036 6865 8677 
422 966 6914 8673 7448 4858 5271 2389 3910 9745 1442 4651 7108 2025 914 8473 379 188 
423 6598 5265 297 1937 2350 4239 3151 6238 1879 4112 8258 3457 
424 5732 9141 9921 7819 1696 874 656 3560 1615 2401 8329 6034 6617 9789 225 881 6427 1267 8030 1167 
425 1380 2645 8765 6521 67 170 9819 2285 7679 5442 7633 6123 3115 8578 
426 174 6555 9330 6022 7684 3244 7163 770 1997 1642 9581 9385 9451 829 9325 9831 2806 6838 3756 9982 6050 2319 5747 4047 2681 8419 5026 7252 
427 4364 6478 1205 478 5438 6434 210 8673 7769 1118 1966 2740 9426 1953 7807 2116 7141 1661 2873 1402 
428 835 5930 6363 3634 1262 5071 3460 8402 1122 4253 6500 8656 
429 8107 2890 7621 9381 9212 5313 1178 3705 1788 5671 6952 3273 3342 4037 7991 5155 
430 5855 9671 6175 1026 6184 6218 176 8989 7476 8245 3821 3307 5995 1439 2343 4007 5771 6960 4470 8111 8935 787 3670 5329 6416 6767 6625 2773 
431 1796 8719 9449 6195 4816 2177 1730 6622 6234 6673 2570 1809 1377 2143 4102 2653 4024 3290 6860 2014 
432 6089 2999 2306 1307 2890 4389 3580 5342 215 170 6215 7574 6105 
433 1478 2265 5178 9351 4171 9843 686 1531 8111 6421 3540 8935 3409 4928 606 4354 4697 1562 1351 1156 987 3056 5069 6062 7018 8574 
434 3441 5567 6847 5922 1411 4858 4898 9405 798 559 5164 4799 767 6666 6977 6186 4836 9942 5257 8754 
435 1413 6812 2782 131 417 111 9798 5418 2736 2877 1961 4433 1740 6888 6825 8795 654 3474 930 2376 4866 1932 9260 
436 6228 2313 5023 5027 3743 1363 7504 9884 1213 7399 431 8119 2791 8155 6541 1464 
437 6244 1323 207 232 3254 2203 6099 4280 4232 3403 8787 3875 9293 4974 5390 1345 2464 1367 7037 9742 8552 551 9325 6610 6616 9487 6997 3307 7631 4698 8405 
438 5833 2194 2559 1987 8989 8573 9255 5730 1422 3431 8747 7138 1740 1508 5737 1824 8837 5630 
439 2401 4382 744 4831 9397 9400 4281 8889 6954 508 5901 4742 5658 10 603 3813 4439 
440 812 4746 2055 6896 4949 7978 516 8666 4579 862 3506 261 6388 
441 8129 4106 8095 5390 5266 8214 3895 1428 2463 2008 112 6427 1301 1380 559 7777 6260 6871 4179 8552 
442 3596 7754 7063 2574 8578 1183 8838 8977 2938 1220 2483 469 9449 2117 4951 7447 7473 1044 8708 5479 738 9688 
443 7593 9681 1978 6653 4357 2616 9543 1253 3710 9296 2361 3568 9896 1849 4916 8333 
444 2562 6576 5839 4662 5816 3904 9124 2639 6248 4342 8519 7027 7097 8384 2683 929 7834 
445 8242 7154 8995 665 9381 5552 5816 6718 6092 7209 9005 8365 104 2809 5155 5693 8131 2071 4198 7896 
446 8007 9676 1695 3214 7981 6200 6414 9319 5564 5708 4228 8295 
447 140 1754 2893 3145 6145 4840 347 7560 2055 1130 172 4925 609 1978 6795 
448 5800 4213 1470 5162 3802 7356 2411 3134 9794 3428 8373 8854 8822 2798 3999 5103 2542 8428 
449 3895 276 8899 3669 6680 7261 8461 5145 7677 5126 5367 9591 8154 5391 9063 7284 1323 9256 3798 2613 
450 7411 9699 5913 319 3702 633 8263 4777 2417 5947 4873 5393 2390 1867 
451 1197 5594 6089 2968 2604 8200 9798 1119 2211 2682 9096 1183 1332 9130 214 163 
452 8905 446 214 6884 6112 9678 4745 6133 6981 9582 928 8751 3508 3530 3434 
453 819 4145 3623 7442 5530 4720 7962 8810 324 3330 3225 6722 7805 8200 6636 2256 
454 5478 7671 7431 2201 9830 4731 1156 1059 2968 7677 1271 3100 2449 5693 8114 5855 6661 6355 
455 7259 2855 1929 4057 8442 279 1610 4822 2543 9961 8309 4431 3666 4879 3843 8998 3612 8451 3553 6883 2038 3486 1330 5797 4898 6984 9071 
456 805 5658 1261 4325 2907 7164 3786 1003 2974 6724 5454 5894 9793 3727 
457 1822 5090 4661 5654 5014 2028 7634 8987 3022 5097 6250 4401 675 813 3914 3184 9230 2651 9010 3243 1174 7895 397 9120 8220 6554 2100 9169 7653 3498 8887 6913 2979 3240 5253 5887 7659 5286 1139 6698 5948 5895 2958 9004 6503 2932 7349 7210 5462 130 6390 7610 9654 6855 1515 5838 4230 7434 1780 
458 7796 157 9657 3871 8946 9749 5770 3799 7747 6232 5190 2073 4219 120 8230 7670 
459 6918 2683 8534 2872 268 7577 8966 6035 4228 9176 3603 3876 1884 7675 
460 1971 871 3368 4795 8338 9952 7185 8805 6667 2326 8793 4864 1473 5515 8163 7452 828 
461 206 4741 7202 5800 3831 6618 1169 34 3456 5913 7789 928 9632 7677 2887 8822 6126 3942 1833 
462 4933 4625 1834 5074 3036 8878 8084 1738 1867 8523 5734 4931 9034 8991 3195 
463 8591 9367 2797 7351 3213 1133 2924 9498 8234 8074 944 2597 7095 6717 244 3237 9583 9971 6851 883 9878 108 
464 5907 6050 6747 7720 358 759 787 141 883 355 8829 7647 5519 5245 5534 5408 1762 1931 6997 7391 8287 4110 737 4285 1601 
465 5265 7854 2201 1778 2947 9722 2159 5957 5259 9872 7083 6732 2117 
466 613 2721 600 7936 9115 8348 3080 3532 1397 6174 7746 6112 6640 6429 8456 9671 388 722 
467 4127 5923 1775 8555 2644 9202 2761 5687 6113 5484 3415 1045 514 8231 
468 7684 8167 2577 6415 4504 1562 5846 2030 7610 3726 4520 2232 6509 709 7369 7213 2608 75 5668 5063 7568 1572 385 937 4354 7670 1791 3575 643 2923 1948 8106 9757 4567 1770 3305 9632 8947 1633 7304 3684 8702 9435 4786 
469 6975 6968 4548 6623 5240 5670 6941 575 4610 6717 2265 9208 9392 6928 981 6581 6248 4686 8871 6701 3970 
470 9576 6762 9604 3520 9843 9735 977 8904 3234 2292 3575 126 9815 4433 7896 3533 7696 2797 4691 6970 6214 7037 7318 4063 4684 1705 7960 8445 5866 6734 5901 2184 9703 5815 697 2741 912 
471 858 5429 4308 5294 4070 6880 1997 7984 61 5589 2392 1204 7952 3362 5674 7069 4842 8552 3238 8874 6201 3383 4705 3889 1341 5605 752 1641 5737 1396 110 9444 
472 2384 203 5678 1980 9500 6035 6989 166 5233 5366 1646 9462 
473 14 1337 345 6728 1884 6800 5385 4244 465 7341 4486 8662 1142 9883 5223 5440 82 7213 
474 1090 8338 1360 8103 4253 6850 3833 4863 7356 301 9312 904 6364 7746 4997 
475 2863 5505 1231 616 4541 6193 6859 4569 3609 253 3661 6086 1044 8585 211 8265 25 9886 46 
476 72 2077 2424 3642 6693 117 1884 7294 948 1218 9558 1794 2398 2137 8842 5101 4888 9623 
477 4954 1865 9932 2376 6462 6308 2956 1473 9701 1455 6094 6436 1351 
478 1443 7182 8659 7501 1003 8662 6295 6490 626 4677 4497 4733 2529 494 5167 5969 1195 
479 9425 4780 1628 5655 3101 5777 8593 6451 8210 1101 4294 7039 4670 8931 7922 176 1833 8856 2732 5871 9598 7369 8017 2867 1555 9632 5857 6909 524 676 1242 8503 7023 2866 4302 2184 5780 5660 1711 3853 5277 9478 7243 6790 
480 517 5316 1963 9398 6352 8978 5946 2396 2737 733 3238 5245 8282 946 8986 5052 6438 8583 1310 2598 7036 3603 3226 252 8135 697 5387 9085 7364 7054 3889 1504 
481 5587 1378 7574 7991 6481 2827 8530 5449 8494 532 9771 4236 
482 1393 2299 1282 601 7961 6083 9750 7855 5922 606 8156 8688 7373 8179 9655 7116 22 8136 6403 5523 8142 3989 6532 9667 7665 30 5583 3113 
483 2416 4214 8392 3441 5362 8928 9619 272 8990 3199 1644 6765 1741 3871 1615 1937 5746 6022 9174 8579 7665 5795 3178 6295 977 
484 2822 8077 4831 7363 2283 3657 7009 5241 590 6168 7679 3689 6367 965 8658 5416 6212 1336 
485 9303 2649 2098 4510 565 3127 8041 8535 1370 2627 4449 4475 1741 
486 4993 5151 7324 3807 2050 2027 297 6375 7894 4026 3872 167 6716 
487 6728 66 3637 5280 9746 5479 3638 2624 6673 8554 2570 4989 5969 5541 3763 4977 3998 4066 3117 8797 
488 7434 8947 5735 3681 9917 8639 752 90 4342 6961 8844 9368 9712 8881 9364 4431 7599 3923 5067 9521 7163 8442 8092 3048 2806 7683 4520 5467 3672 2344 5406 1554 2698 
489 3690 3691 2326 462 6472 1548 908 7306 7737 7374 4573 3637 6103 9069 2415 
490 917 5698 6705 7191 3752 7029 6236 9036 5742 5756 8922 2902 9604 4528 4442 1647 3409 8855 3101 8693 2932 5992 8233 9476 9633 9290 2321 5548 1081 7664 8733 8055 5104 1923 7688 9898 3203 7987 690 8223 7039 6413 438 8831 784 5141 8858 2601 420 
491 2382 7965 3255 9704 7278 8456 8938 9436 6311 3269 6795 5668 3718 9780 118 4036 8425 8700 2604 7260 8204 9936 9309 4345 9982 1153 1145 
492 6511 1528 5224 5875 3843 8990 2496 4823 8904 4945 1935 3259 5661 1227 7678 6770 5365 9608 8859 1293 6946 8392 7459 4719 4310 9991 7350 5418 2736 7151 9233 1923 
493 915 5632 5338 3422 4521 8137 5154 8468 8526 823 969 3417 
494 5560 6981 6888 5873 6341 4896 4537 4284 4264 9247 3581 2729 4975 5912 4567 642 9175 385 425 7410 
495 4820 4459 5268 3166 7563 9481 5796 7753 2313 5027 5536 9060 1961 4712 
496 698 9116 1441 8077 3497 5391 8097 2894 716 4358 284 1219 3005 8840 3060 8885 3066 5145 9579 4760 
497 8242 5186 7389 5442 5708 9802 362 6998 5893 4403 1821 2490 9238 9850 
498 2945 6077 7155 1064 5370 7005 7436 6916 6436 134 5456 5209 
499 6674 1434 5839 2226 2431 2187 6116 6069 5402 1394 7682 2961 1697 
