96
0 76 32 2325 5 2 0 14 1944 46 95 1717 1 16 3 1999 7 93 27 6192 67 47 78 196 19 815 119 104 531 63 225 4 164 8 23 1324 9 968 9517 138 
1 0 6 136 7559 12 4 2 1443 5415 64 325 5 73 29 1677 1037 1912 251 11 790 357 4448 9 117 1296 74 4838 856 6229 10 79 8735 679 1290 
2 190 174 21 760 4778 90 207 649 1874 20 590 2364 2607 5618 59 587 2615 5062 826 2785 12 146 295 31 78 702 1032 23 981 138 3774 
3 4 2 1 194 534 6 0 903 10 1358 66 2463 90 30 8 235 304 5 21 6229 216 232 399 456 735 26 4394 3843 18 125 881 176 554 
4 3056 7287 192 1648 2143 2340 129 344 2436 11 59 2098 1618 1113 407 614 1336 362 3751 130 23 3541 24 2413 3227 514 342 20 28 511 126 1482 138 
5 6629 98 1391 10 8892 5760 19 23 5666 195 21 5210 1349 3 75 2872 62 773 1764 45 154 3927 876 4089 41 9 58 9285 826 149 233 632 76 2106 12 35 1236 96 4982 3389 
6 71 1130 838 106 274 56 23 273 84 45 83 573 117 9512 100 850 35 2659 14 36 157 29 374 5 6 655 19 2719 196 44 42 5584 3419 880 463 20 1791 3244 7624 
7 771 26 127 52 1788 47 136 1227 66 256 8567 133 5497 293 1484 285 544 41 775 718 54 4471 30 107 358 1758 1133 1349 9 236 995 494 69 1290 1310 
8 590 28 22 158 0 1553 2 1 7056 38 9 57 3425 7 268 3797 510 10 1948 909 8 9589 30 705 139 36 1562 7798 6 431 240 652 98 2643 4151 193 898 131 6668 120 1495 
9 2599 8372 444 412 109 34 1309 70 5225 7491 994 269 2184 540 577 1827 254 55 179 73 1093 2748 1484 62 1641 6111 101 474 1307 342 
10 174 33 29 140 5744 446 1120 4439 165 78 15 38 48 16 1176 31 268 401 58 620 700 84 3422 19 2852 1226 813 23 3397 2017 8992 805 18 8538 329 859 3477 1737 5926 
11 3849 1 0 2568 18 7979 187 43 501 7 2 9 1280 5407 712 151 200 133 194 6161 87 3 2721 3182 5313 23 2974 207 33 377 12 44 28 1954 6402 1591 5851 
12 9175 2598 2939 5149 9891 40 581 1845 9539 275 7159 3442 378 1084 175 1823 1226 88 2497 4973 639 2193 912 185 1284 6379 869 1334 3110 2076 3756 
13 10 150 1 187 0 1201 53 758 261 13 947 23 19 183 894 39 2 74 375 572 3 281 17 99 4 162 9 18 27 1925 37 14 355 2264 
14 742 705 97 7328 3204 214 1558 47 1 2 28 239 6 1828 4 0 670 19 222 13 3 3350 37 551 3163 14 48 635 963 659 653 
15 631 30 7475 39 747 3 7315 702 2715 74 291 3175 326 5 9 409 4 470 632 5811 970 434 20 871 8 9040 163 99 139 1027 2271 11 190 21 18 131 612 37 
16 181 565 1 143 0 323 804 63 5417 9 283 46 2 5 31 7 201 199 948 26 993 2014 446 1818 2647 8365 28 1298 1759 14 29 885 120 
17 1396 34 3282 178 31 46 72 310 9 4040 44 85 29 6297 5027 493 695 744 4983 547 4222 2224 839 2256 3133 345 122 13 7 9927 
18 43 39 45 0 7 9 10 102 25 592 33 5 1 2 22 21 42 6 704 6686 390 8 152 13 6692 4 196 3 2100 7075 19 309 1112 6986 63 1334 138 
19 3446 9476 656 1244 6208 2380 2351 1587 245 217 628 2391 1080 4909 1670 556 4483 933 2358 24 95 3041 8312 545 454 300 1612 140 778 173 188 158 8107 49 9768 309 3543 28 9559 138 
20 1 14 1880 89 3 0 2 249 7 8724 19 1321 44 1210 364 825 115 38 4 907 8 37 651 154 669 110 13 5 7905 2931 490 8911 9 2415 453 176 17 27 20 372 6373 3198 
21 586 99 3 4327 49 261 5 2624 2669 214 4567 115 24 6818 5442 11 17 23 451 19 6507 28 141 30 7429 22 8389 5390 1744 77 1548 176 
22 3861 4661 642 5267 81 3487 344 359 1642 102 376 229 134 7893 599 480 57 105 9831 284 1322 3142 227 2777 1521 129 168 864 3840 92 77 2599 4063 4171 138 708 
23 36 308 124 71 514 0 113 54 34 30 6 112 570 7310 1426 263 46 67 18 788 61 9163 329 12 19 147 35 1016 948 176 
24 51 405 109 108 1689 80 6021 4900 1799 48 492 234 440 85 265 132 478 1726 33 3919 70 192 44 2438 1363 658 1391 4773 
25 81 2 45 39 4 1 466 5 4060 1680 0 9 14 8489 8614 35 140 7322 685 6 287 1893 492 2522 1307 436 241 3 996 8 138 280 1495 
26 2 4 3 195 222 15 335 167 82 45 58 17 16 37 3692 2260 154 133 7 5 57 200 136 10 2431 446 50 6205 76 1857 157 2022 299 1387 849 120 3767 2591 
27 9676 1051 6820 43 3131 863 53 28 239 3604 1651 146 8480 8739 128 1213 78 7 116 3167 5395 255 351 404 8390 77 17 288 54 2743 2888 1106 2091 27 3870 69 1495 867 
28 1813 1 2 876 0 20 3764 594 5 60 5850 858 67 3125 3 4723 329 6 4977 95 411 2115 6424 10 92 7460 1338 3516 6604 39 7858 9 641 126 2153 
29 225 1053 1866 2985 1007 286 106 847 7 84 801 666 1587 414 760 38 4895 177 36 15 85 8 936 305 77 429 2092 289 4 134 82 621 
30 1002 11 4638 522 47 1033 2951 431 20 56 349 7051 3970 2302 60 248 2575 498 22 36 14 3298 712 37 4150 265 118 4801 2853 148 31 
31 4 2 1138 694 3 0 206 513 7320 127 10 1 3199 6842 68 560 11 37 28 9039 200 466 149 72 1375 44 17 7033 6 13 202 160 20 65 155 1310 5921 
32 21 280 10 0 46 1 1325 119 2 169 80 1248 6005 91 1787 11 33 74 4 52 6188 1614 232 9212 113 18 470 32 8 7 65 3975 
33 4448 112 4628 324 8168 57 7 5404 167 66 33 332 15 1807 1765 542 1049 20 74 724 5322 2647 1231 41 1501 430 187 1912 657 34 21 43 1183 36 634 5091 
34 31 11 88 6524 23 1086 400 32 42 713 4174 1027 2999 67 2 248 89 1076 1961 384 24 4508 21 504 7386 143 44 4 506 225 27 708 3097 
36 3260 71 1098 6680 3563 907 597 85 1527 1934 913 979 1936 2795 1186 2285 1273 419 253 278 891 5361 6821 79 772 10 22 142 8401 66 2296 
37 0 360 10 1224 1864 124 1 19 5 437 3 4 458 121 1209 1558 8660 558 23 7 17 49 1650 225 342 20 175 405 2693 120 107 27 583 3102 4371 
38 13 6284 2963 356 1765 50 113 4682 15 848 81 298 54 562 77 3 27 119 17 7 101 222 9 2191 170 4032 489 100 5447 4361 129 1714 9138 3097 1671 
39 113 128 173 6 12 30 382 2552 1646 35 97 10 693 459 111 4115 695 837 38 857 177 1232 1015 126 503 720 2151 29 2288 13 120 1000 3082 139 155 1671 5921 
40 105 1465 668 12 33 48 10 1186 308 62 654 29 154 21 16 786 82 156 383 19 5625 2928 2807 424 4049 753 89 2512 106 9 197 126 
41 779 2456 38 5580 307 316 2173 328 117 7546 566 2794 5688 5301 1217 2881 490 27 64 462 216 114 31 1511 260 90 480 6232 5801 1044 7559 5661 4247 2848 138 
42 47 5624 234 174 369 1026 7 716 4354 33 46 48 2707 7774 956 13 3852 15 22 620 2582 95 162 3463 65 100 117 9 2835 16 7987 5443 976 274 19 4817 404 4023 
43 0 121 8 9373 1 200 2 66 100 65 4 4020 69 35 177 18 118 3616 690 15 773 32 124 6 713 412 174 14 9 16 389 2316 1089 138 
44 2050 17 1108 254 240 275 1986 587 4415 337 902 893 280 541 2029 553 531 980 415 170 703 61 7252 2072 8851 571 211 111 7768 130 363 7085 139 7869 2841 
45 1666 104 317 326 64 51 6 1401 603 853 178 982 80 46 13 5 203 65 41 505 37 63 4 2983 213 389 109 1953 2178 1651 4625 4226 5069 8 1476 303 708 138 1310 
46 7281 562 216 3499 509 187 3062 6452 671 34 559 263 3255 669 174 2121 635 16 3820 4331 126 44 1775 3831 3612 109 274 18 3490 577 28 1696 66 5253 5482 
47 43 220 2266 93 2987 2551 1754 1212 992 800 4291 435 89 3797 377 40 214 9718 17 388 4847 8006 239 141 6675 184 5990 155 
48 920 602 56 11 2986 34 45 48 9974 17 24 63 18 254 2726 74 1731 93 13 2847 1044 4596 860 7681 1023 35 2049 770 12 270 137 941 58 274 155 138 
49 85 354 89 77 32 512 270 90 659 3130 466 422 2884 258 68 348 12 6928 1076 14 107 1044 26 496 41 4423 172 1455 7371 884 171 2120 
50 6799 1210 454 241 1687 39 36 9154 6082 81 2393 1065 135 3562 4 2650 9 376 199 25 225 3938 26 210 99 1309 605 2080 2114 675 303 69 252 583 1737 
52 49 293 608 311 36 68 2813 261 79 1655 370 201 825 4844 270 38 431 272 782 582 4893 418 309 3323 368 118 6539 525 7224 5299 45 4947 1270 
53 1485 152 1077 3 12 15 0 30 52 38 2399 1019 10 23 110 62 1 5205 2924 2 291 1527 16 158 8868 1395 19 22 45 11 5 1182 211 40 57 8389 312 193 2067 5381 
54 47 82 660 7 60 298 88 182 353 50 116 929 111 1439 6043 1002 320 683 347 6281 2501 3884 54 134 310 1177 1213 940 2025 59 1876 126 797 2153 
55 1991 57 13 4665 3 1603 1009 7099 3492 2746 163 320 522 1366 1476 39 43 9101 413 12 3303 263 162 1122 5598 2064 2429 1597 120 708 1737 
56 47 605 129 579 1205 3338 5440 92 2325 59 5533 622 308 41 266 780 7170 147 1132 95 1651 79 1187 388 4126 567 5838 397 133 2500 140 96 468 121 1502 2264 
57 4 13 0 28 21 1424 65 2 11 742 6 14 257 18 55 5 34 1 9 8 160 6270 6147 2836 111 19 546 174 47 3 12 15 587 4648 482 650 3831 126 797 
58 6905 459 136 1198 146 381 367 124 4339 246 806 978 6715 467 791 72 105 2686 674 574 405 359 159 2451 27 128 1923 173 1287 2148 549 
60 6689 4150 548 27 1017 62 21 5573 124 159 127 1561 1160 1357 4135 59 1028 5804 31 868 60 366 1246 105 160 95 267 3366 253 74 120 5985 708 6729 
61 553 112 208 6748 118 52 231 136 101 24 577 456 7989 281 1497 43 20 2059 804 209 104 4312 264 2883 262 54 42 176 6769 
62 2 0 177 64 133 4 1871 6 580 4533 8855 120 52 1173 164 5 1282 145 70 719 378 8 163 4242 44 165 162 245 1880 1 320 16 197 2076 
63 91 3004 574 0 1030 39 374 8 35 5 1 294 3663 121 12 14 2417 2254 4229 1878 1825 2196 169 172 60 3 6 438 30 422 98 214 184 7594 63 2823 120 155 1290 
64 1562 6466 102 37 8799 7859 780 107 1659 390 20 5 87 19 787 623 28 109 34 46 1649 7 42 49 129 26 447 36 15 970 1167 97 2958 9397 2697 4291 1930 621 1290 
65 39 30 387 12 38 109 2445 4791 29 488 666 4415 31 5440 400 4146 567 85 660 115 25 7752 51 34 122 392 139 3348 708 1263 
66 6 5 3513 0 651 111 3 1 8 431 89 457 4 497 400 532 19 21 163 18 5545 2 78 16 164 9 37 378 319 7135 2108 39 9207 751 126 69 1413 1583 
67 13 287 11 18 38 5910 250 1896 29 1573 148 351 633 6 481 639 86 543 139 15 598 1072 379 1307 46 50 266 116 606 122 2208 6930 65 1119 8 583 1263 
68 120 13 0 2 5932 476 8 408 310 27 5 11 30 4834 23 1 6 137 7 6376 17 2345 534 68 397 96 14 22 1680 1228 39 4421 3 1229 91 1012 4 71 2292 961 7055 1502 
69 5633 1107 2741 158 2085 4582 209 1199 300 48 29 773 1935 189 20 1795 7337 71 232 27 23 1826 5494 11 907 1408 103 1224 689 7042 140 136 1061 17 50 2033 385 1358 1877 1671 
70 0 1 6 14 13 10 1291 1776 181 1909 17 206 7 1824 16 19 132 342 374 73 422 484 1877 5942 2157 1595 998 3661 49 23 1548 102 790 8 9311 62 121 2780 1572 
71 2 3 29 452 338 6 5 1 4581 16 0 1264 680 202 60 15 2236 125 13 85 1932 93 352 22 48 586 8 27 2591 3684 1671 
72 111 364 1273 17 2409 1417 106 6 222 510 1421 61 91 7726 4 1330 258 109 113 128 43 168 418 473 7038 461 504 1298 249 145 1951 485 
73 334 242 947 209 558 1229 528 1457 520 730 58 1068 7691 443 4719 716 63 6462 5939 304 235 550 9073 4572 130 114 166 534 118 244 772 200 684 289 4423 1077 
74 12 6544 43 758 122 1120 955 95 33 402 4737 3455 9019 58 142 149 41 380 9128 34 84 199 1260 74 295 322 10 53 62 2848 3097 
75 1 871 868 3 16 286 0 3022 14 96 2 7 262 484 35 45 5 104 690 10 22 821 165 154 27 147 88 4 8878 75 3203 161 537 625 198 303 3106 2264 3975 3244 3097 
76 1861 192 354 319 409 367 5487 34 1504 2203 357 819 3673 75 1795 2312 145 341 6919 5144 175 331 1078 5115 410 344 301 2852 310 6228 3319 4869 
78 34 44 3411 145 6760 247 2720 2585 171 2112 3783 38 3615 441 32 54 1179 883 1601 78 1047 402 406 791 41 354 110 4495 6744 109 5616 185 211 2327 102 737 1714 
79 4751 498 4249 32 42 136 78 579 11 238 455 527 336 1578 256 14 5555 29 24 448 8611 47 239 262 19 137 93 216 1023 1070 2848 
80 427 179 429 2010 4674 3615 1442 9 51 1012 41 125 540 48 367 6565 25 3135 4241 844 26 37 94 197 131 608 60 3884 154 32 752 106 145 3807 6656 
81 234 1824 16 149 38 30 5432 67 4879 801 17 31 78 1723 3973 1199 294 1887 50 631 26 537 66 89 49 231 312 145 69 554 
82 201 47 78 97 328 9 139 164 795 28 455 38 66 20 27 310 216 94 55 655 58 177 64 764 25 59 17 6008 923 151 6045 4996 170 349 2 56 161 7 184 2371 869 
83 7384 394 108 9 481 60 76 3186 239 22 15 586 6382 514 25 9414 1140 364 4401 720 228 24 460 160 1221 473 4390 417 28 609 859 138 
84 9623 91 36 2144 55 9134 8429 2224 296 2403 1081 659 589 1570 321 94 191 39 536 37 1778 756 2079 520 2193 664 19 3350 320 685 235 517 1437 9305 
85 1286 2203 1506 2932 36 269 8157 14 75 55 239 27 381 0 1 22 3 178 12 1415 7 4 310 149 46 81 277 2 9 6881 11 82 138 583 7984 
86 4855 315 483 55 1448 20 26 22 6552 25 1445 40 397 214 3505 3843 48 428 97 768 793 1875 15 447 16 1853 50 268 72 485 5936 2818 
87 90 105 1072 0 33 12 160 170 61 7 168 842 5929 2408 1 2 130 162 637 15 513 214 81 4300 137 714 67 501 977 9542 3110 
88 330 1 1935 3 5 33 9167 2072 1628 196 77 14 104 224 101 4 150 964 2052 8 8290 463 82 111 114 16 1457 2657 180 209 1466 21 585 1221 5664 120 
89 1 0 40 2 9804 45 3573 7479 108 2425 11 46 121 5 20 3475 455 9569 7627 7 3 59 42 37 3176 3529 16 1475 914 142 15 1954 
90 83 344 384 9430 445 76 70 11 4575 108 294 3066 41 2390 420 2470 2650 9127 4877 2262 10 39 821 81 1672 50 99 13 732 62 138 
91 3571 4360 2349 868 1021 7818 1389 8843 4081 1419 52 154 448 3784 93 338 1992 23 43 1300 8952 276 1193 32 1134 5659 
92 3713 32 384 270 13 6 351 60 40 9 6580 1 10 0 5474 126 2 358 8 2126 1601 748 17 3 1738 538 11 112 103 290 3021 4 7189 2705 9584 1737 1263 
93 5140 854 6 36 32 217 48 2010 47 1269 282 151 108 89 1935 4772 112 239 9043 227 4020 195 46 319 124 3600 3158 9710 120 725 5959 
94 1506 68 0 7 9862 6 3 4857 121 76 105 4625 332 1 30 2557 9 830 7971 9407 1151 2 1193 402 10 6481 1788 755 37 368 43 980 5 1917 554 2486 
95 113 265 336 79 71 26 451 183 14 2239 34 108 30 105 21 1092 5 4851 3960 3228 344 4106 93 1575 4621 8 150 588 457 27 74 1387 583 
96 774 5547 1362 22 85 7 2764 214 9740 542 61 82 40 997 1361 156 1528 318 458 713 1079 6772 369 234 6116 42 381 63 154 102 114 929 
97 182 2803 1231 4202 2497 8421 210 26 50 370 987 5590 508 191 775 816 24 1953 156 2288 90 68 1997 79 2298 1874 8 1621 8713 28 1384 138 
98 25 11 2355 1698 3643 4 7258 111 970 269 1589 77 1038 1599 3056 1452 244 8060 88 53 92 35 33 3987 5295 61 320 833 729 2654 443 2513 859 155 138 3097 
99 4981 5817 142 4639 228 212 71 1179 88 4089 10 1379 30 339 2690 9770 2157 85 3269 347 292 4096 135 536 82 56 433 371 39 3738 299 9081 2082 355 
