100
0 2 76 32 2325 0 5 12 1039 1 14 1944 46 9575 95 1717 414 16 3
1 1743 2 17 2128 38 0 4791 1039 6 5893 186 70 65 1 28 470 136 7559 12 9575 1581 2571 4 1023 1927 5782
2 1 4 330 3713 32 1743 19 1457 1935 0 28 799 590 4791 712 384 2 871 1138 70 270 22 54 21
3 0 4 2 1 1888 5675 1329 50 217 194 548 441 534 71 6
4 13 0 120 2 1424 65 5932 742 476 6 8 408 14 257 18 55 310 1 27 9 5 11 30 4834 23
5 3 20 2 236 1743 25 207 0 43 7864 24 4791 177 6 19 5893 2649 5 64 186 70 524 1926 133 36
6 330 2 21 6 1 19 1935 799 4 0 120 13 14 5 177 3558 280 10 70 377 20 1880 288
7 1 169 10 150 9109 181 1851 3698 90 4 565 12 3 833 7480 871 105 143 3009 0 868
8 20 17 207 0 2128 43 590 38 28 22 19 2649 5 65 158 36 1553 470 2 1 1581 7056 1023 9 57
9 0 5226 353 1 12 19 21 2131 6 1270 248 2725 31 2 733 630 280 110 138 10 25 1545
10 1286 330 2203 1506 2932 36 269 1485 0 1 4 152 1077 1935 3140 86 3 9989 7702 683 2 1138 5 8157 14 3801
11 286 4 742 1485 2 152 705 1077 3849 97 28 7328 3204 1 214 3 0 5 29 2568 1558 452 1138 47 6
12 0 266 43 21 19 799 16 181 257 4 565 3558 280 10 1 70 377 143 20 288
13 10 3 150 109 14 57 25 125 1 9677 187 0 44 13 8 1201 4397 53 758 261 15 20 947 23 19 183 894
14 2925 169 742 705 97 7328 9109 3204 3698 1813 214 1244 159 833 1558 47 1 4 11 5427 569 2 0 1216 28 1000 7
15 20 1 0 21 91 2 12 19 207 204 1270 586 43 362 90 177 22 630
16 169 9109 181 3698 565 833 1 143 0 4 569 323 1000 7 5 804 63 17 332 5417 9 283
17 1485 1743 2131 152 1077 3 4791 12 5893 1545 33 186 70 11 7941 0 6 29 2571 15 1927 31 5782
18 43 1457 16 257 712 3330 39 25 45 102 3 0 122 79 7 42 2040 9 10 80 344 4 314 194
19 2925 1 724 175 0 769 4 139 67 1244 59 216 159 871 5 13 54 868 3801 11 5427 18 2 1289 27
20 4476 2 6 1 14 0 938 3 138 1880 89 16 4 15
21 3 10 1 0 150 90 40 109 105 14 57 25 125 121 8 524 2
22 1286 1 330 2203 1506 2932 36 269 0 3849 1935 4 1851 590 751 28 3 26
23 286 2925 330 10 1743 1 1935 150 5 1244 4791 2439 159 5893 3 6 186 70 11 5427 187 2 15 0 382 1216 1201 5459
24 286 1 724 175 236 2 19 769 0 799 139 3 67 5 7864 24 59 216 29 871 452 40
25 81 2 3 45 109 14 57 39 25 125 9677 44 4 13 8 4397 1 15 466 20 150 5 4060 1680 0 9 8489 8614 35 140 7322
26 13 1485 1 2 152 1077 0 90 3 138 40 105 6 1424 65 89
27 20 1 0 2 1137 4 122 2425 39 207 16 3 546 53 43 590 28 177 29
28 181 76 1813 32 2325 19 565 5 2 1506 1260 68 1 143 473 0 103 4207 7 14 323 9862
29 169 2131 204 9109 3698 586 1813 22 2439 833 214 12 1 1545 33 6 4 569 11 0 3 7941 15 437 478
30 1286 2203 1506 2932 36 269 2 2131 181 76 0 32 2325 565 177 5 1 143 8157 12 64 1545
31 36 5485 68 2 578 0 6 4 51 5 177 1506 975 1138 1756 741 64
32 4 4334 1743 2 21 28 1498 0 4791 1506 280 1039 68 10 5893 186 70 46 7 1 1325 13 119
33 724 1 742 175 4 2425 6 705 16 769 97 7328 139 3204 3 0 53 214 2 67 362 5 59 216 1558 13 47
34 2925 752 0 91 3003 1 1813 14 1244 2469 159 514 4 3 3004 11 574 5427 2 224 1216
35 19 2 1260 473 103 4207 4410 8 1 1504 5221 4 108 0 1677 15 140 1885 3 71 6 433 21 1026
36 2 6 1 90 5 0 3 105 3513 89 1072 15 651 10 33 12 160 1797 170 149
37 3 0 169 2 1457 9109 1 3698 2469 712 514 833 360 4 3330 524
38 0 4 2 1 5675 1329 194 548 534 6 903 249
39 0 145 1 16 20 257 2 40 25 102 3911 1857 9804 45 8 3573 7479 108 2425 80 344
40 3 1 0 12 19 1270 120 13 14 630 1880 869 25 2 89 100 524 4 6 5932 476
41 4 5226 353 752 1 12 3003 19 6 1270 0 28 14 733 630 3 1880 21 25 89 121 8 100 2 224
42 1 91 7 4 2425 16 76 3 53 32 2325 14 5 0 262 1880 3004 603 2 119 89 574 227
43 0 1137 1485 1 152 39 1077 3 6 121 8 9373 12 136 7559
44 43 91 2 2131 3849 1 0 177 2568 12 39 18 45 3004 64 1545 33 574
45 0 5226 353 236 1 6 3849 248 2725 31 120 13 7864 24 733 1506 2439 110 2568
46 1286 22 2203 2 1506 43 2932 36 21 269 76 201 1 32 3 2325 5 29 452 8157 466 338 6 39
47 81 1 2 10 13 0 150 120 3558 45 871 377 20 288 39 868 181 1424
48 0 1 1137 12 19 39 1270 473 1813 2 3 630 138 25
49 43 0 2 1 4828 3 19 1260 29 452 473 338 6 39 103 5 45 4207 7
50 81 2 0 1 25 3 177 2469 514 45 29 452 40 5016
51 2148 508 40 16 7 0 7711 5031 4 53 1 143 104 180 2 6211 304 780 12 99 52
52 3849 1 120 0 13 2568 18 2 7979 5932 476 8 187 408 43 501 7 310 27 9 1280 5 5407 11 712 151 30 4834
53 0 169 1137 1485 1 152 39 1077 9109 3698 1813 3 833 360 6 4 569 10 8 1000
54 81 2 68 578 204 0 51 76 586 32 2325 1 14 5 4 22 3558 45 214 377 20 1880 288 39
55 13 0 43 21 704 458 25 84 36 7 1813 1 310 1506 280 8325 360 6 68 10 943 39 45
56 169 330 1 21 19 1935 799 9109 181 0 3698 565 280 833 40 10 70 143
57 4 10 43 13 2131 204 0 150 28 76 586 32 2325 5 22 214 12 21 39 45 2 1545 33
58 91 1 21 0 1813 20 280 40 10 3004 574 2 46 1325 119 9804 45
59 286 5 382 5459 1 19 426 0 118 9 1325 52 40 1566 15 523 84 27 9913 6238 13 2 43 756 1096
60 0 2925 3849 248 2725 31 1 19 1244 2 159 110 1260 2568 473 18 103 121 8 4207 11 5427
61 20 4 0 3713 32 1457 207 28 76 43 2325 5 712 384 360 270 19 21 3330 2649 2 3 122 79 13
62 0 4476 2 6 177 938 1 869 64 16 133 4 1871 36 982
63 91 4 2 7121 138 71 3004 0 1 574 13 12 23 2209 194 476 1524 534 1030 6
64 3713 0 32 2 1 2131 4828 384 3 270 6 12 1545 33 11 7941 13 144 5233
65 2925 21 13 122 0 76 546 32 2325 1244 5 1 159 23 54 466 2 4962 11 5427 1424 65 6 396 1289 14
66 10 0 6 473 150 5 3 2 1 187 3513 632 5675 1201 1329 53 758
67 20 286 1 0 145 91 13 6 4 207 473 43 590 5 2 28 3 871 1138 22 19 2649 3004 868 574
68 0 181 120 13 565 2439 1 143 6 2 15 323 1888 50 5932 217 476 136 7559
69 43 0 1 4828 39 45 7 144 5233 171 687 9 10 102 6 8738 25 592 1011 37 33 5
70 0 4 1 2425 16 25 248 28 2725 3 31 53 2439 110 5016 21 6 7 2207 2 15 204
71 2 6 204 4 586 3 5 22 29 214 452 338 1 0 3513 437 4581 16 478 2726
72 2925 0 742 1485 152 705 1077 97 7328 3204 214 3 1244 159 360 1558 47 6 1 11 5427 2 10 1216 28 12
73 0 1137 21 1 2131 39 590 28 280 10 22 12 1545 33 158 11 46 7941 1325 119 1553 8
74 81 1 2 12 19 4 2425 2131 16 1270 0 181 3 53 565 630 45 143 39
75 1 4476 13 0 6 4 4828 938 871 54 868 2 1424
76 2925 4334 0 3849 1 1498 1244 3558 159 2568 23 377 20 288 12 18 181 2 11 5427
77 0 1888 50 217 1 441 71 11 15 249 5463 3 33 2 130 27 512 437 14 5
78 10 1743 19 150 0 799 120 13 4791 70 1 54 5893 2 45 186 187 1289
79 1286 169 2203 1506 2932 36 269 0 2 1 3849 9109 18 3698 3 4828 19 833 1260 2568
80 4 0 742 1137 236 1 39 705 25 97 28 7328 3204 214 20 7864 24 1558 5016 47 21 7
81 1286 2925 2203 3713 1506 0 2932 36 269 32 21 4 1244 280 384 159 2 68 1138 10 270 8157 869 14 11 5427
82 0 330 3713 32 1 1935 181 565 384 360 143 270 3 13 10 323 5
83 81 4 2 13 21 1 0 25 28 3 90 280 45 29 452 10 105 5016 39 338 6 5 7 1424 65
84 1 3713 0 32 236 6 2 3140 86 5 7864 24 2469 9989 384 514 7702 683 871 138 270 4 868
85 0 1286 2203 1506 2932 36 269 1457 248 2725 31 712 110 8157 3330 3 14 122 79 42 2040 75 4
86 724 0 43 742 175 2 25 705 3849 769 97 7328 18 139 3204 1 120 214 3 67 13
87 1286 2203 1506 43 2932 36 269 2 4 90 0 1039 105 8157 39 45 1 14 7 1072 9 10 194
88 330 0 1 1935 90 12 105 869 3 5 4 1072 6 33 9167 982 414 150 160 170
89 81 286 2 1 0 18 3 590 5 28 45 40 22 39 3367 6
90 330 91 1 1935 2 19 14 12 1260 138 473 1880 103 3004 0 3 89 4207 574 5 33 4410 9167
91 330 2 1 1935 3 29 452 338 6 5 4581 16 33 0 9167 1264 680 202 2072
92 3713 0 32 2 4 2439 384 1039 270 869 1 6 15 13 194 368
93 10 1485 2 152 1077 150 1 90 3 0 105 187 89 1201 53 758 1072 261 12 15
94 1 12 19 1270 0 1506 630 68 54 25 100 7 1289 9862 34 97 14 45 77 6 858 3 569
95 1 13 12 19 4 1270 0 2 362 630 1138 25 121 8 100 1424 65
96 0 742 21 1137 1485 1 4 152 39 204 705 1077 97 7328 3204 586 120 214 13 3 22 2 1558 1138
97 0 955 3713 742 32 1485 122 152 705 1077 97 7328 3204 546 214 190 3 1199 384 360 1558 5 23 270 3771 47 869 1 4962 82
98 3 2 0 6 341 29 452 338 5 524 1 5675 4581 16 1329 26
99 36 5485 13 1 0 25 3849 1813 90 6 2568 975 40 105 1756 18
